#
# There is insufficient memory for the Java Runtime Environment to continue.
# Native memory allocation (malloc) failed to allocate 32744 bytes. Error detail: Chunk::new
# Possible reasons:
#   The system is out of physical RAM or swap space
#   This process is running with CompressedOops enabled, and the Java Heap may be blocking the growth of the native heap
# Possible solutions:
#   Reduce memory load on the system
#   Increase physical memory or swap space
#   Check if swap backing store is full
#   Decrease Java heap size (-Xmx/-Xms)
#   Decrease number of Java threads
#   Decrease Java thread stack sizes (-Xss)
#   Set larger code cache with -XX:ReservedCodeCacheSize=
#   JVM is running with Unscaled Compressed Oops mode in which the Java heap is
#     placed in the first 4GB address space. The Java Heap base address is the
#     maximum limit for the native heap growth. Please use -XX:HeapBaseMinAddress
#     to set the Java Heap base and to place the Java Heap above 4GB virtual address.
# This output file may be truncated or incomplete.
#
#  Out of Memory Error (arena.cpp:149), pid=1988, tid=3612
#
# JRE version: Java(TM) SE Runtime Environment (23.0.2+7) (build 23.0.2+7-58)
# Java VM: Java HotSpot(TM) 64-Bit Server VM (23.0.2+7-58, mixed mode, sharing, tiered, compressed oops, compressed class ptrs, g1 gc, windows-amd64)
# No core dump will be written. Minidumps are not enabled by default on client versions of Windows
#

---------------  S U M M A R Y ------------

Command Line: -Xmx64m -Xms64m -Dorg.gradle.appname=gradlew org.gradle.wrapper.GradleWrapperMain app:installDebug -PreactNativeDevServerPort=8081

Host: 12th Gen Intel(R) Core(TM) i5-12600K, 16 cores, 15G,  Windows 11 , 64 bit Build 26100 (10.0.26100.3037)
Time: Sun Mar  9 20:37:05 2025 India Standard Time elapsed time: 29.150003 seconds (0d 0h 0m 29s)

---------------  T H R E A D  ---------------

Current thread (0x0000020d7bb47930):  JavaThread "C1 CompilerThread0" daemon [_thread_in_native, id=3612, stack(0x000000de5d100000,0x000000de5d200000) (1024K)]


Current CompileTask:
C1:29150 2728   !   3       sun.nio.cs.StreamEncoder::write (82 bytes)

Stack: [0x000000de5d100000,0x000000de5d200000]
Native frames: (J=compiled Java code, j=interpreted, Vv=VM code, C=native code)
V  [jvm.dll+0x6e0b99]  (no source info available)
V  [jvm.dll+0x87e2b3]  (no source info available)
V  [jvm.dll+0x88073e]  (no source info available)
V  [jvm.dll+0x880e13]  (no source info available)
V  [jvm.dll+0x27b006]  (no source info available)
V  [jvm.dll+0xbc06f]  (no source info available)
V  [jvm.dll+0xbc2cb]  (no source info available)
V  [jvm.dll+0x17b12f]  (no source info available)
V  [jvm.dll+0x1878da]  (no source info available)
V  [jvm.dll+0x18c2f3]  (no source info available)
V  [jvm.dll+0x17a44e]  (no source info available)
V  [jvm.dll+0x1685c0]  (no source info available)
V  [jvm.dll+0x1509bf]  (no source info available)
V  [jvm.dll+0x15022f]  (no source info available)
V  [jvm.dll+0x1504db]  (no source info available)
V  [jvm.dll+0x14f8a8]  (no source info available)
V  [jvm.dll+0x1516ed]  (no source info available)
V  [jvm.dll+0x253df1]  (no source info available)
V  [jvm.dll+0x2520aa]  (no source info available)
V  [jvm.dll+0x3ee226]  (no source info available)
V  [jvm.dll+0x8254cb]  (no source info available)
V  [jvm.dll+0x6df345]  (no source info available)
C  [ucrtbase.dll+0x37b0]  (no source info available)
C  [KERNEL32.DLL+0x2e8d7]  (no source info available)
C  [ntdll.dll+0xbbf2c]  (no source info available)

Lock stack of current Java thread (top to bottom):


---------------  P R O C E S S  ---------------

Threads class SMR info:
_java_thread_list=0x0000020d1798bf50, length=13, elements={
0x0000020d778cf3d0, 0x0000020d7bb36e00, 0x0000020d7bb37860, 0x0000020d7bb38c60,
0x0000020d7bb39920, 0x0000020d7bb3a6d0, 0x0000020d7bb3b260, 0x0000020d7bb44000,
0x0000020d7bb47930, 0x0000020d17832050, 0x0000020d17836710, 0x0000020d5ddd2110,
0x0000020d5dbf6010
}

Java Threads: ( => current thread )
  0x0000020d778cf3d0 JavaThread "main"                              [_thread_blocked, id=14112, stack(0x000000de5c200000,0x000000de5c300000) (1024K)]
  0x0000020d7bb36e00 JavaThread "Reference Handler"          daemon [_thread_blocked, id=14196, stack(0x000000de5ca00000,0x000000de5cb00000) (1024K)]
  0x0000020d7bb37860 JavaThread "Finalizer"                  daemon [_thread_blocked, id=1592, stack(0x000000de5cb00000,0x000000de5cc00000) (1024K)]
  0x0000020d7bb38c60 JavaThread "Signal Dispatcher"          daemon [_thread_blocked, id=15536, stack(0x000000de5cc00000,0x000000de5cd00000) (1024K)]
  0x0000020d7bb39920 JavaThread "Attach Listener"            daemon [_thread_blocked, id=5684, stack(0x000000de5cd00000,0x000000de5ce00000) (1024K)]
  0x0000020d7bb3a6d0 JavaThread "Service Thread"             daemon [_thread_blocked, id=9472, stack(0x000000de5ce00000,0x000000de5cf00000) (1024K)]
  0x0000020d7bb3b260 JavaThread "Monitor Deflation Thread"   daemon [_thread_blocked, id=10652, stack(0x000000de5cf00000,0x000000de5d000000) (1024K)]
  0x0000020d7bb44000 JavaThread "C2 CompilerThread0"         daemon [_thread_blocked, id=3320, stack(0x000000de5d000000,0x000000de5d100000) (1024K)]
=>0x0000020d7bb47930 JavaThread "C1 CompilerThread0"         daemon [_thread_in_native, id=3612, stack(0x000000de5d100000,0x000000de5d200000) (1024K)]
  0x0000020d17832050 JavaThread "Notification Thread"        daemon [_thread_blocked, id=3648, stack(0x000000de5d300000,0x000000de5d400000) (1024K)]
  0x0000020d17836710 JavaThread "Common-Cleaner"             daemon [_thread_blocked, id=1608, stack(0x000000de5d400000,0x000000de5d500000) (1024K)]
  0x0000020d5ddd2110 JavaThread "Logging-Cleaner"                   [_thread_new, id=13976, stack(0x0000000000000000,0x0000000000000000) (0B)]
  0x0000020d5dbf6010 JavaThread "Thread-0"                          [_thread_new, id=14476, stack(0x0000000000000000,0x0000000000000000) (0B)]
Total: 13

Other Threads:
  0x0000020d7bb1b2f0 VMThread "VM Thread"                           [id=12332, stack(0x000000de5c900000,0x000000de5ca00000) (1024K)]
  0x0000020d7bb06d00 WatcherThread "VM Periodic Task Thread"        [id=12148, stack(0x000000de5c800000,0x000000de5c900000) (1024K)]
  0x0000020d778ebe00 WorkerThread "GC Thread#0"                     [id=6140, stack(0x000000de5c300000,0x000000de5c400000) (1024K)]
  0x0000020d5d622160 WorkerThread "GC Thread#1"                     [id=15856, stack(0x000000de5db00000,0x000000de5dc00000) (1024K)]
  0x0000020d5d62de80 WorkerThread "GC Thread#2"                     [id=14620, stack(0x000000de5dc00000,0x000000de5dd00000) (1024K)]
  0x0000020d5d6c99d0 WorkerThread "GC Thread#3"                     [id=4540, stack(0x000000de5dd00000,0x000000de5de00000) (1024K)]
  0x0000020d5ddd4930 WorkerThread "GC Thread#4"                     [id=12396, stack(0x000000de5e000000,0x000000de5e100000) (1024K)]
  0x0000020d5ddd4ce0 WorkerThread "GC Thread#5"                     [id=8528, stack(0x000000de5e100000,0x000000de5e200000) (1024K)]
  0x0000020d5ddd5f50 WorkerThread "GC Thread#6"                     [id=13388, stack(0x000000de5e200000,0x000000de5e300000) (1024K)]
  0x0000020d5ddd5440 WorkerThread "GC Thread#7"                     [id=14592, stack(0x000000de5e300000,0x000000de5e400000) (1024K)]
  0x0000020d778ed760 ConcurrentGCThread "G1 Main Marker"            [id=4616, stack(0x000000de5c400000,0x000000de5c500000) (1024K)]
  0x0000020d778eff50 WorkerThread "G1 Conc#0"                       [id=14104, stack(0x000000de5c500000,0x000000de5c600000) (1024K)]
  0x0000020d77989860 ConcurrentGCThread "G1 Refine#0"               [id=11176, stack(0x000000de5c600000,0x000000de5c700000) (1024K)]
  0x0000020d7b9e1890 ConcurrentGCThread "G1 Service"                [id=12216, stack(0x000000de5c700000,0x000000de5c800000) (1024K)]
Total: 14

Threads with active compile tasks:
C1 CompilerThread0  29708 2728   !   3       sun.nio.cs.StreamEncoder::write (82 bytes)
Total: 1

VM state: not at safepoint (normal execution)

VM Mutex/Monitor currently owned by a thread: None

Heap address: 0x00000000fc000000, size: 64 MB, Compressed Oops mode: 32-bit

CDS archive(s) mapped at: [0x0000020d18000000-0x0000020d18d70000-0x0000020d18d70000), size 14090240, SharedBaseAddress: 0x0000020d18000000, ArchiveRelocationMode: 1.
Compressed class space mapped at: 0x0000020d19000000-0x0000020d59000000, reserved size: 1073741824
Narrow klass base: 0x0000020d18000000, Narrow klass shift: 0, Narrow klass range: 0x41000000

GC Precious Log:
 CardTable entry size: 512
 Card Set container configuration: InlinePtr #cards 5 size 8 Array Of Cards #cards 10 size 36 Howl #buckets 4 coarsen threshold 1843 Howl Bitmap #cards 512 size 80 coarsen threshold 460 Card regions per heap region 1 cards per card region 2048
 CPUs: 16 total, 16 available
 Memory: 16165M
 Large Page Support: Disabled
 NUMA Support: Disabled
 Compressed Oops: Enabled (32-bit)
 Heap Region Size: 1M
 Heap Min Capacity: 64M
 Heap Initial Capacity: 64M
 Heap Max Capacity: 64M
 Pre-touch: Disabled
 Parallel Workers: 13
 Concurrent Workers: 3
 Concurrent Refinement Workers: 13
 Periodic GC: Disabled

Heap:
 garbage-first heap   total reserved 65536K, committed 65536K, used 29469K [0x00000000fc000000, 0x0000000100000000)
  region size 1024K, 22 young (22528K), 4 survivors (4096K)
 Metaspace       used 11595K, committed 11968K, reserved 1114112K
  class space    used 1530K, committed 1728K, reserved 1048576K

Heap Regions: E=young(eden), S=young(survivor), O=old, HS=humongous(starts), HC=humongous(continues), CS=collection set, F=free, TAMS=top-at-mark-start, PB=parsable bottom
|   0|0x00000000fc000000, 0x00000000fc100000, 0x00000000fc100000|100%| O|  |TAMS 0x00000000fc000000| PB 0x00000000fc000000| Untracked |  0
|   1|0x00000000fc100000, 0x00000000fc200000, 0x00000000fc200000|100%| O|  |TAMS 0x00000000fc100000| PB 0x00000000fc100000| Untracked |  0
|   2|0x00000000fc200000, 0x00000000fc300000, 0x00000000fc300000|100%|HS|  |TAMS 0x00000000fc200000| PB 0x00000000fc200000| Complete |  0
|   3|0x00000000fc300000, 0x00000000fc400000, 0x00000000fc400000|100%|HC|  |TAMS 0x00000000fc300000| PB 0x00000000fc300000| Complete |  0
|   4|0x00000000fc400000, 0x00000000fc500000, 0x00000000fc500000|100%|HC|  |TAMS 0x00000000fc400000| PB 0x00000000fc400000| Complete |  0
|   5|0x00000000fc500000, 0x00000000fc600000, 0x00000000fc600000|100%| O|  |TAMS 0x00000000fc500000| PB 0x00000000fc500000| Untracked |  0
|   6|0x00000000fc600000, 0x00000000fc700000, 0x00000000fc700000|100%| O|  |TAMS 0x00000000fc600000| PB 0x00000000fc600000| Untracked |  0
|   7|0x00000000fc700000, 0x00000000fc7c76e0, 0x00000000fc800000| 77%| O|  |TAMS 0x00000000fc700000| PB 0x00000000fc700000| Untracked |  0
|   8|0x00000000fc800000, 0x00000000fc800000, 0x00000000fc900000|  0%| F|  |TAMS 0x00000000fc800000| PB 0x00000000fc800000| Untracked |  0
|   9|0x00000000fc900000, 0x00000000fc900000, 0x00000000fca00000|  0%| F|  |TAMS 0x00000000fc900000| PB 0x00000000fc900000| Untracked |  0
|  10|0x00000000fca00000, 0x00000000fca00000, 0x00000000fcb00000|  0%| F|  |TAMS 0x00000000fca00000| PB 0x00000000fca00000| Untracked |  0
|  11|0x00000000fcb00000, 0x00000000fcb00000, 0x00000000fcc00000|  0%| F|  |TAMS 0x00000000fcb00000| PB 0x00000000fcb00000| Untracked |  0
|  12|0x00000000fcc00000, 0x00000000fcc00000, 0x00000000fcd00000|  0%| F|  |TAMS 0x00000000fcc00000| PB 0x00000000fcc00000| Untracked |  0
|  13|0x00000000fcd00000, 0x00000000fcd00000, 0x00000000fce00000|  0%| F|  |TAMS 0x00000000fcd00000| PB 0x00000000fcd00000| Untracked |  0
|  14|0x00000000fce00000, 0x00000000fce00000, 0x00000000fcf00000|  0%| F|  |TAMS 0x00000000fce00000| PB 0x00000000fce00000| Untracked |  0
|  15|0x00000000fcf00000, 0x00000000fcf00000, 0x00000000fd000000|  0%| F|  |TAMS 0x00000000fcf00000| PB 0x00000000fcf00000| Untracked |  0
|  16|0x00000000fd000000, 0x00000000fd000000, 0x00000000fd100000|  0%| F|  |TAMS 0x00000000fd000000| PB 0x00000000fd000000| Untracked |  0
|  17|0x00000000fd100000, 0x00000000fd100000, 0x00000000fd200000|  0%| F|  |TAMS 0x00000000fd100000| PB 0x00000000fd100000| Untracked |  0
|  18|0x00000000fd200000, 0x00000000fd200000, 0x00000000fd300000|  0%| F|  |TAMS 0x00000000fd200000| PB 0x00000000fd200000| Untracked |  0
|  19|0x00000000fd300000, 0x00000000fd300000, 0x00000000fd400000|  0%| F|  |TAMS 0x00000000fd300000| PB 0x00000000fd300000| Untracked |  0
|  20|0x00000000fd400000, 0x00000000fd400000, 0x00000000fd500000|  0%| F|  |TAMS 0x00000000fd400000| PB 0x00000000fd400000| Untracked |  0
|  21|0x00000000fd500000, 0x00000000fd500000, 0x00000000fd600000|  0%| F|  |TAMS 0x00000000fd500000| PB 0x00000000fd500000| Untracked |  0
|  22|0x00000000fd600000, 0x00000000fd600000, 0x00000000fd700000|  0%| F|  |TAMS 0x00000000fd600000| PB 0x00000000fd600000| Untracked |  0
|  23|0x00000000fd700000, 0x00000000fd700000, 0x00000000fd800000|  0%| F|  |TAMS 0x00000000fd700000| PB 0x00000000fd700000| Untracked |  0
|  24|0x00000000fd800000, 0x00000000fd800000, 0x00000000fd900000|  0%| F|  |TAMS 0x00000000fd800000| PB 0x00000000fd800000| Untracked |  0
|  25|0x00000000fd900000, 0x00000000fd900000, 0x00000000fda00000|  0%| F|  |TAMS 0x00000000fd900000| PB 0x00000000fd900000| Untracked |  0
|  26|0x00000000fda00000, 0x00000000fda00000, 0x00000000fdb00000|  0%| F|  |TAMS 0x00000000fda00000| PB 0x00000000fda00000| Untracked |  0
|  27|0x00000000fdb00000, 0x00000000fdb00000, 0x00000000fdc00000|  0%| F|  |TAMS 0x00000000fdb00000| PB 0x00000000fdb00000| Untracked |  0
|  28|0x00000000fdc00000, 0x00000000fdc00000, 0x00000000fdd00000|  0%| F|  |TAMS 0x00000000fdc00000| PB 0x00000000fdc00000| Untracked |  0
|  29|0x00000000fdd00000, 0x00000000fdd00000, 0x00000000fde00000|  0%| F|  |TAMS 0x00000000fdd00000| PB 0x00000000fdd00000| Untracked |  0
|  30|0x00000000fde00000, 0x00000000fde00000, 0x00000000fdf00000|  0%| F|  |TAMS 0x00000000fde00000| PB 0x00000000fde00000| Untracked |  0
|  31|0x00000000fdf00000, 0x00000000fdf00000, 0x00000000fe000000|  0%| F|  |TAMS 0x00000000fdf00000| PB 0x00000000fdf00000| Untracked |  0
|  32|0x00000000fe000000, 0x00000000fe000000, 0x00000000fe100000|  0%| F|  |TAMS 0x00000000fe000000| PB 0x00000000fe000000| Untracked |  0
|  33|0x00000000fe100000, 0x00000000fe100000, 0x00000000fe200000|  0%| F|  |TAMS 0x00000000fe100000| PB 0x00000000fe100000| Untracked |  0
|  34|0x00000000fe200000, 0x00000000fe300000, 0x00000000fe300000|100%| S|CS|TAMS 0x00000000fe200000| PB 0x00000000fe200000| Complete |  0
|  35|0x00000000fe300000, 0x00000000fe400000, 0x00000000fe400000|100%| S|CS|TAMS 0x00000000fe300000| PB 0x00000000fe300000| Complete |  0
|  36|0x00000000fe400000, 0x00000000fe500000, 0x00000000fe500000|100%| S|CS|TAMS 0x00000000fe400000| PB 0x00000000fe400000| Complete |  0
|  37|0x00000000fe500000, 0x00000000fe500000, 0x00000000fe600000|  0%| F|  |TAMS 0x00000000fe500000| PB 0x00000000fe500000| Untracked |  0
|  38|0x00000000fe600000, 0x00000000fe600000, 0x00000000fe700000|  0%| F|  |TAMS 0x00000000fe600000| PB 0x00000000fe600000| Untracked |  0
|  39|0x00000000fe700000, 0x00000000fe700000, 0x00000000fe800000|  0%| F|  |TAMS 0x00000000fe700000| PB 0x00000000fe700000| Untracked |  0
|  40|0x00000000fe800000, 0x00000000fe900000, 0x00000000fe900000|100%| S|CS|TAMS 0x00000000fe800000| PB 0x00000000fe800000| Complete |  0
|  41|0x00000000fe900000, 0x00000000fe900000, 0x00000000fea00000|  0%| F|  |TAMS 0x00000000fe900000| PB 0x00000000fe900000| Untracked |  0
|  42|0x00000000fea00000, 0x00000000fea00000, 0x00000000feb00000|  0%| F|  |TAMS 0x00000000fea00000| PB 0x00000000fea00000| Untracked |  0
|  43|0x00000000feb00000, 0x00000000feb00000, 0x00000000fec00000|  0%| F|  |TAMS 0x00000000feb00000| PB 0x00000000feb00000| Untracked |  0
|  44|0x00000000fec00000, 0x00000000fec00000, 0x00000000fed00000|  0%| F|  |TAMS 0x00000000fec00000| PB 0x00000000fec00000| Untracked |  0
|  45|0x00000000fed00000, 0x00000000fed1aa18, 0x00000000fee00000| 10%| E|  |TAMS 0x00000000fed00000| PB 0x00000000fed00000| Complete |  0
|  46|0x00000000fee00000, 0x00000000fef00000, 0x00000000fef00000|100%| E|CS|TAMS 0x00000000fee00000| PB 0x00000000fee00000| Complete |  0
|  47|0x00000000fef00000, 0x00000000ff000000, 0x00000000ff000000|100%| E|CS|TAMS 0x00000000fef00000| PB 0x00000000fef00000| Complete |  0
|  48|0x00000000ff000000, 0x00000000ff100000, 0x00000000ff100000|100%| E|CS|TAMS 0x00000000ff000000| PB 0x00000000ff000000| Complete |  0
|  49|0x00000000ff100000, 0x00000000ff200000, 0x00000000ff200000|100%| E|CS|TAMS 0x00000000ff100000| PB 0x00000000ff100000| Complete |  0
|  50|0x00000000ff200000, 0x00000000ff300000, 0x00000000ff300000|100%| E|CS|TAMS 0x00000000ff200000| PB 0x00000000ff200000| Complete |  0
|  51|0x00000000ff300000, 0x00000000ff400000, 0x00000000ff400000|100%| E|CS|TAMS 0x00000000ff300000| PB 0x00000000ff300000| Complete |  0
|  52|0x00000000ff400000, 0x00000000ff500000, 0x00000000ff500000|100%| E|CS|TAMS 0x00000000ff400000| PB 0x00000000ff400000| Complete |  0
|  53|0x00000000ff500000, 0x00000000ff600000, 0x00000000ff600000|100%| E|CS|TAMS 0x00000000ff500000| PB 0x00000000ff500000| Complete |  0
|  54|0x00000000ff600000, 0x00000000ff700000, 0x00000000ff700000|100%| E|CS|TAMS 0x00000000ff600000| PB 0x00000000ff600000| Complete |  0
|  55|0x00000000ff700000, 0x00000000ff800000, 0x00000000ff800000|100%| E|CS|TAMS 0x00000000ff700000| PB 0x00000000ff700000| Complete |  0
|  56|0x00000000ff800000, 0x00000000ff900000, 0x00000000ff900000|100%| E|CS|TAMS 0x00000000ff800000| PB 0x00000000ff800000| Complete |  0
|  57|0x00000000ff900000, 0x00000000ffa00000, 0x00000000ffa00000|100%| E|CS|TAMS 0x00000000ff900000| PB 0x00000000ff900000| Complete |  0
|  58|0x00000000ffa00000, 0x00000000ffb00000, 0x00000000ffb00000|100%| E|CS|TAMS 0x00000000ffa00000| PB 0x00000000ffa00000| Complete |  0
|  59|0x00000000ffb00000, 0x00000000ffc00000, 0x00000000ffc00000|100%| E|CS|TAMS 0x00000000ffb00000| PB 0x00000000ffb00000| Complete |  0
|  60|0x00000000ffc00000, 0x00000000ffd00000, 0x00000000ffd00000|100%| E|CS|TAMS 0x00000000ffc00000| PB 0x00000000ffc00000| Complete |  0
|  61|0x00000000ffd00000, 0x00000000ffe00000, 0x00000000ffe00000|100%| E|CS|TAMS 0x00000000ffd00000| PB 0x00000000ffd00000| Complete |  0
|  62|0x00000000ffe00000, 0x00000000fff00000, 0x00000000fff00000|100%| E|CS|TAMS 0x00000000ffe00000| PB 0x00000000ffe00000| Complete |  0
|  63|0x00000000fff00000, 0x0000000100000000, 0x0000000100000000|100%| E|CS|TAMS 0x00000000fff00000| PB 0x00000000fff00000| Complete |  0

Card table byte_map: [0x0000020d78ac0000,0x0000020d78ae0000] _byte_map_base: 0x0000020d782e0000

Marking Bits: (CMBitMap*) 0x0000020d778ec420
 Bits: [0x0000020d78ae0000, 0x0000020d78be0000)

Polling page: 0x0000020d77ab0000

Metaspace:

Usage:
  Non-class:      9.83 MB used.
      Class:      1.49 MB used.
       Both:     11.32 MB used.

Virtual space:
  Non-class space:       64.00 MB reserved,      10.00 MB ( 16%) committed,  1 nodes.
      Class space:        1.00 GB reserved,       1.69 MB ( <1%) committed,  1 nodes.
             Both:        1.06 GB reserved,      11.69 MB (  1%) committed. 

Chunk freelists:
   Non-Class:  5.97 MB
       Class:  14.17 MB
        Both:  20.14 MB

MaxMetaspaceSize: unlimited
CompressedClassSpaceSize: 1.00 GB
Initial GC threshold: 21.00 MB
Current GC threshold: 21.00 MB
CDS: on
 - commit_granule_bytes: 65536.
 - commit_granule_words: 8192.
 - virtual_space_node_default_size: 8388608.
 - enlarge_chunks_in_place: 1.
 - use_allocation_guard: 0.


Internal statistics:

num_allocs_failed_limit: 0.
num_arena_births: 270.
num_arena_deaths: 0.
num_vsnodes_births: 2.
num_vsnodes_deaths: 0.
num_space_committed: 187.
num_space_uncommitted: 0.
num_chunks_returned_to_freelist: 0.
num_chunks_taken_from_freelist: 582.
num_chunk_merges: 0.
num_chunk_splits: 378.
num_chunks_enlarged: 279.
num_inconsistent_stats: 0.

CodeHeap 'non-profiled nmethods': size=119232Kb used=819Kb max_used=819Kb free=118412Kb
 bounds [0x0000020d10210000, 0x0000020d10480000, 0x0000020d17680000]
CodeHeap 'profiled nmethods': size=119104Kb used=4023Kb max_used=4023Kb free=115080Kb
 bounds [0x0000020d08680000, 0x0000020d08a70000, 0x0000020d0fad0000]
CodeHeap 'non-nmethods': size=7424Kb used=1440Kb max_used=3171Kb free=5983Kb
 bounds [0x0000020d0fad0000, 0x0000020d0fdf0000, 0x0000020d10210000]
CodeCache: size=245760Kb, used=6282Kb, max_used=8013Kb, free=239475Kb
 total_blobs=3263, nmethods=2728, adapters=440, full_count=0
Compilation: enabled, stopped_count=0, restarted_count=0

Compilation events (20 events):
Event: 27.135 Thread 0x0000020d7bb47930 2718       3       java.lang.invoke.LambdaFormEditor::bindArgumentType (101 bytes)
Event: 27.136 Thread 0x0000020d7bb44000 2723       4       java.util.ArrayList::isEmpty (13 bytes)
Event: 27.136 Thread 0x0000020d7bb47930 nmethod 2718 0x0000020d08a6ab88 code [0x0000020d08a6acc0, 0x0000020d08a6aed8]
Event: 27.136 Thread 0x0000020d7bb47930 2719       3       java.lang.invoke.LambdaFormEditor::bindArgumentForm (255 bytes)
Event: 27.136 Thread 0x0000020d7bb44000 nmethod 2723 0x0000020d102db908 code [0x0000020d102dba00, 0x0000020d102dba88]
Event: 27.136 Thread 0x0000020d7bb47930 nmethod 2719 0x0000020d08a6af08 code [0x0000020d08a6b240, 0x0000020d08a6c660]
Event: 27.136 Thread 0x0000020d7bb47930 2720       3       java.lang.invoke.LambdaFormEditor$TransformKey::of (49 bytes)
Event: 27.136 Thread 0x0000020d7bb47930 nmethod 2720 0x0000020d08a6c708 code [0x0000020d08a6c880, 0x0000020d08a6cdc8]
Event: 27.136 Thread 0x0000020d7bb47930 2721       3       java.lang.invoke.LambdaFormEditor$TransformKey::bval (26 bytes)
Event: 27.136 Thread 0x0000020d7bb47930 nmethod 2721 0x0000020d08a6ce08 code [0x0000020d08a6cf20, 0x0000020d08a6d028]
Event: 27.136 Thread 0x0000020d7bb47930 2722       3       java.lang.invoke.LambdaFormEditor$TransformKey::packedBytes (30 bytes)
Event: 27.136 Thread 0x0000020d7bb47930 nmethod 2722 0x0000020d08a6d108 code [0x0000020d08a6d220, 0x0000020d08a6d328]
Event: 27.136 Thread 0x0000020d7bb47930 2724       3       java.lang.invoke.InnerClassLambdaMetafactory::getOpcodeOffset (38 bytes)
Event: 27.137 Thread 0x0000020d7bb47930 nmethod 2724 0x0000020d08a6d408 code [0x0000020d08a6d540, 0x0000020d08a6d7e8]
Event: 27.137 Thread 0x0000020d7bb44000 2725       4       org.gradle.internal.logging.text.AbstractLineChoppingStyledTextOutput$1::execute (9 bytes)
Event: 27.137 Thread 0x0000020d7bb47930 2726       1       java.util.concurrent.CopyOnWriteArrayList::setArray (6 bytes)
Event: 27.137 Thread 0x0000020d7bb47930 nmethod 2726 0x0000020d102dbc08 code [0x0000020d102dbd20, 0x0000020d102dbe38]
Event: 27.138 Thread 0x0000020d7bb47930 2727       3       sun.nio.cs.StreamEncoder::write (37 bytes)
Event: 27.138 Thread 0x0000020d7bb47930 nmethod 2727 0x0000020d08a6d808 code [0x0000020d08a6d960, 0x0000020d08a6dcb8]
Event: 27.138 Thread 0x0000020d7bb47930 2728   !   3       sun.nio.cs.StreamEncoder::write (82 bytes)

GC Heap History (4 events):
Event: 0.224 GC heap before
{Heap before GC invocations=0 (full 0):
 garbage-first heap   total reserved 65536K, committed 65536K, used 23552K [0x00000000fc000000, 0x0000000100000000)
  region size 1024K, 24 young (24576K), 0 survivors (0K)
 Metaspace       used 1703K, committed 1920K, reserved 1114112K
  class space    used 152K, committed 256K, reserved 1048576K
}
Event: 0.227 GC heap after
{Heap after GC invocations=1 (full 0):
 garbage-first heap   total reserved 65536K, committed 65536K, used 4772K [0x00000000fc000000, 0x0000000100000000)
  region size 1024K, 3 young (3072K), 3 survivors (3072K)
 Metaspace       used 1703K, committed 1920K, reserved 1114112K
  class space    used 152K, committed 256K, reserved 1048576K
}
Event: 0.562 GC heap before
{Heap before GC invocations=1 (full 0):
 garbage-first heap   total reserved 65536K, committed 65536K, used 30372K [0x00000000fc000000, 0x0000000100000000)
  region size 1024K, 26 young (26624K), 3 survivors (3072K)
 Metaspace       used 7296K, committed 7616K, reserved 1114112K
  class space    used 1019K, committed 1152K, reserved 1048576K
}
Event: 0.565 GC heap after
{Heap after GC invocations=2 (full 0):
 garbage-first heap   total reserved 65536K, committed 65536K, used 12061K [0x00000000fc000000, 0x0000000100000000)
  region size 1024K, 4 young (4096K), 4 survivors (4096K)
 Metaspace       used 7296K, committed 7616K, reserved 1114112K
  class space    used 1019K, committed 1152K, reserved 1048576K
}

Dll operation events (13 events):
Event: 0.005 Loaded shared library C:\Program Files\Java\jdk-23\bin\java.dll
Event: 0.025 Loaded shared library C:\Program Files\Java\jdk-23\bin\jsvml.dll
Event: 0.033 Loaded shared library C:\Program Files\Java\jdk-23\bin\net.dll
Event: 0.034 Loaded shared library C:\Program Files\Java\jdk-23\bin\nio.dll
Event: 0.036 Loaded shared library C:\Program Files\Java\jdk-23\bin\zip.dll
Event: 0.038 Loaded shared library C:\Program Files\Java\jdk-23\bin\verify.dll
Event: 0.186 Loaded shared library C:\Program Files\Java\jdk-23\bin\jimage.dll
Event: 0.373 Loaded shared library C:\Program Files\Java\jdk-23\bin\management.dll
Event: 0.374 Loaded shared library C:\Program Files\Java\jdk-23\bin\management_ext.dll
Event: 0.410 Loaded shared library C:\Users\NAYIF\.gradle\native\1def1411415f61bf3af743bc5b6707747c0891f09f0c88961ee8f79bc544acac\windows-amd64\native-platform.dll
Event: 0.421 Loaded shared library C:\Users\NAYIF\.gradle\native\jansi\1.18\windows64\jansi.dll
Event: 0.700 Loaded shared library C:\Program Files\Java\jdk-23\bin\extnet.dll
Event: 1.963 Loaded shared library C:\Program Files\Java\jdk-23\bin\sunmscapi.dll

Deoptimization events (20 events):
Event: 1.977 Thread 0x0000020d778cf3d0 Uncommon trap: trap_request=0xffffffde fr.pc=0x0000020d102b348c relative=0x00000000000002ac
Event: 1.977 Thread 0x0000020d778cf3d0 Uncommon trap: reason=class_check action=maybe_recompile pc=0x0000020d102b348c method=java.util.regex.Pattern$BmpCharPropertyGreedy.match(Ljava/util/regex/Matcher;ILjava/lang/CharSequence;)Z @ 26 c2
Event: 1.977 Thread 0x0000020d778cf3d0 DEOPT PACKING pc=0x0000020d102b348c sp=0x000000de5c2fcf50
Event: 1.977 Thread 0x0000020d778cf3d0 DEOPT UNPACKING pc=0x0000020d0fb24402 sp=0x000000de5c2fcef8 mode 2
Event: 1.977 Thread 0x0000020d778cf3d0 Uncommon trap: trap_request=0xffffffde fr.pc=0x0000020d102b348c relative=0x00000000000002ac
Event: 1.977 Thread 0x0000020d778cf3d0 Uncommon trap: reason=class_check action=maybe_recompile pc=0x0000020d102b348c method=java.util.regex.Pattern$BmpCharPropertyGreedy.match(Ljava/util/regex/Matcher;ILjava/lang/CharSequence;)Z @ 26 c2
Event: 1.977 Thread 0x0000020d778cf3d0 DEOPT PACKING pc=0x0000020d102b348c sp=0x000000de5c2fd260
Event: 1.977 Thread 0x0000020d778cf3d0 DEOPT UNPACKING pc=0x0000020d0fb24402 sp=0x000000de5c2fd228 mode 2
Event: 1.977 Thread 0x0000020d778cf3d0 Uncommon trap: trap_request=0xffffffde fr.pc=0x0000020d102b348c relative=0x00000000000002ac
Event: 1.977 Thread 0x0000020d778cf3d0 Uncommon trap: reason=class_check action=maybe_recompile pc=0x0000020d102b348c method=java.util.regex.Pattern$BmpCharPropertyGreedy.match(Ljava/util/regex/Matcher;ILjava/lang/CharSequence;)Z @ 26 c2
Event: 1.977 Thread 0x0000020d778cf3d0 DEOPT PACKING pc=0x0000020d102b348c sp=0x000000de5c2fcf50
Event: 1.977 Thread 0x0000020d778cf3d0 DEOPT UNPACKING pc=0x0000020d0fb24402 sp=0x000000de5c2fcef8 mode 2
Event: 1.977 Thread 0x0000020d778cf3d0 DEOPT PACKING pc=0x0000020d08999b32 sp=0x000000de5c2f98c0
Event: 1.977 Thread 0x0000020d778cf3d0 DEOPT UNPACKING pc=0x0000020d0fb24b22 sp=0x000000de5c2f8dd0 mode 0
Event: 1.977 Thread 0x0000020d778cf3d0 DEOPT PACKING pc=0x0000020d08999b32 sp=0x000000de5c2f97f0
Event: 1.977 Thread 0x0000020d778cf3d0 DEOPT UNPACKING pc=0x0000020d0fb24b22 sp=0x000000de5c2f8d00 mode 0
Event: 27.109 Thread 0x0000020d778cf3d0 Uncommon trap: trap_request=0xffffff45 fr.pc=0x0000020d102d8750 relative=0x00000000000002f0
Event: 27.109 Thread 0x0000020d778cf3d0 Uncommon trap: reason=unstable_if action=reinterpret pc=0x0000020d102d8750 method=com.esotericsoftware.kryo.io.Input.require(I)I @ 180 c2
Event: 27.109 Thread 0x0000020d778cf3d0 DEOPT PACKING pc=0x0000020d102d8750 sp=0x000000de5c2fe1b0
Event: 27.109 Thread 0x0000020d778cf3d0 DEOPT UNPACKING pc=0x0000020d0fb24402 sp=0x000000de5c2fe018 mode 2

Classes loaded (20 events):
Event: 27.113 Loading class sun/nio/fs/WindowsChannelFactory
Event: 27.113 Loading class sun/nio/fs/WindowsChannelFactory done
Event: 27.113 Loading class sun/nio/fs/WindowsChannelFactory$1
Event: 27.113 Loading class sun/nio/fs/WindowsChannelFactory$1 done
Event: 27.113 Loading class sun/nio/fs/WindowsChannelFactory$Flags
Event: 27.113 Loading class sun/nio/fs/WindowsChannelFactory$Flags done
Event: 27.113 Loading class sun/nio/fs/WindowsChannelFactory$2
Event: 27.113 Loading class sun/nio/fs/WindowsChannelFactory$2 done
Event: 27.113 Loading class sun/nio/ch/FileChannelImpl$Closer
Event: 27.113 Loading class sun/nio/ch/FileChannelImpl$Closer done
Event: 27.114 Loading class java/util/stream/Streams$1
Event: 27.115 Loading class java/util/stream/Streams$1 done
Event: 27.118 Loading class java/nio/file/FileChannelLinesSpliterator$1
Event: 27.118 Loading class java/nio/file/FileChannelLinesSpliterator$1 done
Event: 27.118 Loading class java/nio/channels/Channels
Event: 27.119 Loading class java/nio/channels/Channels done
Event: 27.119 Loading class java/io/FileReader
Event: 27.119 Loading class java/io/FileReader done
Event: 27.125 Loading class java/util/concurrent/ConcurrentLinkedQueue$Itr
Event: 27.125 Loading class java/util/concurrent/ConcurrentLinkedQueue$Itr done

Classes unloaded (0 events):
No events

Classes redefined (0 events):
No events

Internal exceptions (20 events):
Event: 0.462 Thread 0x0000020d778cf3d0 Exception <a 'java/lang/NoSuchMethodError'{0x00000000fef70668}: 'java.lang.Object java.lang.invoke.Invokers$Holder.invokeExact_MT(java.lang.Object, java.lang.Object, java.lang.Object, java.lang.Object, java.lang.Object)'> (0x00000000fef70668) 
thrown [s\open\src\hotspot\share\interpreter\linkResolver.cpp, line 796]
Event: 0.468 Thread 0x0000020d778cf3d0 Exception <a 'java/lang/NoSuchMethodError'{0x00000000fefa9dd0}: 'java.lang.Object java.lang.invoke.DirectMethodHandle$Holder.invokeVirtual(java.lang.Object, java.lang.Object, java.lang.Object, java.lang.Object, java.lang.Object, java.lang.Object, java.lang.Object)'> (0x00000000fefa9dd0) 
thrown [s\open\src\hotspot\share\interpreter\linkResolver.cpp, line 796]
Event: 0.472 Thread 0x0000020d778cf3d0 Exception <a 'java/lang/NoSuchMethodError'{0x00000000fefe7f50}: 'java.lang.Object java.lang.invoke.DirectMethodHandle$Holder.invokeVirtual(java.lang.Object, java.lang.Object, java.lang.Object, java.lang.Object)'> (0x00000000fefe7f50) 
thrown [s\open\src\hotspot\share\interpreter\linkResolver.cpp, line 796]
Event: 0.502 Thread 0x0000020d778cf3d0 Exception <a 'java/lang/NoSuchMethodError'{0x00000000fec15c60}: 'java.lang.Object java.lang.invoke.DirectMethodHandle$Holder.invokeVirtual(java.lang.Object, java.lang.Object, java.lang.Object, java.lang.Object, java.lang.Object)'> (0x00000000fec15c60) 
thrown [s\open\src\hotspot\share\interpreter\linkResolver.cpp, line 796]
Event: 0.546 Thread 0x0000020d778cf3d0 Exception <a 'java/lang/NoSuchMethodError'{0x00000000feae9108}: 'java.lang.Object java.lang.invoke.DirectMethodHandle$Holder.invokeVirtual(java.lang.Object, java.lang.Object, java.lang.Object, java.lang.Object, java.lang.Object, java.lang.Object)'> (0x00000000feae9108) 
thrown [s\open\src\hotspot\share\interpreter\linkResolver.cpp, line 796]
Event: 0.554 Thread 0x0000020d778cf3d0 Exception <a 'java/lang/NoSuchMethodError'{0x00000000fe96bcb0}: 'java.lang.Object java.lang.invoke.DirectMethodHandle$Holder.invokeSpecialIFC(java.lang.Object, java.lang.Object, java.lang.Object, java.lang.Object)'> (0x00000000fe96bcb0) 
thrown [s\open\src\hotspot\share\interpreter\linkResolver.cpp, line 796]
Event: 0.555 Thread 0x0000020d778cf3d0 Exception <a 'java/lang/NoSuchMethodError'{0x00000000fe975348}: 'java.lang.Object java.lang.invoke.DirectMethodHandle$Holder.invokeVirtual(java.lang.Object, java.lang.Object, java.lang.Object, java.lang.Object, java.lang.Object, java.lang.Object, java.lang.Object, java.lang.Object)'> (0x00000000fe975348) 
thrown [s\open\src\hotspot\share\interpreter\linkResolver.cpp, line 796]
Event: 0.561 Thread 0x0000020d778cf3d0 Exception <a 'java/lang/NoSuchMethodError'{0x00000000fe9daf78}: 'java.lang.Object java.lang.invoke.DirectMethodHandle$Holder.invokeVirtual(java.lang.Object, java.lang.Object, java.lang.Object, java.lang.Object, java.lang.Object, java.lang.Object, java.lang.Object, java.lang.Object, java.lang.Object)'> (0x00000000fe9daf78) 
thrown [s\open\src\hotspot\share\interpreter\linkResolver.cpp, line 796]
Event: 0.600 Thread 0x0000020d778cf3d0 Exception <a 'java/lang/NoSuchMethodError'{0x00000000ffda2700}: 'java.lang.Object java.lang.invoke.DirectMethodHandle$Holder.invokeStaticInit(java.lang.Object, int, int, int, int)'> (0x00000000ffda2700) 
thrown [s\open\src\hotspot\share\interpreter\linkResolver.cpp, line 796]
Event: 0.689 Thread 0x0000020d778cf3d0 Exception <a 'java/lang/NoSuchMethodError'{0x00000000ffc8de20}: 'java.lang.Object java.lang.invoke.DirectMethodHandle$Holder.invokeStaticInit(java.lang.Object, java.lang.Object, int, int, int, int)'> (0x00000000ffc8de20) 
thrown [s\open\src\hotspot\share\interpreter\linkResolver.cpp, line 796]
Event: 0.716 Thread 0x0000020d778cf3d0 Implicit null exception at 0x0000020d1024f474 to 0x0000020d1024fa14
Event: 0.717 Thread 0x0000020d778cf3d0 Implicit null exception at 0x0000020d1025b870 to 0x0000020d1025be08
Event: 0.781 Thread 0x0000020d778cf3d0 Exception <a 'java/lang/NoSuchMethodError'{0x00000000ff80fc88}: 'void java.lang.invoke.DirectMethodHandle$Holder.invokeInterface(java.lang.Object, java.lang.Object, java.lang.Object)'> (0x00000000ff80fc88) 
thrown [s\open\src\hotspot\share\interpreter\linkResolver.cpp, line 796]
Event: 0.839 Thread 0x0000020d5e313820 Exception <a 'java/lang/NoSuchMethodError'{0x00000000ff38f278}: 'void java.lang.invoke.DirectMethodHandle$Holder.invokeStatic(java.lang.Object, long)'> (0x00000000ff38f278) 
thrown [s\open\src\hotspot\share\interpreter\linkResolver.cpp, line 796]
Event: 0.840 Thread 0x0000020d5e313820 Exception <a 'java/lang/NoSuchMethodError'{0x00000000ff394670}: 'java.lang.Object java.lang.invoke.DirectMethodHandle$Holder.newInvokeSpecial(java.lang.Object, long)'> (0x00000000ff394670) 
thrown [s\open\src\hotspot\share\interpreter\linkResolver.cpp, line 796]
Event: 0.841 Thread 0x0000020d5e313820 Exception <a 'java/lang/NoSuchMethodError'{0x00000000ff39e980}: 'java.lang.Object java.lang.invoke.DirectMethodHandle$Holder.invokeStatic(java.lang.Object, long, java.lang.Object)'> (0x00000000ff39e980) 
thrown [s\open\src\hotspot\share\interpreter\linkResolver.cpp, line 796]
Event: 0.842 Thread 0x0000020d5e313820 Exception <a 'java/lang/NoSuchMethodError'{0x00000000ff3a2150}: 'java.lang.Object java.lang.invoke.DirectMethodHandle$Holder.invokeStaticInit(java.lang.Object, long, java.lang.Object)'> (0x00000000ff3a2150) 
thrown [s\open\src\hotspot\share\interpreter\linkResolver.cpp, line 796]
Event: 27.108 Thread 0x0000020d778cf3d0 Exception <a 'sun/net/ConnectionResetException'{0x00000000fef92308}: Connection reset> (0x00000000fef92308) 
thrown [s\open\src\hotspot\share\prims\jni.cpp, line 539]
Event: 27.121 Thread 0x0000020d778cf3d0 Exception <a 'java/lang/NoSuchMethodError'{0x00000000fee31d60}: 'int java.lang.invoke.DirectMethodHandle$Holder.invokeVirtual(java.lang.Object, java.lang.Object)'> (0x00000000fee31d60) 
thrown [s\open\src\hotspot\share\interpreter\linkResolver.cpp, line 796]
Event: 27.123 Thread 0x0000020d778cf3d0 Exception <a 'java/io/IOException'{0x00000000fee3be40}: Connection reset by peer> (0x00000000fee3be40) 
thrown [s\open\src\hotspot\share\prims\jni.cpp, line 539]

VM Operations (20 events):
Event: 0.545 Executing VM operation: HandshakeAllThreads (Deoptimize)
Event: 0.546 Executing VM operation: HandshakeAllThreads (Deoptimize) done
Event: 0.562 Executing VM operation: G1CollectForAllocation (G1 Evacuation Pause)
Event: 0.565 Executing VM operation: G1CollectForAllocation (G1 Evacuation Pause) done
Event: 0.610 Executing VM operation: HandshakeAllThreads (Deoptimize)
Event: 0.610 Executing VM operation: HandshakeAllThreads (Deoptimize) done
Event: 0.727 Executing VM operation: HandshakeAllThreads (Deoptimize)
Event: 0.727 Executing VM operation: HandshakeAllThreads (Deoptimize) done
Event: 0.779 Executing VM operation: HandshakeAllThreads (Deoptimize)
Event: 0.779 Executing VM operation: HandshakeAllThreads (Deoptimize) done
Event: 0.852 Executing VM operation: HandshakeAllThreads (Deoptimize)
Event: 0.852 Executing VM operation: HandshakeAllThreads (Deoptimize) done
Event: 0.944 Executing VM operation: HandshakeAllThreads (Deoptimize)
Event: 0.944 Executing VM operation: HandshakeAllThreads (Deoptimize) done
Event: 1.944 Executing VM operation: HandshakeAllThreads (Deoptimize)
Event: 1.944 Executing VM operation: HandshakeAllThreads (Deoptimize) done
Event: 1.972 Executing VM operation: HandshakeAllThreads (Deoptimize)
Event: 1.972 Executing VM operation: HandshakeAllThreads (Deoptimize) done
Event: 14.083 Executing VM operation: HandshakeAllThreads (Deoptimize)
Event: 14.083 Executing VM operation: HandshakeAllThreads (Deoptimize) done

Memory protections (0 events):
No events

Nmethod flushes (0 events):
No events

Events (20 events):
Event: 1.930 Thread 0x0000020d5d45a970 Thread exited: 0x0000020d5d45a970
Event: 1.930 Thread 0x0000020d5d1bdd50 Thread exited: 0x0000020d5d1bdd50
Event: 1.930 Thread 0x0000020d5d0382b0 Thread exited: 0x0000020d5d0382b0
Event: 1.930 Thread 0x0000020d5d037bf0 Thread exited: 0x0000020d5d037bf0
Event: 1.932 Thread 0x0000020d5e313820 Thread exited: 0x0000020d5e313820
Event: 1.932 Thread 0x0000020d5e054250 Thread exited: 0x0000020d5e054250
Event: 1.946 Thread 0x0000020d5d3091f0 Thread added: 0x0000020d5d30b400
Event: 1.958 Thread 0x0000020d7bbcbb70 Thread added: 0x0000020d5d308450
Event: 2.144 Thread 0x0000020d5d308450 Thread exited: 0x0000020d5d308450
Event: 2.240 Thread 0x0000020d5d30b400 Thread exited: 0x0000020d5d30b400
Event: 3.143 Thread 0x0000020d5d3091f0 Thread exited: 0x0000020d5d3091f0
Event: 3.935 Thread 0x0000020d5d30ad30 Thread exited: 0x0000020d5d30ad30
Event: 4.331 Thread 0x0000020d7bbcbb70 Thread exited: 0x0000020d7bbcbb70
Event: 17.242 Thread 0x0000020d7bb47930 Thread added: 0x0000020d5d308b20
Event: 17.984 Thread 0x0000020d7bb47930 Thread added: 0x0000020d5d30b400
Event: 17.984 Thread 0x0000020d5d308b20 Thread added: 0x0000020d5d3091f0
Event: 18.995 Thread 0x0000020d5d3091f0 Thread exited: 0x0000020d5d3091f0
Event: 24.341 Thread 0x0000020d5d30b400 Thread exited: 0x0000020d5d30b400
Event: 24.435 Thread 0x0000020d5d308b20 Thread exited: 0x0000020d5d308b20
Event: 27.138 Thread 0x0000020d5ddd2110 Thread exited: 0x0000020d5ddd2110


Dynamic libraries:
0x00007ff6e0ba0000 - 0x00007ff6e0bb0000 	C:\Program Files\Java\jdk-23\bin\java.exe
0x00007ffe110c0000 - 0x00007ffe11323000 	C:\WINDOWS\SYSTEM32\ntdll.dll
0x00007ffe0fcb0000 - 0x00007ffe0fd77000 	C:\WINDOWS\System32\KERNEL32.DLL
0x00007ffe0e660000 - 0x00007ffe0ea27000 	C:\WINDOWS\System32\KERNELBASE.dll
0x00007ffe0ed20000 - 0x00007ffe0ee6c000 	C:\WINDOWS\System32\ucrtbase.dll
0x00007ffe09390000 - 0x00007ffe093ab000 	C:\Program Files\Java\jdk-23\bin\VCRUNTIME140.dll
0x00007ffdfb140000 - 0x00007ffdfb157000 	C:\Program Files\Java\jdk-23\bin\jli.dll
0x00007ffe10d70000 - 0x00007ffe10f39000 	C:\WINDOWS\System32\USER32.dll
0x00007ffddbbf0000 - 0x00007ffddbe80000 	C:\WINDOWS\WinSxS\amd64_microsoft.windows.common-controls_6595b64144ccf1df_6.0.26100.3037_none_3e09262ce333c378\COMCTL32.dll
0x00007ffe0e460000 - 0x00007ffe0e487000 	C:\WINDOWS\System32\win32u.dll
0x00007ffe102f0000 - 0x00007ffe10399000 	C:\WINDOWS\System32\msvcrt.dll
0x00007ffe0f570000 - 0x00007ffe0f59a000 	C:\WINDOWS\System32\GDI32.dll
0x00007ffe0e530000 - 0x00007ffe0e65b000 	C:\WINDOWS\System32\gdi32full.dll
0x00007ffe0ec70000 - 0x00007ffe0ed13000 	C:\WINDOWS\System32\msvcp_win.dll
0x00007ffe0f470000 - 0x00007ffe0f49f000 	C:\WINDOWS\System32\IMM32.DLL
0x00007ffe093e0000 - 0x00007ffe093ec000 	C:\Program Files\Java\jdk-23\bin\vcruntime140_1.dll
0x00007ffdfa970000 - 0x00007ffdfa9fe000 	C:\Program Files\Java\jdk-23\bin\msvcp140.dll
0x00007ffdab970000 - 0x00007ffdac6c0000 	C:\Program Files\Java\jdk-23\bin\server\jvm.dll
0x00007ffe0f4b0000 - 0x00007ffe0f564000 	C:\WINDOWS\System32\ADVAPI32.dll
0x00007ffe10730000 - 0x00007ffe107d6000 	C:\WINDOWS\System32\sechost.dll
0x00007ffe10c50000 - 0x00007ffe10d66000 	C:\WINDOWS\System32\RPCRT4.dll
0x00007ffe10ff0000 - 0x00007ffe11064000 	C:\WINDOWS\System32\WS2_32.dll
0x00007ffe0d5a0000 - 0x00007ffe0d5ee000 	C:\WINDOWS\SYSTEM32\POWRPROF.dll
0x00007ffe06270000 - 0x00007ffe062a6000 	C:\WINDOWS\SYSTEM32\WINMM.dll
0x00007ffdf98e0000 - 0x00007ffdf98eb000 	C:\WINDOWS\SYSTEM32\VERSION.dll
0x00007ffe0d580000 - 0x00007ffe0d594000 	C:\WINDOWS\SYSTEM32\UMPDC.dll
0x00007ffe0d250000 - 0x00007ffe0d26a000 	C:\WINDOWS\SYSTEM32\kernel.appcore.dll
0x00007ffdfcfe0000 - 0x00007ffdfcfea000 	C:\Program Files\Java\jdk-23\bin\jimage.dll
0x00007ffe04770000 - 0x00007ffe049b1000 	C:\WINDOWS\SYSTEM32\DBGHELP.DLL
0x00007ffe103a0000 - 0x00007ffe1071e000 	C:\WINDOWS\System32\combase.dll
0x00007ffe0fd80000 - 0x00007ffe0fe56000 	C:\WINDOWS\System32\OLEAUT32.dll
0x00007ffdf5460000 - 0x00007ffdf5499000 	C:\WINDOWS\SYSTEM32\dbgcore.DLL
0x00007ffe0e490000 - 0x00007ffe0e529000 	C:\WINDOWS\System32\bcryptPrimitives.dll
0x00007ffdfacc0000 - 0x00007ffdfacde000 	C:\Program Files\Java\jdk-23\bin\java.dll
0x00007ffe10890000 - 0x00007ffe10a25000 	C:\WINDOWS\System32\ole32.dll
0x00007ffe0f5a0000 - 0x00007ffe0fca4000 	C:\WINDOWS\System32\SHELL32.dll
0x00007ffe0c140000 - 0x00007ffe0c977000 	C:\WINDOWS\SYSTEM32\windows.storage.dll
0x00007ffe10ae0000 - 0x00007ffe10bc9000 	C:\WINDOWS\System32\SHCORE.dll
0x00007ffe10a30000 - 0x00007ffe10a8d000 	C:\WINDOWS\System32\shlwapi.dll
0x00007ffe0e370000 - 0x00007ffe0e39e000 	C:\WINDOWS\SYSTEM32\profapi.dll
0x00007ffdfa890000 - 0x00007ffdfa967000 	C:\Program Files\Java\jdk-23\bin\jsvml.dll
0x00007ffdfcfb0000 - 0x00007ffdfcfc0000 	C:\Program Files\Java\jdk-23\bin\net.dll
0x00007ffe0d850000 - 0x00007ffe0d8ba000 	C:\WINDOWS\system32\mswsock.dll
0x00007ffdfaca0000 - 0x00007ffdfacb6000 	C:\Program Files\Java\jdk-23\bin\nio.dll
0x00007ffdfa870000 - 0x00007ffdfa887000 	C:\Program Files\Java\jdk-23\bin\zip.dll
0x00007ffdfa860000 - 0x00007ffdfa870000 	C:\Program Files\Java\jdk-23\bin\verify.dll
0x00007ffdfa850000 - 0x00007ffdfa85a000 	C:\Program Files\Java\jdk-23\bin\management.dll
0x00007ffdfa840000 - 0x00007ffdfa84b000 	C:\Program Files\Java\jdk-23\bin\management_ext.dll
0x00007ffe10fe0000 - 0x00007ffe10fe8000 	C:\WINDOWS\System32\PSAPI.DLL
0x00007ffdfa810000 - 0x00007ffdfa837000 	C:\Users\NAYIF\.gradle\native\1def1411415f61bf3af743bc5b6707747c0891f09f0c88961ee8f79bc544acac\windows-amd64\native-platform.dll
0x00007ffdfaa10000 - 0x00007ffdfaa1a000 	C:\Users\NAYIF\.gradle\native\jansi\1.18\windows64\jansi.dll
0x00007ffe0dc00000 - 0x00007ffe0dc1c000 	C:\WINDOWS\SYSTEM32\CRYPTSP.dll
0x00007ffe0d1b0000 - 0x00007ffe0d1e8000 	C:\WINDOWS\system32\rsaenh.dll
0x00007ffe0d8f0000 - 0x00007ffe0d91b000 	C:\WINDOWS\SYSTEM32\USERENV.dll
0x00007ffe0dd90000 - 0x00007ffe0ddb6000 	C:\WINDOWS\SYSTEM32\bcrypt.dll
0x00007ffe0da80000 - 0x00007ffe0da8c000 	C:\WINDOWS\SYSTEM32\CRYPTBASE.dll
0x00007ffe0ccc0000 - 0x00007ffe0ccf2000 	C:\WINDOWS\SYSTEM32\IPHLPAPI.DLL
0x00007ffe10f40000 - 0x00007ffe10f4a000 	C:\WINDOWS\System32\NSI.dll
0x00007ffdfa7f0000 - 0x00007ffdfa7f9000 	C:\Program Files\Java\jdk-23\bin\extnet.dll
0x00007ffdfa7d0000 - 0x00007ffdfa7de000 	C:\Program Files\Java\jdk-23\bin\sunmscapi.dll
0x00007ffe0ea30000 - 0x00007ffe0eba6000 	C:\WINDOWS\System32\CRYPT32.dll
0x00007ffe0dd50000 - 0x00007ffe0dd80000 	C:\WINDOWS\SYSTEM32\ncrypt.dll
0x00007ffe0dd00000 - 0x00007ffe0dd3f000 	C:\WINDOWS\SYSTEM32\NTASN1.dll
0x00007ffde3aa0000 - 0x00007ffde3aa8000 	C:\WINDOWS\system32\wshunix.dll

dbghelp: loaded successfully - version: 4.0.5 - missing functions: none
symbol engine: initialized successfully - sym options: 0x614 - pdb path: .;C:\Program Files\Java\jdk-23\bin;C:\WINDOWS\SYSTEM32;C:\WINDOWS\WinSxS\amd64_microsoft.windows.common-controls_6595b64144ccf1df_6.0.26100.3037_none_3e09262ce333c378;C:\Program Files\Java\jdk-23\bin\server;C:\Users\NAYIF\.gradle\native\1def1411415f61bf3af743bc5b6707747c0891f09f0c88961ee8f79bc544acac\windows-amd64;C:\Users\NAYIF\.gradle\native\jansi\1.18\windows64

VM Arguments:
jvm_args: -Xmx64m -Xms64m -Dorg.gradle.appname=gradlew 
java_command: org.gradle.wrapper.GradleWrapperMain app:installDebug -PreactNativeDevServerPort=8081
java_class_path (initial): F:\HuhU\android\\gradle\wrapper\gradle-wrapper.jar
Launcher Type: SUN_STANDARD

[Global flags]
     intx CICompilerCount                          = 12                                        {product} {ergonomic}
     uint ConcGCThreads                            = 3                                         {product} {ergonomic}
     uint G1ConcRefinementThreads                  = 13                                        {product} {ergonomic}
   size_t G1HeapRegionSize                         = 1048576                                   {product} {ergonomic}
   size_t InitialHeapSize                          = 67108864                                  {product} {command line}
   size_t MarkStackSize                            = 4194304                                   {product} {ergonomic}
   size_t MarkStackSizeMax                         = 536870912                                 {product} {ergonomic}
   size_t MaxHeapSize                              = 67108864                                  {product} {command line}
   size_t MaxNewSize                               = 39845888                                  {product} {ergonomic}
   size_t MinHeapDeltaBytes                        = 1048576                                   {product} {ergonomic}
   size_t MinHeapSize                              = 67108864                                  {product} {command line}
    uintx NonNMethodCodeHeapSize                   = 7602176                                {pd product} {ergonomic}
    uintx NonProfiledCodeHeapSize                  = 122093568                              {pd product} {ergonomic}
    uintx ProfiledCodeHeapSize                     = 121962496                              {pd product} {ergonomic}
    uintx ReservedCodeCacheSize                    = 251658240                              {pd product} {ergonomic}
     bool SegmentedCodeCache                       = true                                      {product} {ergonomic}
   size_t SoftMaxHeapSize                          = 67108864                               {manageable} {ergonomic}
     bool UseCompressedOops                        = true                           {product lp64_product} {ergonomic}
     bool UseG1GC                                  = true                                      {product} {ergonomic}
     bool UseLargePagesIndividualAllocation        = false                                  {pd product} {ergonomic}

Logging:
Log output configuration:
 #0: stdout all=warning uptime,level,tags foldmultilines=false
 #1: stderr all=off uptime,level,tags foldmultilines=false

Environment Variables:
JAVA_HOME=C:\Program Files\Java\jdk-23
CLASSPATH=F:\HuhU\android\\gradle\wrapper\gradle-wrapper.jar
PATH=F:\HuhU\node_modules\.bin;F:\HuhU\node_modules\.bin;F:\node_modules\.bin;C:\Users\NAYIF\AppData\Local\nvm\v22.13.0\node_modules\npm\node_modules\@npmcli\run-script\lib\node-gyp-bin;C:\Program Files\Common Files\Oracle\Java\javapath;C:\WINDOWS\system32;C:\WINDOWS;C:\WINDOWS\System32\Wbem;C:\WINDOWS\System32\WindowsPowerShell\v1.0\;C:\WINDOWS\System32\OpenSSH\;C:\Program Files\dotnet\;C:\Users\NAYIF\AppData\Local\nvm;C:\nvm4w\nodejs;C:\Program Files\nodejs\;C:\Program Files (x86)\Google\Cloud SDK\google-cloud-sdk\bin;C:\Program Files\Git\cmd;C:\flutter\flutter\bin;C:\Program Files (x86)\Windows Kits\10\Windows Performance Toolkit\;C:\nuget;C:\Program Files\Java\jdk-23\bin;C:\Program Files\MySQL\MySQL Server 8.0\bin;C:\Program Files\PostgreSQL\17\bin;C:\Program Files\Common Files\Oracle\Java\javapath;C:\WINDOWS\system32;C:\WINDOWS;C:\WINDOWS\System32\Wbem;C:\WINDOWS\System32\WindowsPowerShell\v1.0\;C:\WINDOWS\System32\OpenSSH\;C:\Program Files\dotnet\;C:\Users\NAYIF\AppData\Local\nvm;C:\nvm4w\nodejs;C:\Program Files\nodejs\;C:\Program Files\Docker\Docker\resources\bin;C:\Program Files (x86)\Google\Cloud SDK\google-cloud-sdk\bin;C:\Program Files\Git\cmd;C:\flutter\flutter\bin;C:\Program Files (x86)\Windows Kits\10\Windows Performance Toolkit\;C:\nuget;C:\Program Files\Java\jdk-23\bin;C:\Program Files\MySQL\MySQL Server 8.0\bin;C:\Users\NAYIF\AppData\Local\Programs\Python\Python313\Scripts\;C:\Users\NAYIF\AppData\Local\Programs\Python\Python313\;C:\Users\NAYIF\AppData\Local\Microsoft\WindowsApps;C:\Users\NAYIF\AppData\Local\nvm;C:\nvm4w\nodejs;C:\Users\NAYIF\AppData\Roaming\npm;C:\Users\NAYIF\AppData\Local\Programs\Microsoft VS Code Insiders\bin;C:\Users\NAYIF\AppData\Local\Android\Sdk\platform-tools;C:\Users\NAYIF\AppData\Local\Programs\cursor\resources\app\bin
USERNAME=NAYIF
LANG=en_US.UTF-8
OS=Windows_NT
PROCESSOR_IDENTIFIER=Intel64 Family 6 Model 151 Stepping 2, GenuineIntel
TMP=C:\Users\NAYIF\AppData\Local\Temp
TEMP=C:\Users\NAYIF\AppData\Local\Temp




Periodic native trim disabled

---------------  S Y S T E M  ---------------

OS:
 Windows 11 , 64 bit Build 26100 (10.0.26100.3037)
OS uptime: 0 days 1:41 hours
Hyper-V role detected

CPU: total 16 (initial active 16) (8 cores per cpu, 2 threads per core) family 6 model 151 stepping 2 microcode 0x28, cx8, cmov, fxsr, ht, mmx, 3dnowpref, sse, sse2, sse3, ssse3, sse4.1, sse4.2, popcnt, lzcnt, tsc, tscinvbit, avx, avx2, aes, erms, clmul, bmi1, bmi2, adx, sha, fma, vzeroupper, clflush, clflushopt, clwb, hv, serialize, rdtscp, rdpid, fsrm, gfni, f16c, cet_ibt, cet_ss
Processor Information for the first 16 processors :
  Max Mhz: 3700, Current Mhz: 3700, Mhz Limit: 3700

Memory: 4k page, system-wide physical 16165M (3771M free)
TotalPageFile size 16165M (AvailPageFile size 1129M)
current process WorkingSet (physical memory assigned to process): 110M, peak: 118M
current process commit charge ("private bytes"): 184M, peak: 192M

vm_info: Java HotSpot(TM) 64-Bit Server VM (23.0.2+7-58) for windows-amd64 JRE (23.0.2+7-58), built on 2024-11-29T09:34:55Z with MS VC++ 17.6 (VS2022)

END.
