#
# There is insufficient memory for the Java Runtime Environment to continue.
# Native memory allocation (mmap) failed to map 65536 bytes. Error detail: Failed to commit metaspace.
# Possible reasons:
#   The system is out of physical RAM or swap space
#   This process is running with CompressedOops enabled, and the Java Heap may be blocking the growth of the native heap
# Possible solutions:
#   Reduce memory load on the system
#   Increase physical memory or swap space
#   Check if swap backing store is full
#   Decrease Java heap size (-Xmx/-Xms)
#   Decrease number of Java threads
#   Decrease Java thread stack sizes (-Xss)
#   Set larger code cache with -XX:ReservedCodeCacheSize=
#   JVM is running with Unscaled Compressed Oops mode in which the Java heap is
#     placed in the first 4GB address space. The Java Heap base address is the
#     maximum limit for the native heap growth. Please use -XX:HeapBaseMinAddress
#     to set the Java Heap base and to place the Java Heap above 4GB virtual address.
# This output file may be truncated or incomplete.
#
#  Out of Memory Error (virtualSpaceNode.cpp:113), pid=12736, tid=3720
#
# JRE version: Java(TM) SE Runtime Environment (23.0.2+7) (build 23.0.2+7-58)
# Java VM: Java HotSpot(TM) 64-Bit Server VM (23.0.2+7-58, mixed mode, sharing, tiered, compressed oops, compressed class ptrs, g1 gc, windows-amd64)
# No core dump will be written. Minidumps are not enabled by default on client versions of Windows
#

---------------  S U M M A R Y ------------

Command Line: -Xmx64m -Xms64m -Dorg.gradle.appname=gradlew org.gradle.wrapper.GradleWrapperMain app:installDebug -PreactNativeDevServerPort=8081

Host: 12th Gen Intel(R) Core(TM) i5-12600K, 16 cores, 15G,  Windows 11 , 64 bit Build 26100 (10.0.26100.3037)
Time: Sun Mar  9 15:26:22 2025 India Standard Time elapsed time: 7.888013 seconds (0d 0h 0m 7s)

---------------  T H R E A D  ---------------

Current thread (0x0000023264702b20):  JavaThread "main"             [_thread_in_vm, id=3720, stack(0x0000006089700000,0x0000006089800000) (1024K)]

Stack: [0x0000006089700000,0x0000006089800000]
Native frames: (J=compiled Java code, j=interpreted, Vv=VM code, C=native code)
V  [jvm.dll+0x6e0b99]  (no source info available)
V  [jvm.dll+0x87e2b3]  (no source info available)
V  [jvm.dll+0x88073e]  (no source info available)
V  [jvm.dll+0x880e13]  (no source info available)
V  [jvm.dll+0x27b006]  (no source info available)
V  [jvm.dll+0x879ebe]  (no source info available)
V  [jvm.dll+0x6822f5]  (no source info available)
V  [jvm.dll+0x68235a]  (no source info available)
V  [jvm.dll+0x684b9a]  (no source info available)
V  [jvm.dll+0x221aec]  (no source info available)
V  [jvm.dll+0x682d0e]  (no source info available)
V  [jvm.dll+0x266480]  (no source info available)
V  [jvm.dll+0x212ac7]  (no source info available)
V  [jvm.dll+0x20822e]  (no source info available)
V  [jvm.dll+0x5be93f]  (no source info available)
V  [jvm.dll+0x219c3b]  (no source info available)
V  [jvm.dll+0x7f3670]  (no source info available)
V  [jvm.dll+0x7f4716]  (no source info available)
V  [jvm.dll+0x7f4d24]  (no source info available)
V  [jvm.dll+0x7f49a8]  (no source info available)
V  [jvm.dll+0x268acb]  (no source info available)
V  [jvm.dll+0x3d202e]  (no source info available)
C  0x00000232765bafcc  (no source info available)

The last pc belongs to new (printed below).
Java frames: (J=compiled Java code, j=interpreted, Vv=VM code)
j  java.lang.ProcessEnvironment.keySet()Ljava/util/Set;+0 java.base@23.0.2
j  java.util.Collections$UnmodifiableMap.keySet()Ljava/util/Set;+12 java.base@23.0.2
j  org.gradle.internal.remote.internal.inet.InetAddressFactory.findOpenshiftAddresses()Ljava/net/InetAddress;+3
j  org.gradle.internal.remote.internal.inet.InetAddressFactory.handleOpenshift()V+1
j  org.gradle.internal.remote.internal.inet.InetAddressFactory.init()V+55
j  org.gradle.internal.remote.internal.inet.InetAddressFactory.getWildcardBindingAddress()Ljava/net/InetAddress;+8
j  org.gradle.internal.service.scopes.BasicGlobalScopeServices$1.getWildcardBindingAddress()Ljava/net/InetAddress;+4
j  org.gradle.cache.internal.locklistener.FileLockCommunicator.<init>(Lorg/gradle/cache/internal/locklistener/InetAddressProvider;)V+16
j  org.gradle.cache.internal.locklistener.DefaultFileLockContentionHandler.getCommunicator()Lorg/gradle/cache/internal/locklistener/FileLockCommunicator;+29
j  org.gradle.cache.internal.locklistener.DefaultFileLockContentionHandler.reservePort()I+1
j  org.gradle.cache.internal.DefaultFileLockManager.lock(Ljava/io/File;Lorg/gradle/cache/LockOptions;Ljava/lang/String;Ljava/lang/String;Ljava/util/function/Consumer;)Lorg/gradle/cache/FileLock;+93
j  org.gradle.cache.internal.DefaultFileLockManager.lock(Ljava/io/File;Lorg/gradle/cache/LockOptions;Ljava/lang/String;Ljava/lang/String;)Lorg/gradle/cache/FileLock;+7
j  org.gradle.cache.internal.DefaultFileLockManager.lock(Ljava/io/File;Lorg/gradle/cache/LockOptions;Ljava/lang/String;)Lorg/gradle/cache/FileLock;+6
j  org.gradle.cache.internal.OnDemandFileAccess.readFile(Ljava/util/function/Supplier;)Ljava/lang/Object;+18
j  org.gradle.cache.internal.FileBackedObjectHolder.get()Ljava/lang/Object;+10
j  org.gradle.cache.internal.FileIntegrityViolationSuppressingObjectHolderDecorator.get()Ljava/lang/Object;+4
j  org.gradle.launcher.daemon.registry.PersistentDaemonRegistry.getAll()Ljava/util/List;+13
j  org.gradle.launcher.daemon.client.DefaultDaemonConnector.connect(Lorg/gradle/api/internal/specs/ExplainingSpec;)Lorg/gradle/launcher/daemon/client/DaemonClientConnection;+5
j  org.gradle.launcher.daemon.client.DaemonClient.execute(Lorg/gradle/internal/invocation/BuildAction;Lorg/gradle/launcher/exec/BuildActionParameters;Lorg/gradle/internal/daemon/client/execution/ClientBuildRequestContext;)Lorg/gradle/launcher/exec/BuildActionResult;+66
j  org.gradle.launcher.daemon.client.DaemonClient.execute(Lorg/gradle/internal/invocation/BuildAction;Ljava/lang/Object;Ljava/lang/Object;)Lorg/gradle/launcher/exec/BuildActionResult;+10
j  org.gradle.launcher.cli.RunBuildAction.run()V+67
j  org.gradle.internal.Actions$RunnableActionAdapter.execute(Ljava/lang/Object;)V+4
j  org.gradle.launcher.cli.DefaultCommandLineActionFactory$ParseAndBuildAction.execute(Lorg/gradle/launcher/bootstrap/ExecutionListener;)V+129
j  org.gradle.launcher.cli.DefaultCommandLineActionFactory$ParseAndBuildAction.execute(Ljava/lang/Object;)V+5
j  org.gradle.launcher.cli.DebugLoggerWarningAction.execute(Lorg/gradle/launcher/bootstrap/ExecutionListener;)V+9
j  org.gradle.launcher.cli.DebugLoggerWarningAction.execute(Ljava/lang/Object;)V+5
j  org.gradle.launcher.cli.WelcomeMessageAction.execute(Lorg/gradle/launcher/bootstrap/ExecutionListener;)V+218
j  org.gradle.launcher.cli.WelcomeMessageAction.execute(Ljava/lang/Object;)V+5
j  org.gradle.launcher.cli.NativeServicesInitializingAction.execute(Lorg/gradle/launcher/bootstrap/ExecutionListener;)V+38
j  org.gradle.launcher.cli.NativeServicesInitializingAction.execute(Ljava/lang/Object;)V+5
j  org.gradle.launcher.cli.ExceptionReportingAction.execute(Lorg/gradle/launcher/bootstrap/ExecutionListener;)V+5
j  org.gradle.launcher.cli.ExceptionReportingAction.execute(Ljava/lang/Object;)V+5
j  org.gradle.launcher.cli.DefaultCommandLineActionFactory$WithLogging.execute(Lorg/gradle/launcher/bootstrap/ExecutionListener;)V+309
j  org.gradle.launcher.Main.doAction([Ljava/lang/String;Lorg/gradle/launcher/bootstrap/ExecutionListener;)V+14
j  org.gradle.launcher.bootstrap.EntryPoint.run([Ljava/lang/String;)V+12
j  java.lang.invoke.DirectMethodHandle$Holder.invokeVirtual(Ljava/lang/Object;Ljava/lang/Object;Ljava/lang/Object;)V+11 java.base@23.0.2
j  java.lang.invoke.LambdaForm$MH+0x0000023203012800.invoke(Ljava/lang/Object;Ljava/lang/Object;Ljava/lang/Object;)Ljava/lang/Object;+52 java.base@23.0.2
j  java.lang.invoke.Invokers$Holder.invokeExact_MT(Ljava/lang/Object;Ljava/lang/Object;Ljava/lang/Object;Ljava/lang/Object;)Ljava/lang/Object;+20 java.base@23.0.2
j  jdk.internal.reflect.DirectMethodHandleAccessor.invokeImpl(Ljava/lang/Object;[Ljava/lang/Object;)Ljava/lang/Object;+55 java.base@23.0.2
j  jdk.internal.reflect.DirectMethodHandleAccessor.invoke(Ljava/lang/Object;[Ljava/lang/Object;)Ljava/lang/Object;+23 java.base@23.0.2
j  java.lang.reflect.Method.invoke(Ljava/lang/Object;[Ljava/lang/Object;)Ljava/lang/Object;+102 java.base@23.0.2
j  org.gradle.launcher.bootstrap.ProcessBootstrap.runNoExit(Ljava/lang/String;Ljava/lang/String;Ljava/lang/String;[Ljava/lang/String;)V+205
j  org.gradle.launcher.bootstrap.ProcessBootstrap.run(Ljava/lang/String;Ljava/lang/String;Ljava/lang/String;[Ljava/lang/String;)V+4
j  org.gradle.launcher.GradleMain.main([Ljava/lang/String;)V+68
j  java.lang.invoke.LambdaForm$DMH+0x0000023203004400.invokeStatic(Ljava/lang/Object;Ljava/lang/Object;)V+10 java.base@23.0.2
j  java.lang.invoke.LambdaForm$MH+0x0000023203008000.invoke(Ljava/lang/Object;Ljava/lang/Object;Ljava/lang/Object;)Ljava/lang/Object;+33 java.base@23.0.2
j  java.lang.invoke.Invokers$Holder.invokeExact_MT(Ljava/lang/Object;Ljava/lang/Object;Ljava/lang/Object;Ljava/lang/Object;)Ljava/lang/Object;+20 java.base@23.0.2
j  jdk.internal.reflect.DirectMethodHandleAccessor.invokeImpl(Ljava/lang/Object;[Ljava/lang/Object;)Ljava/lang/Object;+55 java.base@23.0.2
j  jdk.internal.reflect.DirectMethodHandleAccessor.invoke(Ljava/lang/Object;[Ljava/lang/Object;)Ljava/lang/Object;+23 java.base@23.0.2
j  java.lang.reflect.Method.invoke(Ljava/lang/Object;[Ljava/lang/Object;)Ljava/lang/Object;+102 java.base@23.0.2
j  org.gradle.wrapper.GradleWrapperMain.main([Ljava/lang/String;)V+1826
v  ~StubRoutines::call_stub 0x00000232765a0fcd
Lock stack of current Java thread (top to bottom):
LockStack[0]: java.lang.Object 
{0x00000000fe4f5fb0} - klass: 'java/lang/Object'
 - ---- fields (total size 2 words):

new  187 new  [0x00000232765bae40, 0x00000232765bb050]  528 bytes
[MachCode]
  0x00000232765bae40: 4883 ec08 | c5fa 1104 | 24eb 1f48 | 83ec 10c5 | fb11 0424 | eb14 4883 | ec10 4889 | 0424 48c7 
  0x00000232765bae60: 4424 0800 | 0000 00eb | 0150 410f | b755 010f | cac1 ea10 | 488b 4de8 | 488b 4908 | 488b 4908 
  0x00000232765bae80: 488b 4108 | 807c 1004 | 070f 85e0 | 0000 0066 | 8b54 d148 | 488b 4928 | 488b 4cd1 | 0851 80b9 
  0x00000232765baea0: 3101 0000 | 040f 840d | 0000 004c | 3bb9 3801 | 0000 0f85 | b600 0000 | 8b51 08f6 | c201 0f85 
  0x00000232765baec0: aa00 0000 | 498b 87b8 | 0100 0048 | 8d1c 1049 | 3b9f c801 | 0000 0f87 | 9200 0000 | 4989 9fb8 
  0x00000232765baee0: 0100 0048 | 83ea 100f | 840f 0000 | 0033 c9c1 | ea03 4889 | 4cd0 0848 | ffca 75f6 | 48c7 0001 
  0x00000232765baf00: 0000 0059 | 33f6 8970 | 0c49 ba00 | 0000 0232 | 0200 0049 | 2bca 8948 | 0849 ba42 | bdda 61fa 
  0x00000232765baf20: 7f00 0041 | 803a 000f | 843c 0000 | 0050 488b | c848 83ec | 2040 f6c4 | 0f0f 8419 | 0000 0048 
  0x00000232765baf40: 83ec 0848 | b830 f18a | 61fa 7f00 | 00ff d048 | 83c4 08e9 | 0c00 0000 | 48b8 30f1 | 8a61 fa7f 
  0x00000232765baf60: 0000 ffd0 | 4883 c420 | 58e9 cb00 | 0000 5948 | 8b55 e848 | 8b52 0848 | 8b52 0845 | 0fb7 4501 
  0x00000232765baf80: 410f c841 | c1e8 10e8 | 0500 0000 | e9a8 0000 | 0048 8d44 | 2408 4c89 | 6dc0 498b | cfc5 f877 
  0x00000232765bafa0: 4989 afb0 | 0300 0049 | 8987 a003 | 0000 4883 | ec20 40f6 | c40f 0f84 | 1900 0000 | 4883 ec08 
  0x00000232765bafc0: 48b8 e01f | 5361 fa7f | 0000 ffd0 | 4883 c408 | e90c 0000 | 0048 b8e0 | 1f53 61fa | 7f00 00ff 
  0x00000232765bafe0: d048 83c4 | 2049 c787 | a003 0000 | 0000 0000 | 49c7 87b0 | 0300 0000 | 0000 0049 | c787 a803 
  0x00000232765bb000: 0000 0000 | 0000 c5f8 | 7749 837f | 0800 0f84 | 0500 0000 | e9a7 5efe | ff49 8b87 | f803 0000 
  0x00000232765bb020: 49c7 87f8 | 0300 0000 | 0000 004c | 8b6d c04c | 8b75 c84e | 8d74 f500 | c341 0fb6 | 5d03 4983 
  0x00000232765bb040: c503 49ba | d085 de61 | fa7f 0000 | 41ff 24da 
[/MachCode]

---------------  P R O C E S S  ---------------

Threads class SMR info:
_java_thread_list=0x0000023248706c00, length=14, elements={
0x0000023264702b20, 0x0000023243142ab0, 0x0000023243143510, 0x0000023243147d50,
0x0000023243148c90, 0x000002324314a410, 0x0000023243153cd0, 0x0000023243157890,
0x0000023243167e90, 0x0000023243261c90, 0x0000023243365870, 0x00000232433637a0,
0x00000232433926b0, 0x0000023243363110
}

Java Threads: ( => current thread )
=>0x0000023264702b20 JavaThread "main"                              [_thread_in_vm, id=3720, stack(0x0000006089700000,0x0000006089800000) (1024K)]
  0x0000023243142ab0 JavaThread "Reference Handler"          daemon [_thread_blocked, id=11684, stack(0x0000006089f00000,0x000000608a000000) (1024K)]
  0x0000023243143510 JavaThread "Finalizer"                  daemon [_thread_blocked, id=13844, stack(0x000000608a000000,0x000000608a100000) (1024K)]
  0x0000023243147d50 JavaThread "Signal Dispatcher"          daemon [_thread_blocked, id=14536, stack(0x000000608a100000,0x000000608a200000) (1024K)]
  0x0000023243148c90 JavaThread "Attach Listener"            daemon [_thread_blocked, id=12772, stack(0x000000608a200000,0x000000608a300000) (1024K)]
  0x000002324314a410 JavaThread "Service Thread"             daemon [_thread_blocked, id=7940, stack(0x000000608a300000,0x000000608a400000) (1024K)]
  0x0000023243153cd0 JavaThread "Monitor Deflation Thread"   daemon [_thread_blocked, id=2580, stack(0x000000608a400000,0x000000608a500000) (1024K)]
  0x0000023243157890 JavaThread "C2 CompilerThread0"         daemon [_thread_blocked, id=5208, stack(0x000000608a500000,0x000000608a600000) (1024K)]
  0x0000023243167e90 JavaThread "C1 CompilerThread0"         daemon [_thread_blocked, id=13808, stack(0x000000608a600000,0x000000608a700000) (1024K)]
  0x0000023243261c90 JavaThread "C1 CompilerThread1"         daemon [_thread_blocked, id=9384, stack(0x000000608a700000,0x000000608a800000) (1024K)]
  0x0000023243365870 JavaThread "Notification Thread"        daemon [_thread_blocked, id=15608, stack(0x000000608a800000,0x000000608a900000) (1024K)]
  0x00000232433637a0 JavaThread "Common-Cleaner"             daemon [_thread_blocked, id=12768, stack(0x000000608a900000,0x000000608aa00000) (1024K)]
  0x00000232433926b0 JavaThread "C1 CompilerThread2"         daemon [_thread_in_vm, id=14892, stack(0x000000608aa00000,0x000000608ab00000) (1024K)]
  0x0000023243363110 JavaThread "pool-1-thread-1"                   [_thread_blocked, id=10792, stack(0x000000608af00000,0x000000608b000000) (1024K)]
Total: 14

Other Threads:
  0x0000023243127190 VMThread "VM Thread"                           [id=3780, stack(0x0000006089e00000,0x0000006089f00000) (1024K)]
  0x000002324311cd10 WatcherThread "VM Periodic Task Thread"        [id=868, stack(0x0000006089d00000,0x0000006089e00000) (1024K)]
  0x0000023266a2a9e0 WorkerThread "GC Thread#0"                     [id=16260, stack(0x0000006089800000,0x0000006089900000) (1024K)]
  0x0000023243ea07c0 WorkerThread "GC Thread#1"                     [id=13184, stack(0x000000608b000000,0x000000608b100000) (1024K)]
  0x000002324389d580 WorkerThread "GC Thread#2"                     [id=15024, stack(0x000000608b100000,0x000000608b200000) (1024K)]
  0x0000023248127510 WorkerThread "GC Thread#3"                     [id=11932, stack(0x000000608b200000,0x000000608b300000) (1024K)]
  0x0000023248760ac0 WorkerThread "GC Thread#4"                     [id=9960, stack(0x000000608b300000,0x000000608b400000) (1024K)]
  0x0000023248761d80 WorkerThread "GC Thread#5"                     [id=15464, stack(0x000000608b400000,0x000000608b500000) (1024K)]
  0x00000232487619d0 WorkerThread "GC Thread#6"                     [id=7128, stack(0x000000608b500000,0x000000608b600000) (1024K)]
  0x0000023248762130 WorkerThread "GC Thread#7"                     [id=1776, stack(0x000000608b600000,0x000000608b700000) (1024K)]
  0x0000023266a2c430 ConcurrentGCThread "G1 Main Marker"            [id=9464, stack(0x0000006089900000,0x0000006089a00000) (1024K)]
  0x0000023266a2de60 WorkerThread "G1 Conc#0"                       [id=6544, stack(0x0000006089a00000,0x0000006089b00000) (1024K)]
  0x0000023266ab55d0 ConcurrentGCThread "G1 Refine#0"               [id=13196, stack(0x0000006089b00000,0x0000006089c00000) (1024K)]
  0x0000023266ab6150 ConcurrentGCThread "G1 Service"                [id=14304, stack(0x0000006089c00000,0x0000006089d00000) (1024K)]
Total: 14

Threads with active compile tasks:
C1 CompilerThread2  7958 1777       3       java.util.concurrent.ThreadPoolExecutor::runStateAtLeast (11 bytes)
Total: 1

VM state: not at safepoint (normal execution)

VM Mutex/Monitor currently owned by a thread:  ([mutex/lock_event])
[0x00007ffa61dd2888] Metaspace_lock - owner thread: 0x0000023264702b20

Heap address: 0x00000000fc000000, size: 64 MB, Compressed Oops mode: 32-bit

CDS archive(s) mapped at: [0x0000023202000000-0x0000023202d70000-0x0000023202d70000), size 14090240, SharedBaseAddress: 0x0000023202000000, ArchiveRelocationMode: 1.
Compressed class space mapped at: 0x0000023203000000-0x0000023243000000, reserved size: 1073741824
Narrow klass base: 0x0000023202000000, Narrow klass shift: 0, Narrow klass range: 0x41000000

GC Precious Log:
 CardTable entry size: 512
 Card Set container configuration: InlinePtr #cards 5 size 8 Array Of Cards #cards 10 size 36 Howl #buckets 4 coarsen threshold 1843 Howl Bitmap #cards 512 size 80 coarsen threshold 460 Card regions per heap region 1 cards per card region 2048
 CPUs: 16 total, 16 available
 Memory: 16165M
 Large Page Support: Disabled
 NUMA Support: Disabled
 Compressed Oops: Enabled (32-bit)
 Heap Region Size: 1M
 Heap Min Capacity: 64M
 Heap Initial Capacity: 64M
 Heap Max Capacity: 64M
 Pre-touch: Disabled
 Parallel Workers: 13
 Concurrent Workers: 3
 Concurrent Refinement Workers: 13
 Periodic GC: Disabled

Heap:
 garbage-first heap   total reserved 65536K, committed 65536K, used 15905K [0x00000000fc000000, 0x0000000100000000)
  region size 1024K, 9 young (9216K), 4 survivors (4096K)
 Metaspace       used 8025K, committed 8320K, reserved 1114112K
  class space    used 1131K, committed 1280K, reserved 1048576K

Heap Regions: E=young(eden), S=young(survivor), O=old, HS=humongous(starts), HC=humongous(continues), CS=collection set, F=free, TAMS=top-at-mark-start, PB=parsable bottom
|   0|0x00000000fc000000, 0x00000000fc100000, 0x00000000fc100000|100%| O|  |TAMS 0x00000000fc000000| PB 0x00000000fc000000| Untracked |  0
|   1|0x00000000fc100000, 0x00000000fc200000, 0x00000000fc200000|100%| O|  |TAMS 0x00000000fc100000| PB 0x00000000fc100000| Untracked |  0
|   2|0x00000000fc200000, 0x00000000fc300000, 0x00000000fc300000|100%|HS|  |TAMS 0x00000000fc200000| PB 0x00000000fc200000| Complete |  0
|   3|0x00000000fc300000, 0x00000000fc400000, 0x00000000fc400000|100%|HC|  |TAMS 0x00000000fc300000| PB 0x00000000fc300000| Complete |  0
|   4|0x00000000fc400000, 0x00000000fc500000, 0x00000000fc500000|100%|HC|  |TAMS 0x00000000fc400000| PB 0x00000000fc400000| Complete |  0
|   5|0x00000000fc500000, 0x00000000fc600000, 0x00000000fc600000|100%| O|  |TAMS 0x00000000fc500000| PB 0x00000000fc500000| Untracked |  0
|   6|0x00000000fc600000, 0x00000000fc700000, 0x00000000fc700000|100%| O|  |TAMS 0x00000000fc600000| PB 0x00000000fc600000| Untracked |  0
|   7|0x00000000fc700000, 0x00000000fc7c6d88, 0x00000000fc800000| 77%| O|  |TAMS 0x00000000fc700000| PB 0x00000000fc700000| Untracked |  0
|   8|0x00000000fc800000, 0x00000000fc800000, 0x00000000fc900000|  0%| F|  |TAMS 0x00000000fc800000| PB 0x00000000fc800000| Untracked |  0
|   9|0x00000000fc900000, 0x00000000fc900000, 0x00000000fca00000|  0%| F|  |TAMS 0x00000000fc900000| PB 0x00000000fc900000| Untracked |  0
|  10|0x00000000fca00000, 0x00000000fca00000, 0x00000000fcb00000|  0%| F|  |TAMS 0x00000000fca00000| PB 0x00000000fca00000| Untracked |  0
|  11|0x00000000fcb00000, 0x00000000fcb00000, 0x00000000fcc00000|  0%| F|  |TAMS 0x00000000fcb00000| PB 0x00000000fcb00000| Untracked |  0
|  12|0x00000000fcc00000, 0x00000000fcc00000, 0x00000000fcd00000|  0%| F|  |TAMS 0x00000000fcc00000| PB 0x00000000fcc00000| Untracked |  0
|  13|0x00000000fcd00000, 0x00000000fcd00000, 0x00000000fce00000|  0%| F|  |TAMS 0x00000000fcd00000| PB 0x00000000fcd00000| Untracked |  0
|  14|0x00000000fce00000, 0x00000000fce00000, 0x00000000fcf00000|  0%| F|  |TAMS 0x00000000fce00000| PB 0x00000000fce00000| Untracked |  0
|  15|0x00000000fcf00000, 0x00000000fcf00000, 0x00000000fd000000|  0%| F|  |TAMS 0x00000000fcf00000| PB 0x00000000fcf00000| Untracked |  0
|  16|0x00000000fd000000, 0x00000000fd000000, 0x00000000fd100000|  0%| F|  |TAMS 0x00000000fd000000| PB 0x00000000fd000000| Untracked |  0
|  17|0x00000000fd100000, 0x00000000fd100000, 0x00000000fd200000|  0%| F|  |TAMS 0x00000000fd100000| PB 0x00000000fd100000| Untracked |  0
|  18|0x00000000fd200000, 0x00000000fd200000, 0x00000000fd300000|  0%| F|  |TAMS 0x00000000fd200000| PB 0x00000000fd200000| Untracked |  0
|  19|0x00000000fd300000, 0x00000000fd300000, 0x00000000fd400000|  0%| F|  |TAMS 0x00000000fd300000| PB 0x00000000fd300000| Untracked |  0
|  20|0x00000000fd400000, 0x00000000fd400000, 0x00000000fd500000|  0%| F|  |TAMS 0x00000000fd400000| PB 0x00000000fd400000| Untracked |  0
|  21|0x00000000fd500000, 0x00000000fd500000, 0x00000000fd600000|  0%| F|  |TAMS 0x00000000fd500000| PB 0x00000000fd500000| Untracked |  0
|  22|0x00000000fd600000, 0x00000000fd600000, 0x00000000fd700000|  0%| F|  |TAMS 0x00000000fd600000| PB 0x00000000fd600000| Untracked |  0
|  23|0x00000000fd700000, 0x00000000fd700000, 0x00000000fd800000|  0%| F|  |TAMS 0x00000000fd700000| PB 0x00000000fd700000| Untracked |  0
|  24|0x00000000fd800000, 0x00000000fd800000, 0x00000000fd900000|  0%| F|  |TAMS 0x00000000fd800000| PB 0x00000000fd800000| Untracked |  0
|  25|0x00000000fd900000, 0x00000000fd900000, 0x00000000fda00000|  0%| F|  |TAMS 0x00000000fd900000| PB 0x00000000fd900000| Untracked |  0
|  26|0x00000000fda00000, 0x00000000fda00000, 0x00000000fdb00000|  0%| F|  |TAMS 0x00000000fda00000| PB 0x00000000fda00000| Untracked |  0
|  27|0x00000000fdb00000, 0x00000000fdb00000, 0x00000000fdc00000|  0%| F|  |TAMS 0x00000000fdb00000| PB 0x00000000fdb00000| Untracked |  0
|  28|0x00000000fdc00000, 0x00000000fdc00000, 0x00000000fdd00000|  0%| F|  |TAMS 0x00000000fdc00000| PB 0x00000000fdc00000| Untracked |  0
|  29|0x00000000fdd00000, 0x00000000fdd00000, 0x00000000fde00000|  0%| F|  |TAMS 0x00000000fdd00000| PB 0x00000000fdd00000| Untracked |  0
|  30|0x00000000fde00000, 0x00000000fde00000, 0x00000000fdf00000|  0%| F|  |TAMS 0x00000000fde00000| PB 0x00000000fde00000| Untracked |  0
|  31|0x00000000fdf00000, 0x00000000fdf00000, 0x00000000fe000000|  0%| F|  |TAMS 0x00000000fdf00000| PB 0x00000000fdf00000| Untracked |  0
|  32|0x00000000fe000000, 0x00000000fe000000, 0x00000000fe100000|  0%| F|  |TAMS 0x00000000fe000000| PB 0x00000000fe000000| Untracked |  0
|  33|0x00000000fe100000, 0x00000000fe100000, 0x00000000fe200000|  0%| F|  |TAMS 0x00000000fe100000| PB 0x00000000fe100000| Untracked |  0
|  34|0x00000000fe200000, 0x00000000fe2c1a40, 0x00000000fe300000| 75%| S|CS|TAMS 0x00000000fe200000| PB 0x00000000fe200000| Complete |  0
|  35|0x00000000fe300000, 0x00000000fe400000, 0x00000000fe400000|100%| S|CS|TAMS 0x00000000fe300000| PB 0x00000000fe300000| Complete |  0
|  36|0x00000000fe400000, 0x00000000fe500000, 0x00000000fe500000|100%| S|CS|TAMS 0x00000000fe400000| PB 0x00000000fe400000| Complete |  0
|  37|0x00000000fe500000, 0x00000000fe500000, 0x00000000fe600000|  0%| F|  |TAMS 0x00000000fe500000| PB 0x00000000fe500000| Untracked |  0
|  38|0x00000000fe600000, 0x00000000fe600000, 0x00000000fe700000|  0%| F|  |TAMS 0x00000000fe600000| PB 0x00000000fe600000| Untracked |  0
|  39|0x00000000fe700000, 0x00000000fe700000, 0x00000000fe800000|  0%| F|  |TAMS 0x00000000fe700000| PB 0x00000000fe700000| Untracked |  0
|  40|0x00000000fe800000, 0x00000000fe900000, 0x00000000fe900000|100%| S|CS|TAMS 0x00000000fe800000| PB 0x00000000fe800000| Complete |  0
|  41|0x00000000fe900000, 0x00000000fe900000, 0x00000000fea00000|  0%| F|  |TAMS 0x00000000fe900000| PB 0x00000000fe900000| Untracked |  0
|  42|0x00000000fea00000, 0x00000000fea00000, 0x00000000feb00000|  0%| F|  |TAMS 0x00000000fea00000| PB 0x00000000fea00000| Untracked |  0
|  43|0x00000000feb00000, 0x00000000feb00000, 0x00000000fec00000|  0%| F|  |TAMS 0x00000000feb00000| PB 0x00000000feb00000| Untracked |  0
|  44|0x00000000fec00000, 0x00000000fec00000, 0x00000000fed00000|  0%| F|  |TAMS 0x00000000fec00000| PB 0x00000000fec00000| Untracked |  0
|  45|0x00000000fed00000, 0x00000000fed00000, 0x00000000fee00000|  0%| F|  |TAMS 0x00000000fed00000| PB 0x00000000fed00000| Untracked |  0
|  46|0x00000000fee00000, 0x00000000fee00000, 0x00000000fef00000|  0%| F|  |TAMS 0x00000000fee00000| PB 0x00000000fee00000| Untracked |  0
|  47|0x00000000fef00000, 0x00000000fef00000, 0x00000000ff000000|  0%| F|  |TAMS 0x00000000fef00000| PB 0x00000000fef00000| Untracked |  0
|  48|0x00000000ff000000, 0x00000000ff000000, 0x00000000ff100000|  0%| F|  |TAMS 0x00000000ff000000| PB 0x00000000ff000000| Untracked |  0
|  49|0x00000000ff100000, 0x00000000ff100000, 0x00000000ff200000|  0%| F|  |TAMS 0x00000000ff100000| PB 0x00000000ff100000| Untracked |  0
|  50|0x00000000ff200000, 0x00000000ff200000, 0x00000000ff300000|  0%| F|  |TAMS 0x00000000ff200000| PB 0x00000000ff200000| Untracked |  0
|  51|0x00000000ff300000, 0x00000000ff300000, 0x00000000ff400000|  0%| F|  |TAMS 0x00000000ff300000| PB 0x00000000ff300000| Untracked |  0
|  52|0x00000000ff400000, 0x00000000ff400000, 0x00000000ff500000|  0%| F|  |TAMS 0x00000000ff400000| PB 0x00000000ff400000| Untracked |  0
|  53|0x00000000ff500000, 0x00000000ff500000, 0x00000000ff600000|  0%| F|  |TAMS 0x00000000ff500000| PB 0x00000000ff500000| Untracked |  0
|  54|0x00000000ff600000, 0x00000000ff600000, 0x00000000ff700000|  0%| F|  |TAMS 0x00000000ff600000| PB 0x00000000ff600000| Untracked |  0
|  55|0x00000000ff700000, 0x00000000ff700000, 0x00000000ff800000|  0%| F|  |TAMS 0x00000000ff700000| PB 0x00000000ff700000| Untracked |  0
|  56|0x00000000ff800000, 0x00000000ff800000, 0x00000000ff900000|  0%| F|  |TAMS 0x00000000ff800000| PB 0x00000000ff800000| Untracked |  0
|  57|0x00000000ff900000, 0x00000000ff900000, 0x00000000ffa00000|  0%| F|  |TAMS 0x00000000ff900000| PB 0x00000000ff900000| Untracked |  0
|  58|0x00000000ffa00000, 0x00000000ffa00000, 0x00000000ffb00000|  0%| F|  |TAMS 0x00000000ffa00000| PB 0x00000000ffa00000| Untracked |  0
|  59|0x00000000ffb00000, 0x00000000ffb6ee08, 0x00000000ffc00000| 43%| E|  |TAMS 0x00000000ffb00000| PB 0x00000000ffb00000| Complete |  0
|  60|0x00000000ffc00000, 0x00000000ffd00000, 0x00000000ffd00000|100%| E|CS|TAMS 0x00000000ffc00000| PB 0x00000000ffc00000| Complete |  0
|  61|0x00000000ffd00000, 0x00000000ffe00000, 0x00000000ffe00000|100%| E|CS|TAMS 0x00000000ffd00000| PB 0x00000000ffd00000| Complete |  0
|  62|0x00000000ffe00000, 0x00000000fff00000, 0x00000000fff00000|100%| E|CS|TAMS 0x00000000ffe00000| PB 0x00000000ffe00000| Complete |  0
|  63|0x00000000fff00000, 0x0000000100000000, 0x0000000100000000|100%| E|CS|TAMS 0x00000000fff00000| PB 0x00000000fff00000| Complete |  0

Card table byte_map: [0x0000023266070000,0x0000023266090000] _byte_map_base: 0x0000023265890000

Marking Bits: (CMBitMap*) 0x0000023266a2b0f0
 Bits: [0x000002327e9d0000, 0x000002327ead0000)

Polling page: 0x0000023266020000

Metaspace:

Usage:
  Non-class:      6.73 MB used.
      Class:      1.11 MB used.
       Both:      7.84 MB used.

Virtual space:
  Non-class space:       64.00 MB reserved,       6.88 MB ( 11%) committed,  1 nodes.
      Class space:        1.00 GB reserved,       1.25 MB ( <1%) committed,  1 nodes.
             Both:        1.06 GB reserved,       8.12 MB ( <1%) committed. 

Chunk freelists:
   Non-Class:  8.23 MB
       Class:  14.65 MB
        Both:  22.88 MB

MaxMetaspaceSize: unlimited
CompressedClassSpaceSize: 1.00 GB
Initial GC threshold: 21.00 MB
Current GC threshold: 21.00 MB
CDS: on
 - commit_granule_bytes: 65536.
 - commit_granule_words: 8192.
 - virtual_space_node_default_size: 8388608.
 - enlarge_chunks_in_place: 1.
 - use_allocation_guard: 0.


Internal statistics:

num_allocs_failed_limit: 0.
num_arena_births: 248.
num_arena_deaths: 0.
num_vsnodes_births: 2.
num_vsnodes_deaths: 0.
num_space_committed: 130.
num_space_uncommitted: 0.
num_chunks_returned_to_freelist: 0.
num_chunks_taken_from_freelist: 485.
num_chunk_merges: 0.
num_chunk_splits: 311.
num_chunks_enlarged: 228.
num_inconsistent_stats: 0.

CodeHeap 'non-profiled nmethods': size=119232Kb used=551Kb max_used=551Kb free=118680Kb
 bounds [0x0000023276ce0000, 0x0000023276f50000, 0x000002327e150000]
CodeHeap 'profiled nmethods': size=119104Kb used=2469Kb max_used=2469Kb free=116634Kb
 bounds [0x000002326f150000, 0x000002326f3c0000, 0x00000232765a0000]
CodeHeap 'non-nmethods': size=7424Kb used=2504Kb max_used=3080Kb free=4919Kb
 bounds [0x00000232765a0000, 0x00000232768b0000, 0x0000023276ce0000]
CodeCache: size=245760Kb, used=5524Kb, max_used=6100Kb, free=240233Kb
 total_blobs=2264, nmethods=1776, adapters=392, full_count=0
Compilation: enabled, stopped_count=0, restarted_count=0

Compilation events (20 events):
Event: 5.836 Thread 0x0000023243261c90 1767       3       java.util.Random::next (47 bytes)
Event: 5.836 Thread 0x0000023243157890 1765       4       jdk.internal.misc.Unsafe::getIntUnaligned (12 bytes)
Event: 5.836 Thread 0x00000232483f0860 nmethod 1766 0x000002326f3b7e88 code [0x000002326f3b7fc0, 0x000002326f3b81e8]
Event: 5.836 Thread 0x0000023243261c90 nmethod 1767 0x000002326f3b8208 code [0x000002326f3b8340, 0x000002326f3b85a8]
Event: 5.836 Thread 0x0000023243157890 nmethod 1765 0x0000023276d68a08 code [0x0000023276d68b00, 0x0000023276d68bc0]
Event: 5.841 Thread 0x0000023243261c90 1769       3       java.lang.invoke.MethodHandleNatives::isCallerSensitive (29 bytes)
Event: 5.841 Thread 0x0000023243167e90 1770       3       java.lang.invoke.MethodHandleNatives::canBeCalledVirtual (49 bytes)
Event: 5.841 Thread 0x0000023243261c90 nmethod 1769 0x000002326f3b8608 code [0x000002326f3b8760, 0x000002326f3b8b70]
Event: 5.842 Thread 0x0000023243167e90 nmethod 1770 0x000002326f3b8c08 code [0x000002326f3b8d80, 0x000002326f3b91f8]
Event: 5.842 Thread 0x0000023243167e90 1771       3       java.lang.Integer::rotateRight (9 bytes)
Event: 5.842 Thread 0x0000023243167e90 nmethod 1771 0x000002326f3b9288 code [0x000002326f3b93a0, 0x000002326f3b94a0]
Event: 5.842 Thread 0x0000023243157890 1772       4       java.lang.Integer::rotateRight (9 bytes)
Event: 5.843 Thread 0x0000023243157890 nmethod 1772 0x0000023276d69008 code [0x0000023276d69100, 0x0000023276d69170]
Event: 5.845 Thread 0x0000023243261c90 1774       1       java.util.concurrent.atomic.AtomicReference::get (5 bytes)
Event: 5.845 Thread 0x0000023243261c90 nmethod 1774 0x0000023276d69688 code [0x0000023276d697a0, 0x0000023276d69868]
Event: 6.919 Thread 0x00000232433926b0 1775       1       org.gradle.internal.logging.console.DefaultTextArea::getWritePosition (5 bytes)
Event: 6.920 Thread 0x00000232433926b0 nmethod 1775 0x0000023276d69988 code [0x0000023276d69aa0, 0x0000023276d69b68]
Event: 7.013 Thread 0x00000232433926b0 1776       1       java.util.Collections$EmptyList::isEmpty (2 bytes)
Event: 7.013 Thread 0x00000232433926b0 nmethod 1776 0x0000023276d69c88 code [0x0000023276d69da0, 0x0000023276d69e68]
Event: 7.714 Thread 0x00000232433926b0 1777       3       java.util.concurrent.ThreadPoolExecutor::runStateAtLeast (11 bytes)

GC Heap History (4 events):
Event: 0.295 GC heap before
{Heap before GC invocations=0 (full 0):
 garbage-first heap   total reserved 65536K, committed 65536K, used 23552K [0x00000000fc000000, 0x0000000100000000)
  region size 1024K, 24 young (24576K), 0 survivors (0K)
 Metaspace       used 1711K, committed 1920K, reserved 1114112K
  class space    used 152K, committed 256K, reserved 1048576K
}
Event: 0.297 GC heap after
{Heap after GC invocations=1 (full 0):
 garbage-first heap   total reserved 65536K, committed 65536K, used 4720K [0x00000000fc000000, 0x0000000100000000)
  region size 1024K, 3 young (3072K), 3 survivors (3072K)
 Metaspace       used 1711K, committed 1920K, reserved 1114112K
  class space    used 152K, committed 256K, reserved 1048576K
}
Event: 4.766 GC heap before
{Heap before GC invocations=1 (full 0):
 garbage-first heap   total reserved 65536K, committed 65536K, used 31344K [0x00000000fc000000, 0x0000000100000000)
  region size 1024K, 26 young (26624K), 3 survivors (3072K)
 Metaspace       used 7234K, committed 7488K, reserved 1114112K
  class space    used 1004K, committed 1088K, reserved 1048576K
}
Event: 4.769 GC heap after
{Heap after GC invocations=2 (full 0):
 garbage-first heap   total reserved 65536K, committed 65536K, used 11809K [0x00000000fc000000, 0x0000000100000000)
  region size 1024K, 4 young (4096K), 4 survivors (4096K)
 Metaspace       used 7234K, committed 7488K, reserved 1114112K
  class space    used 1004K, committed 1088K, reserved 1048576K
}

Dll operation events (11 events):
Event: 0.005 Loaded shared library C:\Program Files\Java\jdk-23\bin\java.dll
Event: 0.034 Loaded shared library C:\Program Files\Java\jdk-23\bin\jsvml.dll
Event: 0.042 Loaded shared library C:\Program Files\Java\jdk-23\bin\net.dll
Event: 0.043 Loaded shared library C:\Program Files\Java\jdk-23\bin\nio.dll
Event: 0.045 Loaded shared library C:\Program Files\Java\jdk-23\bin\zip.dll
Event: 0.048 Loaded shared library C:\Program Files\Java\jdk-23\bin\verify.dll
Event: 0.227 Loaded shared library C:\Program Files\Java\jdk-23\bin\jimage.dll
Event: 2.551 Loaded shared library C:\Program Files\Java\jdk-23\bin\management.dll
Event: 2.552 Loaded shared library C:\Program Files\Java\jdk-23\bin\management_ext.dll
Event: 2.589 Loaded shared library C:\Users\NAYIF\.gradle\native\1def1411415f61bf3af743bc5b6707747c0891f09f0c88961ee8f79bc544acac\windows-amd64\native-platform.dll
Event: 2.602 Loaded shared library C:\Users\NAYIF\.gradle\native\jansi\1.18\windows64\jansi.dll

Deoptimization events (20 events):
Event: 2.645 Thread 0x0000023264702b20 Uncommon trap: trap_request=0xffffffc6 fr.pc=0x0000023276d4a49c relative=0x00000000000003bc
Event: 2.645 Thread 0x0000023264702b20 Uncommon trap: reason=bimorphic_or_optimized_type_check action=maybe_recompile pc=0x0000023276d4a49c method=java.util.concurrent.ConcurrentHashMap.get(Ljava/lang/Object;)Ljava/lang/Object; @ 149 c2
Event: 2.645 Thread 0x0000023264702b20 DEOPT PACKING pc=0x0000023276d4a49c sp=0x00000060897fd1d0
Event: 2.645 Thread 0x0000023264702b20 DEOPT UNPACKING pc=0x00000232765f4402 sp=0x00000060897fd150 mode 2
Event: 2.684 Thread 0x0000023264702b20 DEOPT PACKING pc=0x000002326f1f410d sp=0x00000060897fcea0
Event: 2.684 Thread 0x0000023264702b20 DEOPT UNPACKING pc=0x00000232765f4b22 sp=0x00000060897fc2f0 mode 0
Event: 2.704 Thread 0x0000023264702b20 DEOPT PACKING pc=0x000002326f285bf1 sp=0x00000060897f8fa0
Event: 2.704 Thread 0x0000023264702b20 DEOPT UNPACKING pc=0x00000232765f4b22 sp=0x00000060897f84a8 mode 0
Event: 5.810 Thread 0x0000023264702b20 Uncommon trap: trap_request=0xffffffde fr.pc=0x0000023276d14574 relative=0x0000000000000074
Event: 5.810 Thread 0x0000023264702b20 Uncommon trap: reason=class_check action=maybe_recompile pc=0x0000023276d14574 method=java.util.AbstractList$Itr.hasNext()Z @ 8 c2
Event: 5.810 Thread 0x0000023264702b20 DEOPT PACKING pc=0x0000023276d14574 sp=0x00000060897fd850
Event: 5.810 Thread 0x0000023264702b20 DEOPT UNPACKING pc=0x00000232765f4402 sp=0x00000060897fd7e8 mode 2
Event: 5.810 Thread 0x0000023264702b20 Uncommon trap: trap_request=0xffffffde fr.pc=0x0000023276d14be4 relative=0x00000000000000c4
Event: 5.810 Thread 0x0000023264702b20 Uncommon trap: reason=class_check action=maybe_recompile pc=0x0000023276d14be4 method=java.util.AbstractList$Itr.next()Ljava/lang/Object; @ 14 c2
Event: 5.810 Thread 0x0000023264702b20 DEOPT PACKING pc=0x0000023276d14be4 sp=0x00000060897fd840
Event: 5.810 Thread 0x0000023264702b20 DEOPT UNPACKING pc=0x00000232765f4402 sp=0x00000060897fd7d8 mode 2
Event: 5.816 Thread 0x0000023264702b20 Uncommon trap: trap_request=0xffffffc6 fr.pc=0x0000023276d4a49c relative=0x00000000000003bc
Event: 5.816 Thread 0x0000023264702b20 Uncommon trap: reason=bimorphic_or_optimized_type_check action=maybe_recompile pc=0x0000023276d4a49c method=java.util.concurrent.ConcurrentHashMap.get(Ljava/lang/Object;)Ljava/lang/Object; @ 149 c2
Event: 5.816 Thread 0x0000023264702b20 DEOPT PACKING pc=0x0000023276d4a49c sp=0x00000060897fd270
Event: 5.816 Thread 0x0000023264702b20 DEOPT UNPACKING pc=0x00000232765f4402 sp=0x00000060897fd1f0 mode 2

Classes loaded (20 events):
Event: 5.819 Loading class sun/nio/fs/WindowsDirectoryStream done
Event: 5.819 Loading class sun/nio/fs/WindowsDirectoryStream$WindowsDirectoryIterator
Event: 5.819 Loading class sun/nio/fs/WindowsDirectoryStream$WindowsDirectoryIterator done
Event: 5.820 Loading class sun/nio/fs/WindowsPath$WindowsPathWithAttributes
Event: 5.820 Loading class sun/nio/fs/BasicFileAttributesHolder
Event: 5.820 Loading class sun/nio/fs/BasicFileAttributesHolder done
Event: 5.820 Loading class sun/nio/fs/WindowsPath$WindowsPathWithAttributes done
Event: 5.842 Loading class sun/security/provider/AbstractDrbg$NonceProvider
Event: 5.842 Loading class sun/security/provider/AbstractDrbg$NonceProvider done
Event: 5.842 Loading class sun/security/provider/SHA2$SHA256
Event: 5.842 Loading class sun/security/provider/SHA2
Event: 5.842 Loading class sun/security/provider/SHA2 done
Event: 5.842 Loading class sun/security/provider/SHA2$SHA256 done
Event: 5.844 Loading class java/net/DatagramSocket
Event: 5.844 Loading class java/net/DatagramSocket done
Event: 5.844 Loading class java/net/DatagramSocket$1
Event: 5.844 Loading class java/net/DatagramSocket$1 done
Event: 5.846 Loading class java/net/InetSocketAddress$InetSocketAddressHolder
Event: 5.846 Loading class java/net/InetSocketAddress$InetSocketAddressHolder done
Event: 5.847 Loading class java/lang/ProcessEnvironment$CheckedKeySet

Classes unloaded (0 events):
No events

Classes redefined (0 events):
No events

Internal exceptions (20 events):
Event: 0.094 Thread 0x0000023264702b20 Exception <a 'java/lang/NoSuchMethodError'{0x00000000ffc29508}: 'void java.lang.invoke.DirectMethodHandle$Holder.invokeStatic(java.lang.Object, java.lang.Object)'> (0x00000000ffc29508) 
thrown [s\open\src\hotspot\share\interpreter\linkResolver.cpp, line 796]
Event: 0.094 Thread 0x0000023264702b20 Exception <a 'java/lang/NoSuchMethodError'{0x00000000ffc2d1c0}: 'void java.lang.invoke.DirectMethodHandle$Holder.invokeSpecial(java.lang.Object, java.lang.Object, java.lang.Object)'> (0x00000000ffc2d1c0) 
thrown [s\open\src\hotspot\share\interpreter\linkResolver.cpp, line 796]
Event: 0.102 Thread 0x0000023264702b20 Exception <a 'java/lang/NoSuchMethodError'{0x00000000ffc811d0}: 'int java.lang.invoke.DirectMethodHandle$Holder.invokeStaticInit(java.lang.Object, java.lang.Object)'> (0x00000000ffc811d0) 
thrown [s\open\src\hotspot\share\interpreter\linkResolver.cpp, line 796]
Event: 2.464 Thread 0x0000023264702b20 Exception <a 'java/lang/NoSuchMethodError'{0x00000000ffa26890}: 'void java.lang.invoke.DirectMethodHandle$Holder.invokeStatic(java.lang.Object, int, java.lang.Object)'> (0x00000000ffa26890) 
thrown [s\open\src\hotspot\share\interpreter\linkResolver.cpp, line 796]
Event: 2.488 Thread 0x0000023264702b20 Exception <a 'java/lang/NoSuchMethodError'{0x00000000ff9515a8}: 'java.lang.Object java.lang.invoke.DirectMethodHandle$Holder.invokeVirtual(java.lang.Object, java.lang.Object, java.lang.Object)'> (0x00000000ff9515a8) 
thrown [s\open\src\hotspot\share\interpreter\linkResolver.cpp, line 796]
Event: 2.556 Thread 0x0000023264702b20 Exception <a 'java/lang/NoSuchMethodError'{0x00000000ff5b4d40}: 'int java.lang.invoke.DirectMethodHandle$Holder.invokeSpecial(java.lang.Object, java.lang.Object, java.lang.Object)'> (0x00000000ff5b4d40) 
thrown [s\open\src\hotspot\share\interpreter\linkResolver.cpp, line 796]
Event: 2.571 Thread 0x0000023264702b20 Exception <a 'java/lang/NoClassDefFoundError'{0x00000000ff4672f0}: org/slf4j/impl/StaticMarkerBinder> (0x00000000ff4672f0) 
thrown [s\open\src\hotspot\share\classfile\systemDictionary.cpp, line 302]
Event: 2.578 Thread 0x0000023264702b20 Exception <a 'java/lang/NoSuchMethodError'{0x00000000ff30be40}: 'java.lang.Object java.lang.invoke.Invokers$Holder.invoker(java.lang.Object, java.lang.Object, java.lang.Object)'> (0x00000000ff30be40) 
thrown [s\open\src\hotspot\share\interpreter\linkResolver.cpp, line 796]
Event: 2.579 Thread 0x0000023264702b20 Exception <a 'java/lang/NoSuchMethodError'{0x00000000ff3142c0}: 'java.lang.Object java.lang.invoke.DirectMethodHandle$Holder.invokeStatic(java.lang.Object, java.lang.Object, int)'> (0x00000000ff3142c0) 
thrown [s\open\src\hotspot\share\interpreter\linkResolver.cpp, line 796]
Event: 2.580 Thread 0x0000023264702b20 Exception <a 'java/lang/NoSuchMethodError'{0x00000000ff31fa88}: 'void java.lang.invoke.DelegatingMethodHandle$Holder.delegate(java.lang.Object, java.lang.Object, int, java.lang.Object)'> (0x00000000ff31fa88) 
thrown [s\open\src\hotspot\share\interpreter\linkResolver.cpp, line 796]
Event: 2.648 Thread 0x0000023264702b20 Exception <a 'java/lang/NoSuchMethodError'{0x00000000fefc1c90}: 'java.lang.Object java.lang.invoke.Invokers$Holder.invokeExact_MT(java.lang.Object, java.lang.Object, java.lang.Object, java.lang.Object, java.lang.Object)'> (0x00000000fefc1c90) 
thrown [s\open\src\hotspot\share\interpreter\linkResolver.cpp, line 796]
Event: 2.652 Thread 0x0000023264702b20 Exception <a 'java/lang/NoSuchMethodError'{0x00000000feffb608}: 'java.lang.Object java.lang.invoke.DirectMethodHandle$Holder.invokeVirtual(java.lang.Object, java.lang.Object, java.lang.Object, java.lang.Object, java.lang.Object, java.lang.Object, java.lang.Object)'> (0x00000000feffb608) 
thrown [s\open\src\hotspot\share\interpreter\linkResolver.cpp, line 796]
Event: 2.656 Thread 0x0000023264702b20 Exception <a 'java/lang/NoSuchMethodError'{0x00000000fee39788}: 'java.lang.Object java.lang.invoke.DirectMethodHandle$Holder.invokeVirtual(java.lang.Object, java.lang.Object, java.lang.Object, java.lang.Object)'> (0x00000000fee39788) 
thrown [s\open\src\hotspot\share\interpreter\linkResolver.cpp, line 796]
Event: 2.689 Thread 0x0000023264702b20 Exception <a 'java/lang/NoSuchMethodError'{0x00000000fec65768}: 'java.lang.Object java.lang.invoke.DirectMethodHandle$Holder.invokeVirtual(java.lang.Object, java.lang.Object, java.lang.Object, java.lang.Object, java.lang.Object)'> (0x00000000fec65768) 
thrown [s\open\src\hotspot\share\interpreter\linkResolver.cpp, line 796]
Event: 2.716 Thread 0x0000023264702b20 Exception <a 'java/lang/NoSuchMethodError'{0x00000000feae6638}: 'java.lang.Object java.lang.invoke.DirectMethodHandle$Holder.invokeVirtual(java.lang.Object, java.lang.Object, java.lang.Object, java.lang.Object, java.lang.Object, java.lang.Object)'> (0x00000000feae6638) 
thrown [s\open\src\hotspot\share\interpreter\linkResolver.cpp, line 796]
Event: 2.723 Thread 0x0000023264702b20 Exception <a 'java/lang/NoSuchMethodError'{0x00000000fe979a78}: 'java.lang.Object java.lang.invoke.DirectMethodHandle$Holder.invokeSpecialIFC(java.lang.Object, java.lang.Object, java.lang.Object, java.lang.Object)'> (0x00000000fe979a78) 
thrown [s\open\src\hotspot\share\interpreter\linkResolver.cpp, line 796]
Event: 4.759 Thread 0x0000023264702b20 Exception <a 'java/lang/NoSuchMethodError'{0x00000000fe983110}: 'java.lang.Object java.lang.invoke.DirectMethodHandle$Holder.invokeVirtual(java.lang.Object, java.lang.Object, java.lang.Object, java.lang.Object, java.lang.Object, java.lang.Object, java.lang.Object, java.lang.Object)'> (0x00000000fe983110) 
thrown [s\open\src\hotspot\share\interpreter\linkResolver.cpp, line 796]
Event: 4.770 Thread 0x0000023264702b20 Exception <a 'java/lang/NoSuchMethodError'{0x00000000fff16c50}: 'java.lang.Object java.lang.invoke.DirectMethodHandle$Holder.invokeVirtual(java.lang.Object, java.lang.Object, java.lang.Object, java.lang.Object, java.lang.Object, java.lang.Object, java.lang.Object, java.lang.Object, java.lang.Object)'> (0x00000000fff16c50) 
thrown [s\open\src\hotspot\share\interpreter\linkResolver.cpp, line 796]
Event: 5.811 Thread 0x0000023264702b20 Exception <a 'java/lang/NoSuchMethodError'{0x00000000ffc3a3e8}: 'java.lang.Object java.lang.invoke.DirectMethodHandle$Holder.invokeStaticInit(java.lang.Object, int, int, int, int)'> (0x00000000ffc3a3e8) 
thrown [s\open\src\hotspot\share\interpreter\linkResolver.cpp, line 796]
Event: 5.841 Thread 0x0000023264702b20 Exception <a 'java/lang/NoSuchMethodError'{0x00000000ffb22240}: 'java.lang.Object java.lang.invoke.DirectMethodHandle$Holder.invokeStaticInit(java.lang.Object, java.lang.Object, int, int, int, int)'> (0x00000000ffb22240) 
thrown [s\open\src\hotspot\share\interpreter\linkResolver.cpp, line 796]

VM Operations (20 events):
Event: 0.295 Executing VM operation: G1CollectForAllocation (G1 Evacuation Pause)
Event: 0.297 Executing VM operation: G1CollectForAllocation (G1 Evacuation Pause) done
Event: 2.469 Executing VM operation: HandshakeAllThreads (Deoptimize)
Event: 2.469 Executing VM operation: HandshakeAllThreads (Deoptimize) done
Event: 2.569 Executing VM operation: HandshakeAllThreads (Deoptimize)
Event: 2.569 Executing VM operation: HandshakeAllThreads (Deoptimize) done
Event: 2.569 Executing VM operation: HandshakeAllThreads (Deoptimize)
Event: 2.569 Executing VM operation: HandshakeAllThreads (Deoptimize) done
Event: 2.578 Executing VM operation: HandshakeAllThreads (Deoptimize)
Event: 2.578 Executing VM operation: HandshakeAllThreads (Deoptimize) done
Event: 2.630 Executing VM operation: HandshakeAllThreads (Deoptimize)
Event: 2.630 Executing VM operation: HandshakeAllThreads (Deoptimize) done
Event: 2.649 Executing VM operation: HandshakeAllThreads (Deoptimize)
Event: 2.649 Executing VM operation: HandshakeAllThreads (Deoptimize) done
Event: 4.766 Executing VM operation: G1CollectForAllocation (G1 Evacuation Pause)
Event: 4.769 Executing VM operation: G1CollectForAllocation (G1 Evacuation Pause) done
Event: 4.771 Executing VM operation: HandshakeAllThreads (Deoptimize)
Event: 4.771 Executing VM operation: HandshakeAllThreads (Deoptimize) done
Event: 5.820 Executing VM operation: HandshakeAllThreads (Deoptimize)
Event: 5.820 Executing VM operation: HandshakeAllThreads (Deoptimize) done

Memory protections (0 events):
No events

Nmethod flushes (0 events):
No events

Events (20 events):
Event: 0.033 Thread 0x0000023264702b20 Thread added: 0x0000023243153cd0
Event: 0.033 Thread 0x0000023264702b20 Thread added: 0x0000023243157890
Event: 0.033 Thread 0x0000023264702b20 Thread added: 0x0000023243167e90
Event: 0.036 Thread 0x0000023243167e90 Thread added: 0x0000023243261c90
Event: 0.040 Thread 0x0000023264702b20 Thread added: 0x0000023243365870
Event: 0.041 Thread 0x0000023264702b20 Thread added: 0x00000232433637a0
Event: 0.058 Thread 0x0000023243261c90 Thread added: 0x00000232433926b0
Event: 0.170 Thread 0x00000232433926b0 Thread added: 0x000002324382df40
Event: 0.224 Thread 0x0000023243167e90 Thread added: 0x000002324395a910
Event: 0.226 Thread 0x000002324382df40 Thread added: 0x000002324387a9d0
Event: 0.226 Thread 0x000002324382df40 Thread added: 0x000002324380a2c0
Event: 0.239 Thread 0x00000232433926b0 Thread added: 0x000002324392ed10
Event: 1.371 Thread 0x000002324392ed10 Thread exited: 0x000002324392ed10
Event: 1.371 Thread 0x000002324380a2c0 Thread exited: 0x000002324380a2c0
Event: 2.529 Thread 0x00000232433926b0 Thread added: 0x00000232483f0860
Event: 2.611 Thread 0x0000023264702b20 Thread added: 0x0000023243363110
Event: 5.218 Thread 0x000002324387a9d0 Thread exited: 0x000002324387a9d0
Event: 5.782 Thread 0x000002324395a910 Thread exited: 0x000002324395a910
Event: 5.782 Thread 0x000002324382df40 Thread exited: 0x000002324382df40
Event: 6.920 Thread 0x00000232483f0860 Thread exited: 0x00000232483f0860


Dynamic libraries:
0x00007ff62e980000 - 0x00007ff62e990000 	C:\Program Files\Java\jdk-23\bin\java.exe
0x00007ffaea500000 - 0x00007ffaea763000 	C:\WINDOWS\SYSTEM32\ntdll.dll
0x00007ffae9d40000 - 0x00007ffae9e07000 	C:\WINDOWS\System32\KERNEL32.DLL
0x00007ffae7e40000 - 0x00007ffae8207000 	C:\WINDOWS\System32\KERNELBASE.dll
0x00007ffae7a20000 - 0x00007ffae7b6c000 	C:\WINDOWS\System32\ucrtbase.dll
0x00007ffab89f0000 - 0x00007ffab8a0b000 	C:\Program Files\Java\jdk-23\bin\VCRUNTIME140.dll
0x00007ffab1fa0000 - 0x00007ffab1fb7000 	C:\Program Files\Java\jdk-23\bin\jli.dll
0x00007ffaea060000 - 0x00007ffaea229000 	C:\WINDOWS\System32\USER32.dll
0x00007ffaba570000 - 0x00007ffaba800000 	C:\WINDOWS\WinSxS\amd64_microsoft.windows.common-controls_6595b64144ccf1df_6.0.26100.3037_none_3e09262ce333c378\COMCTL32.dll
0x00007ffae7ca0000 - 0x00007ffae7cc7000 	C:\WINDOWS\System32\win32u.dll
0x00007ffae9320000 - 0x00007ffae93c9000 	C:\WINDOWS\System32\msvcrt.dll
0x00007ffae9f30000 - 0x00007ffae9f5a000 	C:\WINDOWS\System32\GDI32.dll
0x00007ffae8210000 - 0x00007ffae833b000 	C:\WINDOWS\System32\gdi32full.dll
0x00007ffae7d90000 - 0x00007ffae7e33000 	C:\WINDOWS\System32\msvcp_win.dll
0x00007ffae8500000 - 0x00007ffae852f000 	C:\WINDOWS\System32\IMM32.DLL
0x00007ffac5b20000 - 0x00007ffac5b2c000 	C:\Program Files\Java\jdk-23\bin\vcruntime140_1.dll
0x00007ffaa5380000 - 0x00007ffaa540e000 	C:\Program Files\Java\jdk-23\bin\msvcp140.dll
0x00007ffa61160000 - 0x00007ffa61eb0000 	C:\Program Files\Java\jdk-23\bin\server\jvm.dll
0x00007ffae8430000 - 0x00007ffae84e4000 	C:\WINDOWS\System32\ADVAPI32.dll
0x00007ffaea390000 - 0x00007ffaea436000 	C:\WINDOWS\System32\sechost.dll
0x00007ffae9e10000 - 0x00007ffae9f26000 	C:\WINDOWS\System32\RPCRT4.dll
0x00007ffaea310000 - 0x00007ffaea384000 	C:\WINDOWS\System32\WS2_32.dll
0x00007ffae6860000 - 0x00007ffae68ae000 	C:\WINDOWS\SYSTEM32\POWRPROF.dll
0x00007ffad3ee0000 - 0x00007ffad3eeb000 	C:\WINDOWS\SYSTEM32\VERSION.dll
0x00007ffadf720000 - 0x00007ffadf756000 	C:\WINDOWS\SYSTEM32\WINMM.dll
0x00007ffae6840000 - 0x00007ffae6854000 	C:\WINDOWS\SYSTEM32\UMPDC.dll
0x00007ffae6720000 - 0x00007ffae673a000 	C:\WINDOWS\SYSTEM32\kernel.appcore.dll
0x00007ffac45b0000 - 0x00007ffac45ba000 	C:\Program Files\Java\jdk-23\bin\jimage.dll
0x00007ffad8dc0000 - 0x00007ffad9001000 	C:\WINDOWS\SYSTEM32\DBGHELP.DLL
0x00007ffae8660000 - 0x00007ffae89de000 	C:\WINDOWS\System32\combase.dll
0x00007ffae9a90000 - 0x00007ffae9b66000 	C:\WINDOWS\System32\OLEAUT32.dll
0x00007ffacf470000 - 0x00007ffacf4a9000 	C:\WINDOWS\SYSTEM32\dbgcore.DLL
0x00007ffae7b70000 - 0x00007ffae7c09000 	C:\WINDOWS\System32\bcryptPrimitives.dll
0x00007ffab1c70000 - 0x00007ffab1c8e000 	C:\Program Files\Java\jdk-23\bin\java.dll
0x00007ffae9ba0000 - 0x00007ffae9d35000 	C:\WINDOWS\System32\ole32.dll
0x00007ffae8c10000 - 0x00007ffae9314000 	C:\WINDOWS\System32\SHELL32.dll
0x00007ffae5580000 - 0x00007ffae5db7000 	C:\WINDOWS\SYSTEM32\windows.storage.dll
0x00007ffae8340000 - 0x00007ffae8429000 	C:\WINDOWS\System32\SHCORE.dll
0x00007ffae93d0000 - 0x00007ffae942d000 	C:\WINDOWS\System32\shlwapi.dll
0x00007ffae77b0000 - 0x00007ffae77de000 	C:\WINDOWS\SYSTEM32\profapi.dll
0x00007ffaa52a0000 - 0x00007ffaa5377000 	C:\Program Files\Java\jdk-23\bin\jsvml.dll
0x00007ffab8360000 - 0x00007ffab8370000 	C:\Program Files\Java\jdk-23\bin\net.dll
0x00007ffae6c90000 - 0x00007ffae6cfa000 	C:\WINDOWS\system32\mswsock.dll
0x00007ffab1c50000 - 0x00007ffab1c66000 	C:\Program Files\Java\jdk-23\bin\nio.dll
0x00007ffaa94f0000 - 0x00007ffaa9507000 	C:\Program Files\Java\jdk-23\bin\zip.dll
0x00007ffab2260000 - 0x00007ffab2270000 	C:\Program Files\Java\jdk-23\bin\verify.dll
0x00007ffab1f90000 - 0x00007ffab1f9a000 	C:\Program Files\Java\jdk-23\bin\management.dll
0x00007ffab1c40000 - 0x00007ffab1c4b000 	C:\Program Files\Java\jdk-23\bin\management_ext.dll
0x00007ffae8540000 - 0x00007ffae8548000 	C:\WINDOWS\System32\PSAPI.DLL
0x00007ffaa5270000 - 0x00007ffaa5297000 	C:\Users\NAYIF\.gradle\native\1def1411415f61bf3af743bc5b6707747c0891f09f0c88961ee8f79bc544acac\windows-amd64\native-platform.dll
0x00007ffadf680000 - 0x00007ffadf68a000 	C:\Users\NAYIF\.gradle\native\jansi\1.18\windows64\jansi.dll
0x00007ffae7040000 - 0x00007ffae705c000 	C:\WINDOWS\SYSTEM32\CRYPTSP.dll
0x00007ffae6660000 - 0x00007ffae6698000 	C:\WINDOWS\system32\rsaenh.dll
0x00007ffae6d30000 - 0x00007ffae6d5b000 	C:\WINDOWS\SYSTEM32\USERENV.dll
0x00007ffae71d0000 - 0x00007ffae71f6000 	C:\WINDOWS\SYSTEM32\bcrypt.dll
0x00007ffae6ec0000 - 0x00007ffae6ecc000 	C:\WINDOWS\SYSTEM32\CRYPTBASE.dll
0x00007ffae6100000 - 0x00007ffae6132000 	C:\WINDOWS\SYSTEM32\IPHLPAPI.DLL
0x00007ffae84f0000 - 0x00007ffae84fa000 	C:\WINDOWS\System32\NSI.dll

dbghelp: loaded successfully - version: 4.0.5 - missing functions: none
symbol engine: initialized successfully - sym options: 0x614 - pdb path: .;C:\Program Files\Java\jdk-23\bin;C:\WINDOWS\SYSTEM32;C:\WINDOWS\WinSxS\amd64_microsoft.windows.common-controls_6595b64144ccf1df_6.0.26100.3037_none_3e09262ce333c378;C:\Program Files\Java\jdk-23\bin\server;C:\Users\NAYIF\.gradle\native\1def1411415f61bf3af743bc5b6707747c0891f09f0c88961ee8f79bc544acac\windows-amd64;C:\Users\NAYIF\.gradle\native\jansi\1.18\windows64

VM Arguments:
jvm_args: -Xmx64m -Xms64m -Dorg.gradle.appname=gradlew 
java_command: org.gradle.wrapper.GradleWrapperMain app:installDebug -PreactNativeDevServerPort=8081
java_class_path (initial): F:\HuhU\android\\gradle\wrapper\gradle-wrapper.jar
Launcher Type: SUN_STANDARD

[Global flags]
     intx CICompilerCount                          = 12                                        {product} {ergonomic}
     uint ConcGCThreads                            = 3                                         {product} {ergonomic}
     uint G1ConcRefinementThreads                  = 13                                        {product} {ergonomic}
   size_t G1HeapRegionSize                         = 1048576                                   {product} {ergonomic}
   size_t InitialHeapSize                          = 67108864                                  {product} {command line}
   size_t MarkStackSize                            = 4194304                                   {product} {ergonomic}
   size_t MarkStackSizeMax                         = 536870912                                 {product} {ergonomic}
   size_t MaxHeapSize                              = 67108864                                  {product} {command line}
   size_t MaxNewSize                               = 39845888                                  {product} {ergonomic}
   size_t MinHeapDeltaBytes                        = 1048576                                   {product} {ergonomic}
   size_t MinHeapSize                              = 67108864                                  {product} {command line}
    uintx NonNMethodCodeHeapSize                   = 7602176                                {pd product} {ergonomic}
    uintx NonProfiledCodeHeapSize                  = 122093568                              {pd product} {ergonomic}
    uintx ProfiledCodeHeapSize                     = 121962496                              {pd product} {ergonomic}
    uintx ReservedCodeCacheSize                    = 251658240                              {pd product} {ergonomic}
     bool SegmentedCodeCache                       = true                                      {product} {ergonomic}
   size_t SoftMaxHeapSize                          = 67108864                               {manageable} {ergonomic}
     bool UseCompressedOops                        = true                           {product lp64_product} {ergonomic}
     bool UseG1GC                                  = true                                      {product} {ergonomic}
     bool UseLargePagesIndividualAllocation        = false                                  {pd product} {ergonomic}

Logging:
Log output configuration:
 #0: stdout all=warning uptime,level,tags foldmultilines=false
 #1: stderr all=off uptime,level,tags foldmultilines=false

Environment Variables:
JAVA_HOME=C:\Program Files\Java\jdk-23
CLASSPATH=F:\HuhU\android\\gradle\wrapper\gradle-wrapper.jar
PATH=F:\HuhU\node_modules\.bin;F:\HuhU\node_modules\.bin;F:\node_modules\.bin;C:\Users\NAYIF\AppData\Local\nvm\v22.13.0\node_modules\npm\node_modules\@npmcli\run-script\lib\node-gyp-bin;C:\Program Files\Common Files\Oracle\Java\javapath;C:\WINDOWS\system32;C:\WINDOWS;C:\WINDOWS\System32\Wbem;C:\WINDOWS\System32\WindowsPowerShell\v1.0\;C:\WINDOWS\System32\OpenSSH\;C:\Program Files\dotnet\;C:\Users\NAYIF\AppData\Local\nvm;C:\nvm4w\nodejs;C:\Program Files\nodejs\;C:\Program Files (x86)\Google\Cloud SDK\google-cloud-sdk\bin;C:\Program Files\Git\cmd;C:\flutter\flutter\bin;C:\Program Files (x86)\Windows Kits\10\Windows Performance Toolkit\;C:\nuget;C:\Program Files\Java\jdk-23\bin;C:\Program Files\MySQL\MySQL Server 8.0\bin;C:\Program Files\PostgreSQL\17\bin;C:\Program Files\Common Files\Oracle\Java\javapath;C:\WINDOWS\system32;C:\WINDOWS;C:\WINDOWS\System32\Wbem;C:\WINDOWS\System32\WindowsPowerShell\v1.0\;C:\WINDOWS\System32\OpenSSH\;C:\Program Files\dotnet\;C:\Users\NAYIF\AppData\Local\nvm;C:\nvm4w\nodejs;C:\Program Files\nodejs\;C:\Program Files\Docker\Docker\resources\bin;C:\Program Files (x86)\Google\Cloud SDK\google-cloud-sdk\bin;C:\Program Files\Git\cmd;C:\flutter\flutter\bin;C:\Program Files (x86)\Windows Kits\10\Windows Performance Toolkit\;C:\nuget;C:\Program Files\Java\jdk-23\bin;C:\Program Files\MySQL\MySQL Server 8.0\bin;C:\Users\NAYIF\AppData\Local\Programs\Python\Python313\Scripts\;C:\Users\NAYIF\AppData\Local\Programs\Python\Python313\;C:\Users\NAYIF\AppData\Local\Microsoft\WindowsApps;C:\Users\NAYIF\AppData\Local\nvm;C:\nvm4w\nodejs;C:\Users\NAYIF\AppData\Roaming\npm;C:\Users\NAYIF\AppData\Local\Programs\Microsoft VS Code Insiders\bin;C:\Users\NAYIF\AppData\Local\Android\Sdk\platform-tools;C:\Users\NAYIF\AppData\Local\Programs\cursor\resources\app\bin
USERNAME=NAYIF
LANG=en_US.UTF-8
OS=Windows_NT
PROCESSOR_IDENTIFIER=Intel64 Family 6 Model 151 Stepping 2, GenuineIntel
TMP=C:\Users\NAYIF\AppData\Local\Temp
TEMP=C:\Users\NAYIF\AppData\Local\Temp




Periodic native trim disabled

---------------  S Y S T E M  ---------------

OS:
 Windows 11 , 64 bit Build 26100 (10.0.26100.3037)
OS uptime: 0 days 0:39 hours
Hyper-V role detected

CPU: total 16 (initial active 16) (8 cores per cpu, 2 threads per core) family 6 model 151 stepping 2 microcode 0x28, cx8, cmov, fxsr, ht, mmx, 3dnowpref, sse, sse2, sse3, ssse3, sse4.1, sse4.2, popcnt, lzcnt, tsc, tscinvbit, avx, avx2, aes, erms, clmul, bmi1, bmi2, adx, sha, fma, vzeroupper, clflush, clflushopt, clwb, hv, serialize, rdtscp, rdpid, fsrm, gfni, f16c, cet_ibt, cet_ss
Processor Information for the first 16 processors :
  Max Mhz: 3700, Current Mhz: 3700, Mhz Limit: 3700

Memory: 4k page, system-wide physical 16165M (3518M free)
TotalPageFile size 16165M (AvailPageFile size 33M)
current process WorkingSet (physical memory assigned to process): 101M, peak: 105M
current process commit charge ("private bytes"): 179M, peak: 182M

vm_info: Java HotSpot(TM) 64-Bit Server VM (23.0.2+7-58) for windows-amd64 JRE (23.0.2+7-58), built on 2024-11-29T09:34:55Z with MS VC++ 17.6 (VS2022)

END.
