#
# There is insufficient memory for the Java Runtime Environment to continue.
# Native memory allocation (mmap) failed to map 67108864 bytes. Error detail: G1 virtual space
# Possible reasons:
#   The system is out of physical RAM or swap space
#   This process is running with CompressedOops enabled, and the Java Heap may be blocking the growth of the native heap
# Possible solutions:
#   Reduce memory load on the system
#   Increase physical memory or swap space
#   Check if swap backing store is full
#   Decrease Java heap size (-Xmx/-Xms)
#   Decrease number of Java threads
#   Decrease Java thread stack sizes (-Xss)
#   Set larger code cache with -XX:ReservedCodeCacheSize=
#   JVM is running with Unscaled Compressed Oops mode in which the Java heap is
#     placed in the first 4GB address space. The Java Heap base address is the
#     maximum limit for the native heap growth. Please use -XX:HeapBaseMinAddress
#     to set the Java Heap base and to place the Java Heap above 4GB virtual address.
# This output file may be truncated or incomplete.
#
#  Out of Memory Error (os_windows.cpp:3707), pid=13016, tid=2608
#
# JRE version:  (23.0.2+7) (build )
# Java VM: Java HotSpot(TM) 64-Bit Server VM (23.0.2+7-58, mixed mode, sharing, tiered, compressed oops, compressed class ptrs, g1 gc, windows-amd64)
# No core dump will be written. Minidumps are not enabled by default on client versions of Windows
#

---------------  S U M M A R Y ------------

Command Line: -Xmx64m -Xms64m -Dorg.gradle.appname=gradlew org.gradle.wrapper.GradleWrapperMain app:installDebug -PreactNativeDevServerPort=8081

Host: 12th Gen Intel(R) Core(TM) i5-12600K, 16 cores, 15G,  Windows 11 , 64 bit Build 26100 (10.0.26100.3037)
Time: Sun Mar  9 18:17:17 2025 India Standard Time elapsed time: 1.064909 seconds (0d 0h 0m 1s)

---------------  T H R E A D  ---------------

Current thread (0x000001c47040f870):  JavaThread "Unknown thread" [_thread_in_vm, id=2608, stack(0x000000073f800000,0x000000073f900000) (1024K)]

Stack: [0x000000073f800000,0x000000073f900000]
Native frames: (J=compiled Java code, j=interpreted, Vv=VM code, C=native code)
V  [jvm.dll+0x6e0b99]  (no source info available)
V  [jvm.dll+0x87e2b3]  (no source info available)
V  [jvm.dll+0x88073e]  (no source info available)
V  [jvm.dll+0x880e13]  (no source info available)
V  [jvm.dll+0x27b006]  (no source info available)
V  [jvm.dll+0x6dd485]  (no source info available)
V  [jvm.dll+0x6d127a]  (no source info available)
V  [jvm.dll+0x35b50a]  (no source info available)
V  [jvm.dll+0x363916]  (no source info available)
V  [jvm.dll+0x34fe7e]  (no source info available)
V  [jvm.dll+0x350118]  (no source info available)
V  [jvm.dll+0x328aec]  (no source info available)
V  [jvm.dll+0x32978e]  (no source info available)
V  [jvm.dll+0x8449a5]  (no source info available)
V  [jvm.dll+0x3b9a08]  (no source info available)
V  [jvm.dll+0x82d68c]  (no source info available)
V  [jvm.dll+0x454f2e]  (no source info available)
V  [jvm.dll+0x456db1]  (no source info available)
C  [jli.dll+0x52a3]  (no source info available)
C  [ucrtbase.dll+0x37b0]  (no source info available)
C  [KERNEL32.DLL+0x2e8d7]  (no source info available)
C  [ntdll.dll+0xbbf2c]  (no source info available)

Lock stack of current Java thread (top to bottom):


---------------  P R O C E S S  ---------------

Threads class SMR info:
_java_thread_list=0x00007ffa82954618, length=0, elements={
}

Java Threads: ( => current thread )
Total: 0

Other Threads:
  0x000001c47042af50 WorkerThread "GC Thread#0"                     [id=2564, stack(0x000000073f900000,0x000000073fa00000) (1024K)]
  0x000001c47042d0c0 ConcurrentGCThread "G1 Main Marker"            [id=8820, stack(0x000000073fa00000,0x000000073fb00000) (1024K)]
  0x000001c47042ea00 WorkerThread "G1 Conc#0"                       [id=16380, stack(0x000000073fb00000,0x000000073fc00000) (1024K)]

[error occurred during error reporting (printing all threads), id 0xc0000005, EXCEPTION_ACCESS_VIOLATION (0xc0000005) at pc=0x00007ffa8209c0da]
VM state: not at safepoint (not fully initialized)

VM Mutex/Monitor currently owned by a thread:  ([mutex/lock_event])
[0x00007ffa829d4988] Heap_lock - owner thread: 0x000001c47040f870

Heap address: 0x00000000fc000000, size: 64 MB, Compressed Oops mode: 32-bit

CDS archive(s) mapped at: [0x0000000000000000-0x0000000000000000-0x0000000000000000), size 0, SharedBaseAddress: 0x0000000800000000, ArchiveRelocationMode: 1.
Narrow klass base: 0x0000000000000000, Narrow klass shift: 0, Narrow klass range: 0x0

GC Precious Log:
 CardTable entry size: 512
 Card Set container configuration: InlinePtr #cards 5 size 8 Array Of Cards #cards 10 size 36 Howl #buckets 4 coarsen threshold 1843 Howl Bitmap #cards 512 size 80 coarsen threshold 460 Card regions per heap region 1 cards per card region 2048

Heap:
 garbage-first heap   total reserved 65536K, committed 0K, used 0K [0x00000000fc000000, 0x0000000100000000)
  region size 1024K, 0 young (0K), 0 survivors (0K)

[error occurred during error reporting (printing heap information), id 0xc0000005, EXCEPTION_ACCESS_VIOLATION (0xc0000005) at pc=0x00007ffa8249c6a9]
GC Heap History (0 events):
No events

Dll operation events (1 events):
Event: 0.005 Loaded shared library C:\Program Files\Java\jdk-23\bin\java.dll

Deoptimization events (0 events):
No events

Classes loaded (0 events):
No events

Classes unloaded (0 events):
No events

Classes redefined (0 events):
No events

Internal exceptions (0 events):
No events

VM Operations (0 events):
No events

Memory protections (0 events):
No events

Nmethod flushes (0 events):
No events

Events (0 events):
No events


Dynamic libraries:
0x00007ff62e980000 - 0x00007ff62e990000 	C:\Program Files\Java\jdk-23\bin\java.exe
0x00007ffaea500000 - 0x00007ffaea763000 	C:\WINDOWS\SYSTEM32\ntdll.dll
0x00007ffae9d40000 - 0x00007ffae9e07000 	C:\WINDOWS\System32\KERNEL32.DLL
0x00007ffae7e40000 - 0x00007ffae8207000 	C:\WINDOWS\System32\KERNELBASE.dll
0x00007ffae7a20000 - 0x00007ffae7b6c000 	C:\WINDOWS\System32\ucrtbase.dll
0x00007ffad4b20000 - 0x00007ffad4b37000 	C:\Program Files\Java\jdk-23\bin\jli.dll
0x00007ffadf670000 - 0x00007ffadf68b000 	C:\Program Files\Java\jdk-23\bin\VCRUNTIME140.dll
0x00007ffaea060000 - 0x00007ffaea229000 	C:\WINDOWS\System32\USER32.dll
0x00007ffaba570000 - 0x00007ffaba800000 	C:\WINDOWS\WinSxS\amd64_microsoft.windows.common-controls_6595b64144ccf1df_6.0.26100.3037_none_3e09262ce333c378\COMCTL32.dll
0x00007ffae7ca0000 - 0x00007ffae7cc7000 	C:\WINDOWS\System32\win32u.dll
0x00007ffae9320000 - 0x00007ffae93c9000 	C:\WINDOWS\System32\msvcrt.dll
0x00007ffae9f30000 - 0x00007ffae9f5a000 	C:\WINDOWS\System32\GDI32.dll
0x00007ffae8210000 - 0x00007ffae833b000 	C:\WINDOWS\System32\gdi32full.dll
0x00007ffae7d90000 - 0x00007ffae7e33000 	C:\WINDOWS\System32\msvcp_win.dll
0x00007ffae8500000 - 0x00007ffae852f000 	C:\WINDOWS\System32\IMM32.DLL
0x00007ffae1330000 - 0x00007ffae133c000 	C:\Program Files\Java\jdk-23\bin\vcruntime140_1.dll
0x00007ffad4a60000 - 0x00007ffad4aee000 	C:\Program Files\Java\jdk-23\bin\msvcp140.dll
0x00007ffa81d60000 - 0x00007ffa82ab0000 	C:\Program Files\Java\jdk-23\bin\server\jvm.dll
0x00007ffae8430000 - 0x00007ffae84e4000 	C:\WINDOWS\System32\ADVAPI32.dll
0x00007ffaea390000 - 0x00007ffaea436000 	C:\WINDOWS\System32\sechost.dll
0x00007ffae9e10000 - 0x00007ffae9f26000 	C:\WINDOWS\System32\RPCRT4.dll
0x00007ffaea310000 - 0x00007ffaea384000 	C:\WINDOWS\System32\WS2_32.dll
0x00007ffae6860000 - 0x00007ffae68ae000 	C:\WINDOWS\SYSTEM32\POWRPROF.dll
0x00007ffadf720000 - 0x00007ffadf756000 	C:\WINDOWS\SYSTEM32\WINMM.dll
0x00007ffad3ee0000 - 0x00007ffad3eeb000 	C:\WINDOWS\SYSTEM32\VERSION.dll
0x00007ffae6840000 - 0x00007ffae6854000 	C:\WINDOWS\SYSTEM32\UMPDC.dll
0x00007ffae6720000 - 0x00007ffae673a000 	C:\WINDOWS\SYSTEM32\kernel.appcore.dll
0x00007ffadf660000 - 0x00007ffadf66a000 	C:\Program Files\Java\jdk-23\bin\jimage.dll
0x00007ffad8dc0000 - 0x00007ffad9001000 	C:\WINDOWS\SYSTEM32\DBGHELP.DLL
0x00007ffae8660000 - 0x00007ffae89de000 	C:\WINDOWS\System32\combase.dll
0x00007ffae9a90000 - 0x00007ffae9b66000 	C:\WINDOWS\System32\OLEAUT32.dll
0x00007ffacf470000 - 0x00007ffacf4a9000 	C:\WINDOWS\SYSTEM32\dbgcore.DLL
0x00007ffae7b70000 - 0x00007ffae7c09000 	C:\WINDOWS\System32\bcryptPrimitives.dll
0x00007ffad0600000 - 0x00007ffad061e000 	C:\Program Files\Java\jdk-23\bin\java.dll
0x00007ffae9ba0000 - 0x00007ffae9d35000 	C:\WINDOWS\System32\ole32.dll
0x00007ffae8c10000 - 0x00007ffae9314000 	C:\WINDOWS\System32\SHELL32.dll

dbghelp: loaded successfully - version: 4.0.5 - missing functions: none
symbol engine: initialized successfully - sym options: 0x614 - pdb path: .;C:\Program Files\Java\jdk-23\bin;C:\WINDOWS\SYSTEM32;C:\WINDOWS\WinSxS\amd64_microsoft.windows.common-controls_6595b64144ccf1df_6.0.26100.3037_none_3e09262ce333c378;C:\Program Files\Java\jdk-23\bin\server

VM Arguments:
jvm_args: -Xmx64m -Xms64m -Dorg.gradle.appname=gradlew 
java_command: org.gradle.wrapper.GradleWrapperMain app:installDebug -PreactNativeDevServerPort=8081
java_class_path (initial): F:\HuhU\android\\gradle\wrapper\gradle-wrapper.jar
Launcher Type: SUN_STANDARD

[Global flags]
     intx CICompilerCount                          = 12                                        {product} {ergonomic}
     uint ConcGCThreads                            = 3                                         {product} {ergonomic}
     uint G1ConcRefinementThreads                  = 13                                        {product} {ergonomic}
   size_t G1HeapRegionSize                         = 1048576                                   {product} {ergonomic}
   size_t InitialHeapSize                          = 67108864                                  {product} {command line}
   size_t MarkStackSize                            = 4194304                                   {product} {ergonomic}
   size_t MarkStackSizeMax                         = 536870912                                 {product} {ergonomic}
   size_t MaxHeapSize                              = 67108864                                  {product} {command line}
   size_t MinHeapDeltaBytes                        = 1048576                                   {product} {ergonomic}
   size_t MinHeapSize                              = 67108864                                  {product} {command line}
    uintx NonNMethodCodeHeapSize                   = 7602176                                {pd product} {ergonomic}
    uintx NonProfiledCodeHeapSize                  = 122093568                              {pd product} {ergonomic}
    uintx ProfiledCodeHeapSize                     = 121962496                              {pd product} {ergonomic}
    uintx ReservedCodeCacheSize                    = 251658240                              {pd product} {ergonomic}
     bool SegmentedCodeCache                       = true                                      {product} {ergonomic}
   size_t SoftMaxHeapSize                          = 67108864                               {manageable} {ergonomic}
     bool UseCompressedOops                        = true                           {product lp64_product} {ergonomic}
     bool UseG1GC                                  = true                                      {product} {ergonomic}
     bool UseLargePagesIndividualAllocation        = false                                  {pd product} {ergonomic}

Logging:
Log output configuration:
 #0: stdout all=warning uptime,level,tags foldmultilines=false
 #1: stderr all=off uptime,level,tags foldmultilines=false

Environment Variables:
JAVA_HOME=C:\Program Files\Java\jdk-23
CLASSPATH=F:\HuhU\android\\gradle\wrapper\gradle-wrapper.jar
PATH=F:\HuhU\node_modules\.bin;F:\HuhU\node_modules\.bin;F:\node_modules\.bin;C:\Users\NAYIF\AppData\Local\nvm\v22.13.0\node_modules\npm\node_modules\@npmcli\run-script\lib\node-gyp-bin;C:\Program Files\Common Files\Oracle\Java\javapath;C:\WINDOWS\system32;C:\WINDOWS;C:\WINDOWS\System32\Wbem;C:\WINDOWS\System32\WindowsPowerShell\v1.0\;C:\WINDOWS\System32\OpenSSH\;C:\Program Files\dotnet\;C:\Users\NAYIF\AppData\Local\nvm;C:\nvm4w\nodejs;C:\Program Files\nodejs\;C:\Program Files (x86)\Google\Cloud SDK\google-cloud-sdk\bin;C:\Program Files\Git\cmd;C:\flutter\flutter\bin;C:\Program Files (x86)\Windows Kits\10\Windows Performance Toolkit\;C:\nuget;C:\Program Files\Java\jdk-23\bin;C:\Program Files\MySQL\MySQL Server 8.0\bin;C:\Program Files\PostgreSQL\17\bin;C:\Program Files\Common Files\Oracle\Java\javapath;C:\WINDOWS\system32;C:\WINDOWS;C:\WINDOWS\System32\Wbem;C:\WINDOWS\System32\WindowsPowerShell\v1.0\;C:\WINDOWS\System32\OpenSSH\;C:\Program Files\dotnet\;C:\Users\NAYIF\AppData\Local\nvm;C:\nvm4w\nodejs;C:\Program Files\nodejs\;C:\Program Files\Docker\Docker\resources\bin;C:\Program Files (x86)\Google\Cloud SDK\google-cloud-sdk\bin;C:\Program Files\Git\cmd;C:\flutter\flutter\bin;C:\Program Files (x86)\Windows Kits\10\Windows Performance Toolkit\;C:\nuget;C:\Program Files\Java\jdk-23\bin;C:\Program Files\MySQL\MySQL Server 8.0\bin;C:\Users\NAYIF\AppData\Local\Programs\Python\Python313\Scripts\;C:\Users\NAYIF\AppData\Local\Programs\Python\Python313\;C:\Users\NAYIF\AppData\Local\Microsoft\WindowsApps;C:\Users\NAYIF\AppData\Local\nvm;C:\nvm4w\nodejs;C:\Users\NAYIF\AppData\Roaming\npm;C:\Users\NAYIF\AppData\Local\Programs\Microsoft VS Code Insiders\bin;C:\Users\NAYIF\AppData\Local\Android\Sdk\platform-tools;C:\Users\NAYIF\AppData\Local\Programs\cursor\resources\app\bin
USERNAME=NAYIF
LANG=en_US.UTF-8
OS=Windows_NT
PROCESSOR_IDENTIFIER=Intel64 Family 6 Model 151 Stepping 2, GenuineIntel
TMP=C:\Users\NAYIF\AppData\Local\Temp
TEMP=C:\Users\NAYIF\AppData\Local\Temp




Periodic native trim disabled

---------------  S Y S T E M  ---------------

OS:
 Windows 11 , 64 bit Build 26100 (10.0.26100.3037)
OS uptime: 0 days 3:30 hours
Hyper-V role detected

CPU: total 16 (initial active 16) (8 cores per cpu, 2 threads per core) family 6 model 151 stepping 2 microcode 0x28, cx8, cmov, fxsr, ht, mmx, 3dnowpref, sse, sse2, sse3, ssse3, sse4.1, sse4.2, popcnt, lzcnt, tsc, tscinvbit, avx, avx2, aes, erms, clmul, bmi1, bmi2, adx, sha, fma, vzeroupper, clflush, clflushopt, clwb, hv, serialize, rdtscp, rdpid, fsrm, gfni, f16c, cet_ibt, cet_ss
Processor Information for the first 16 processors :
  Max Mhz: 3700, Current Mhz: 3700, Mhz Limit: 3700

Memory: 4k page, system-wide physical 16165M (2464M free)
TotalPageFile size 16165M (AvailPageFile size 61M)
current process WorkingSet (physical memory assigned to process): 13M, peak: 13M
current process commit charge ("private bytes"): 70M, peak: 134M

vm_info: Java HotSpot(TM) 64-Bit Server VM (23.0.2+7-58) for windows-amd64 JRE (23.0.2+7-58), built on 2024-11-29T09:34:55Z with MS VC++ 17.6 (VS2022)

END.
