#
# There is insufficient memory for the Java Runtime Environment to continue.
# Native memory allocation (malloc) failed to allocate 55808 bytes. Error detail: Chunk::new
# Possible reasons:
#   The system is out of physical RAM or swap space
#   This process is running with CompressedOops enabled, and the Java Heap may be blocking the growth of the native heap
# Possible solutions:
#   Reduce memory load on the system
#   Increase physical memory or swap space
#   Check if swap backing store is full
#   Decrease Java heap size (-Xmx/-Xms)
#   Decrease number of Java threads
#   Decrease Java thread stack sizes (-Xss)
#   Set larger code cache with -XX:ReservedCodeCacheSize=
#   JVM is running with Unscaled Compressed Oops mode in which the Java heap is
#     placed in the first 4GB address space. The Java Heap base address is the
#     maximum limit for the native heap growth. Please use -XX:HeapBaseMinAddress
#     to set the Java Heap base and to place the Java Heap above 4GB virtual address.
# This output file may be truncated or incomplete.
#
#  Out of Memory Error (arena.cpp:149), pid=3236, tid=4236
#
# JRE version: Java(TM) SE Runtime Environment (23.0.2+7) (build 23.0.2+7-58)
# Java VM: Java HotSpot(TM) 64-Bit Server VM (23.0.2+7-58, mixed mode, sharing, tiered, compressed oops, compressed class ptrs, g1 gc, windows-amd64)
# No core dump will be written. Minidumps are not enabled by default on client versions of Windows
#

---------------  S U M M A R Y ------------

Command Line: -Xmx64m -Xms64m -Dorg.gradle.appname=gradlew org.gradle.wrapper.GradleWrapperMain app:installDebug -PreactNativeDevServerPort=8081

Host: 12th Gen Intel(R) Core(TM) i5-12600K, 16 cores, 15G,  Windows 11 , 64 bit Build 26100 (10.0.26100.3037)
Time: Sun Mar  9 17:55:27 2025 India Standard Time elapsed time: 11.755417 seconds (0d 0h 0m 11s)

---------------  T H R E A D  ---------------

Current thread (0x00000182382612f0):  JavaThread "C2 CompilerThread0" daemon [_thread_in_native, id=4236, stack(0x0000000e95b00000,0x0000000e95c00000) (1024K)]


Current CompileTask:
C2:11755 2207       4       java.util.LinkedHashMap$LinkedHashIterator::nextNode (68 bytes)

Stack: [0x0000000e95b00000,0x0000000e95c00000]
Native frames: (J=compiled Java code, j=interpreted, Vv=VM code, C=native code)
V  [jvm.dll+0x6e0b99]  (no source info available)
V  [jvm.dll+0x87e2b3]  (no source info available)
V  [jvm.dll+0x88073e]  (no source info available)
V  [jvm.dll+0x880e13]  (no source info available)
V  [jvm.dll+0x27b006]  (no source info available)
V  [jvm.dll+0xbc06f]  (no source info available)
V  [jvm.dll+0xbc2cb]  (no source info available)
V  [jvm.dll+0x3b3c5c]  (no source info available)
V  [jvm.dll+0x38a55b]  (no source info available)
V  [jvm.dll+0x3899ca]  (no source info available)
V  [jvm.dll+0x244ba1]  (no source info available)
V  [jvm.dll+0x243eff]  (no source info available)
V  [jvm.dll+0x1c34b0]  (no source info available)
V  [jvm.dll+0x253df1]  (no source info available)
V  [jvm.dll+0x2520aa]  (no source info available)
V  [jvm.dll+0x3ee226]  (no source info available)
V  [jvm.dll+0x8254cb]  (no source info available)
V  [jvm.dll+0x6df345]  (no source info available)
C  [ucrtbase.dll+0x37b0]  (no source info available)
C  [KERNEL32.DLL+0x2e8d7]  (no source info available)
C  [ntdll.dll+0xbbf2c]  (no source info available)

Lock stack of current Java thread (top to bottom):


---------------  P R O C E S S  ---------------

Threads class SMR info:
_java_thread_list=0x000001827ebd5d50, length=12, elements={
0x000001821ae04d60, 0x0000018238242f50, 0x0000018238243b60, 0x0000018238251d10,
0x00000182382523a0, 0x00000182382502d0, 0x0000018238251680, 0x00000182382612f0,
0x000001823826d720, 0x000001823824f5b0, 0x0000018238252a30, 0x0000018238250960
}

Java Threads: ( => current thread )
  0x000001821ae04d60 JavaThread "main"                              [_thread_in_native, id=2164, stack(0x0000000e94d00000,0x0000000e94e00000) (1024K)]
  0x0000018238242f50 JavaThread "Reference Handler"          daemon [_thread_blocked, id=15388, stack(0x0000000e95500000,0x0000000e95600000) (1024K)]
  0x0000018238243b60 JavaThread "Finalizer"                  daemon [_thread_blocked, id=11636, stack(0x0000000e95600000,0x0000000e95700000) (1024K)]
  0x0000018238251d10 JavaThread "Signal Dispatcher"          daemon [_thread_blocked, id=14952, stack(0x0000000e95700000,0x0000000e95800000) (1024K)]
  0x00000182382523a0 JavaThread "Attach Listener"            daemon [_thread_blocked, id=1692, stack(0x0000000e95800000,0x0000000e95900000) (1024K)]
  0x00000182382502d0 JavaThread "Service Thread"             daemon [_thread_blocked, id=11476, stack(0x0000000e95900000,0x0000000e95a00000) (1024K)]
  0x0000018238251680 JavaThread "Monitor Deflation Thread"   daemon [_thread_blocked, id=6580, stack(0x0000000e95a00000,0x0000000e95b00000) (1024K)]
=>0x00000182382612f0 JavaThread "C2 CompilerThread0"         daemon [_thread_in_native, id=4236, stack(0x0000000e95b00000,0x0000000e95c00000) (1024K)]
  0x000001823826d720 JavaThread "C1 CompilerThread0"         daemon [_thread_blocked, id=2632, stack(0x0000000e95c00000,0x0000000e95d00000) (1024K)]
  0x000001823824f5b0 JavaThread "Notification Thread"        daemon [_thread_blocked, id=10588, stack(0x0000000e95e00000,0x0000000e95f00000) (1024K)]
  0x0000018238252a30 JavaThread "Common-Cleaner"             daemon [_thread_blocked, id=11132, stack(0x0000000e95f00000,0x0000000e96000000) (1024K)]
  0x0000018238250960 JavaThread "pool-1-thread-1"                   [_thread_blocked, id=9552, stack(0x0000000e96c00000,0x0000000e96d00000) (1024K)]
Total: 12

Other Threads:
  0x0000018238229640 VMThread "VM Thread"                           [id=2040, stack(0x0000000e95400000,0x0000000e95500000) (1024K)]
  0x0000018238214410 WatcherThread "VM Periodic Task Thread"        [id=10880, stack(0x0000000e95300000,0x0000000e95400000) (1024K)]
  0x000001821d23a930 WorkerThread "GC Thread#0"                     [id=5204, stack(0x0000000e94e00000,0x0000000e94f00000) (1024K)]
  0x000001827e7c9f80 WorkerThread "GC Thread#1"                     [id=10720, stack(0x0000000e96700000,0x0000000e96800000) (1024K)]
  0x000001827e5a47e0 WorkerThread "GC Thread#2"                     [id=12768, stack(0x0000000e96800000,0x0000000e96900000) (1024K)]
  0x000001827e70bbc0 WorkerThread "GC Thread#3"                     [id=8420, stack(0x0000000e96900000,0x0000000e96a00000) (1024K)]
  0x000001827edba750 WorkerThread "GC Thread#4"                     [id=15872, stack(0x0000000e96d00000,0x0000000e96e00000) (1024K)]
  0x000001827edbaeb0 WorkerThread "GC Thread#5"                     [id=6432, stack(0x0000000e96e00000,0x0000000e96f00000) (1024K)]
  0x000001827edbb260 WorkerThread "GC Thread#6"                     [id=2548, stack(0x0000000e96f00000,0x0000000e97000000) (1024K)]
  0x000001827edbab00 WorkerThread "GC Thread#7"                     [id=10632, stack(0x0000000e97000000,0x0000000e97100000) (1024K)]
  0x000001821d23c380 ConcurrentGCThread "G1 Main Marker"            [id=7788, stack(0x0000000e94f00000,0x0000000e95000000) (1024K)]
  0x000001821d23ddb0 WorkerThread "G1 Conc#0"                       [id=14216, stack(0x0000000e95000000,0x0000000e95100000) (1024K)]
  0x000001821d2d5910 ConcurrentGCThread "G1 Refine#0"               [id=496, stack(0x0000000e95100000,0x0000000e95200000) (1024K)]
  0x00000182380f15f0 ConcurrentGCThread "G1 Service"                [id=15784, stack(0x0000000e95200000,0x0000000e95300000) (1024K)]
Total: 14

Threads with active compile tasks:
C2 CompilerThread0  11789 2207       4       java.util.LinkedHashMap$LinkedHashIterator::nextNode (68 bytes)
Total: 1

VM state: not at safepoint (normal execution)

VM Mutex/Monitor currently owned by a thread: None

Heap address: 0x00000000fc000000, size: 64 MB, Compressed Oops mode: 32-bit

CDS archive(s) mapped at: [0x0000018239000000-0x0000018239d70000-0x0000018239d70000), size 14090240, SharedBaseAddress: 0x0000018239000000, ArchiveRelocationMode: 1.
Compressed class space mapped at: 0x000001823a000000-0x000001827a000000, reserved size: 1073741824
Narrow klass base: 0x0000018239000000, Narrow klass shift: 0, Narrow klass range: 0x41000000

GC Precious Log:
 CardTable entry size: 512
 Card Set container configuration: InlinePtr #cards 5 size 8 Array Of Cards #cards 10 size 36 Howl #buckets 4 coarsen threshold 1843 Howl Bitmap #cards 512 size 80 coarsen threshold 460 Card regions per heap region 1 cards per card region 2048
 CPUs: 16 total, 16 available
 Memory: 16165M
 Large Page Support: Disabled
 NUMA Support: Disabled
 Compressed Oops: Enabled (32-bit)
 Heap Region Size: 1M
 Heap Min Capacity: 64M
 Heap Initial Capacity: 64M
 Heap Max Capacity: 64M
 Pre-touch: Disabled
 Parallel Workers: 13
 Concurrent Workers: 3
 Concurrent Refinement Workers: 13
 Periodic GC: Disabled

Heap:
 garbage-first heap   total reserved 65536K, committed 65536K, used 20086K [0x00000000fc000000, 0x0000000100000000)
  region size 1024K, 13 young (13312K), 4 survivors (4096K)
 Metaspace       used 10117K, committed 10432K, reserved 1114112K
  class space    used 1381K, committed 1536K, reserved 1048576K

Heap Regions: E=young(eden), S=young(survivor), O=old, HS=humongous(starts), HC=humongous(continues), CS=collection set, F=free, TAMS=top-at-mark-start, PB=parsable bottom
|   0|0x00000000fc000000, 0x00000000fc100000, 0x00000000fc100000|100%| O|  |TAMS 0x00000000fc000000| PB 0x00000000fc000000| Untracked |  0
|   1|0x00000000fc100000, 0x00000000fc200000, 0x00000000fc200000|100%| O|  |TAMS 0x00000000fc100000| PB 0x00000000fc100000| Untracked |  0
|   2|0x00000000fc200000, 0x00000000fc300000, 0x00000000fc300000|100%|HS|  |TAMS 0x00000000fc200000| PB 0x00000000fc200000| Complete |  0
|   3|0x00000000fc300000, 0x00000000fc400000, 0x00000000fc400000|100%|HC|  |TAMS 0x00000000fc300000| PB 0x00000000fc300000| Complete |  0
|   4|0x00000000fc400000, 0x00000000fc500000, 0x00000000fc500000|100%|HC|  |TAMS 0x00000000fc400000| PB 0x00000000fc400000| Complete |  0
|   5|0x00000000fc500000, 0x00000000fc600000, 0x00000000fc600000|100%| O|  |TAMS 0x00000000fc500000| PB 0x00000000fc500000| Untracked |  0
|   6|0x00000000fc600000, 0x00000000fc700000, 0x00000000fc700000|100%| O|  |TAMS 0x00000000fc600000| PB 0x00000000fc600000| Untracked |  0
|   7|0x00000000fc700000, 0x00000000fc7b5d80, 0x00000000fc800000| 71%| O|  |TAMS 0x00000000fc700000| PB 0x00000000fc700000| Untracked |  0
|   8|0x00000000fc800000, 0x00000000fc800000, 0x00000000fc900000|  0%| F|  |TAMS 0x00000000fc800000| PB 0x00000000fc800000| Untracked |  0
|   9|0x00000000fc900000, 0x00000000fc900000, 0x00000000fca00000|  0%| F|  |TAMS 0x00000000fc900000| PB 0x00000000fc900000| Untracked |  0
|  10|0x00000000fca00000, 0x00000000fca00000, 0x00000000fcb00000|  0%| F|  |TAMS 0x00000000fca00000| PB 0x00000000fca00000| Untracked |  0
|  11|0x00000000fcb00000, 0x00000000fcb00000, 0x00000000fcc00000|  0%| F|  |TAMS 0x00000000fcb00000| PB 0x00000000fcb00000| Untracked |  0
|  12|0x00000000fcc00000, 0x00000000fcc00000, 0x00000000fcd00000|  0%| F|  |TAMS 0x00000000fcc00000| PB 0x00000000fcc00000| Untracked |  0
|  13|0x00000000fcd00000, 0x00000000fcd00000, 0x00000000fce00000|  0%| F|  |TAMS 0x00000000fcd00000| PB 0x00000000fcd00000| Untracked |  0
|  14|0x00000000fce00000, 0x00000000fce00000, 0x00000000fcf00000|  0%| F|  |TAMS 0x00000000fce00000| PB 0x00000000fce00000| Untracked |  0
|  15|0x00000000fcf00000, 0x00000000fcf00000, 0x00000000fd000000|  0%| F|  |TAMS 0x00000000fcf00000| PB 0x00000000fcf00000| Untracked |  0
|  16|0x00000000fd000000, 0x00000000fd000000, 0x00000000fd100000|  0%| F|  |TAMS 0x00000000fd000000| PB 0x00000000fd000000| Untracked |  0
|  17|0x00000000fd100000, 0x00000000fd100000, 0x00000000fd200000|  0%| F|  |TAMS 0x00000000fd100000| PB 0x00000000fd100000| Untracked |  0
|  18|0x00000000fd200000, 0x00000000fd200000, 0x00000000fd300000|  0%| F|  |TAMS 0x00000000fd200000| PB 0x00000000fd200000| Untracked |  0
|  19|0x00000000fd300000, 0x00000000fd300000, 0x00000000fd400000|  0%| F|  |TAMS 0x00000000fd300000| PB 0x00000000fd300000| Untracked |  0
|  20|0x00000000fd400000, 0x00000000fd400000, 0x00000000fd500000|  0%| F|  |TAMS 0x00000000fd400000| PB 0x00000000fd400000| Untracked |  0
|  21|0x00000000fd500000, 0x00000000fd500000, 0x00000000fd600000|  0%| F|  |TAMS 0x00000000fd500000| PB 0x00000000fd500000| Untracked |  0
|  22|0x00000000fd600000, 0x00000000fd600000, 0x00000000fd700000|  0%| F|  |TAMS 0x00000000fd600000| PB 0x00000000fd600000| Untracked |  0
|  23|0x00000000fd700000, 0x00000000fd700000, 0x00000000fd800000|  0%| F|  |TAMS 0x00000000fd700000| PB 0x00000000fd700000| Untracked |  0
|  24|0x00000000fd800000, 0x00000000fd800000, 0x00000000fd900000|  0%| F|  |TAMS 0x00000000fd800000| PB 0x00000000fd800000| Untracked |  0
|  25|0x00000000fd900000, 0x00000000fd900000, 0x00000000fda00000|  0%| F|  |TAMS 0x00000000fd900000| PB 0x00000000fd900000| Untracked |  0
|  26|0x00000000fda00000, 0x00000000fda00000, 0x00000000fdb00000|  0%| F|  |TAMS 0x00000000fda00000| PB 0x00000000fda00000| Untracked |  0
|  27|0x00000000fdb00000, 0x00000000fdb00000, 0x00000000fdc00000|  0%| F|  |TAMS 0x00000000fdb00000| PB 0x00000000fdb00000| Untracked |  0
|  28|0x00000000fdc00000, 0x00000000fdc00000, 0x00000000fdd00000|  0%| F|  |TAMS 0x00000000fdc00000| PB 0x00000000fdc00000| Untracked |  0
|  29|0x00000000fdd00000, 0x00000000fdd00000, 0x00000000fde00000|  0%| F|  |TAMS 0x00000000fdd00000| PB 0x00000000fdd00000| Untracked |  0
|  30|0x00000000fde00000, 0x00000000fde00000, 0x00000000fdf00000|  0%| F|  |TAMS 0x00000000fde00000| PB 0x00000000fde00000| Untracked |  0
|  31|0x00000000fdf00000, 0x00000000fdf00000, 0x00000000fe000000|  0%| F|  |TAMS 0x00000000fdf00000| PB 0x00000000fdf00000| Untracked |  0
|  32|0x00000000fe000000, 0x00000000fe000000, 0x00000000fe100000|  0%| F|  |TAMS 0x00000000fe000000| PB 0x00000000fe000000| Untracked |  0
|  33|0x00000000fe100000, 0x00000000fe100000, 0x00000000fe200000|  0%| F|  |TAMS 0x00000000fe100000| PB 0x00000000fe100000| Untracked |  0
|  34|0x00000000fe200000, 0x00000000fe2e7ae0, 0x00000000fe300000| 90%| S|CS|TAMS 0x00000000fe200000| PB 0x00000000fe200000| Complete |  0
|  35|0x00000000fe300000, 0x00000000fe400000, 0x00000000fe400000|100%| S|CS|TAMS 0x00000000fe300000| PB 0x00000000fe300000| Complete |  0
|  36|0x00000000fe400000, 0x00000000fe500000, 0x00000000fe500000|100%| S|CS|TAMS 0x00000000fe400000| PB 0x00000000fe400000| Complete |  0
|  37|0x00000000fe500000, 0x00000000fe500000, 0x00000000fe600000|  0%| F|  |TAMS 0x00000000fe500000| PB 0x00000000fe500000| Untracked |  0
|  38|0x00000000fe600000, 0x00000000fe600000, 0x00000000fe700000|  0%| F|  |TAMS 0x00000000fe600000| PB 0x00000000fe600000| Untracked |  0
|  39|0x00000000fe700000, 0x00000000fe700000, 0x00000000fe800000|  0%| F|  |TAMS 0x00000000fe700000| PB 0x00000000fe700000| Untracked |  0
|  40|0x00000000fe800000, 0x00000000fe900000, 0x00000000fe900000|100%| S|CS|TAMS 0x00000000fe800000| PB 0x00000000fe800000| Complete |  0
|  41|0x00000000fe900000, 0x00000000fe900000, 0x00000000fea00000|  0%| F|  |TAMS 0x00000000fe900000| PB 0x00000000fe900000| Untracked |  0
|  42|0x00000000fea00000, 0x00000000fea00000, 0x00000000feb00000|  0%| F|  |TAMS 0x00000000fea00000| PB 0x00000000fea00000| Untracked |  0
|  43|0x00000000feb00000, 0x00000000feb00000, 0x00000000fec00000|  0%| F|  |TAMS 0x00000000feb00000| PB 0x00000000feb00000| Untracked |  0
|  44|0x00000000fec00000, 0x00000000fec00000, 0x00000000fed00000|  0%| F|  |TAMS 0x00000000fec00000| PB 0x00000000fec00000| Untracked |  0
|  45|0x00000000fed00000, 0x00000000fed00000, 0x00000000fee00000|  0%| F|  |TAMS 0x00000000fed00000| PB 0x00000000fed00000| Untracked |  0
|  46|0x00000000fee00000, 0x00000000fee00000, 0x00000000fef00000|  0%| F|  |TAMS 0x00000000fee00000| PB 0x00000000fee00000| Untracked |  0
|  47|0x00000000fef00000, 0x00000000fef00000, 0x00000000ff000000|  0%| F|  |TAMS 0x00000000fef00000| PB 0x00000000fef00000| Untracked |  0
|  48|0x00000000ff000000, 0x00000000ff000000, 0x00000000ff100000|  0%| F|  |TAMS 0x00000000ff000000| PB 0x00000000ff000000| Untracked |  0
|  49|0x00000000ff100000, 0x00000000ff100000, 0x00000000ff200000|  0%| F|  |TAMS 0x00000000ff100000| PB 0x00000000ff100000| Untracked |  0
|  50|0x00000000ff200000, 0x00000000ff200000, 0x00000000ff300000|  0%| F|  |TAMS 0x00000000ff200000| PB 0x00000000ff200000| Untracked |  0
|  51|0x00000000ff300000, 0x00000000ff300000, 0x00000000ff400000|  0%| F|  |TAMS 0x00000000ff300000| PB 0x00000000ff300000| Untracked |  0
|  52|0x00000000ff400000, 0x00000000ff400000, 0x00000000ff500000|  0%| F|  |TAMS 0x00000000ff400000| PB 0x00000000ff400000| Untracked |  0
|  53|0x00000000ff500000, 0x00000000ff500000, 0x00000000ff600000|  0%| F|  |TAMS 0x00000000ff500000| PB 0x00000000ff500000| Untracked |  0
|  54|0x00000000ff600000, 0x00000000ff600000, 0x00000000ff700000|  0%| F|  |TAMS 0x00000000ff600000| PB 0x00000000ff600000| Untracked |  0
|  55|0x00000000ff700000, 0x00000000ff7d06c8, 0x00000000ff800000| 81%| E|  |TAMS 0x00000000ff700000| PB 0x00000000ff700000| Complete |  0
|  56|0x00000000ff800000, 0x00000000ff900000, 0x00000000ff900000|100%| E|CS|TAMS 0x00000000ff800000| PB 0x00000000ff800000| Complete |  1
|  57|0x00000000ff900000, 0x00000000ffa00000, 0x00000000ffa00000|100%| E|CS|TAMS 0x00000000ff900000| PB 0x00000000ff900000| Complete |  0
|  58|0x00000000ffa00000, 0x00000000ffb00000, 0x00000000ffb00000|100%| E|CS|TAMS 0x00000000ffa00000| PB 0x00000000ffa00000| Complete |  0
|  59|0x00000000ffb00000, 0x00000000ffc00000, 0x00000000ffc00000|100%| E|CS|TAMS 0x00000000ffb00000| PB 0x00000000ffb00000| Complete |  0
|  60|0x00000000ffc00000, 0x00000000ffd00000, 0x00000000ffd00000|100%| E|CS|TAMS 0x00000000ffc00000| PB 0x00000000ffc00000| Complete |  0
|  61|0x00000000ffd00000, 0x00000000ffe00000, 0x00000000ffe00000|100%| E|CS|TAMS 0x00000000ffd00000| PB 0x00000000ffd00000| Complete |  0
|  62|0x00000000ffe00000, 0x00000000fff00000, 0x00000000fff00000|100%| E|CS|TAMS 0x00000000ffe00000| PB 0x00000000ffe00000| Complete |  0
|  63|0x00000000fff00000, 0x0000000100000000, 0x0000000100000000|100%| E|CS|TAMS 0x00000000fff00000| PB 0x00000000fff00000| Complete |  0

Card table byte_map: [0x000001821c840000,0x000001821c860000] _byte_map_base: 0x000001821c060000

Marking Bits: (CMBitMap*) 0x000001821d23b040
 Bits: [0x00000182351f0000, 0x00000182352f0000)

Polling page: 0x000001821b040000

Metaspace:

Usage:
  Non-class:      8.53 MB used.
      Class:      1.35 MB used.
       Both:      9.88 MB used.

Virtual space:
  Non-class space:       64.00 MB reserved,       8.69 MB ( 14%) committed,  1 nodes.
      Class space:        1.00 GB reserved,       1.50 MB ( <1%) committed,  1 nodes.
             Both:        1.06 GB reserved,      10.19 MB ( <1%) committed. 

Chunk freelists:
   Non-Class:  6.50 MB
       Class:  14.51 MB
        Both:  21.01 MB

MaxMetaspaceSize: unlimited
CompressedClassSpaceSize: 1.00 GB
Initial GC threshold: 21.00 MB
Current GC threshold: 21.00 MB
CDS: on
 - commit_granule_bytes: 65536.
 - commit_granule_words: 8192.
 - virtual_space_node_default_size: 8388608.
 - enlarge_chunks_in_place: 1.
 - use_allocation_guard: 0.


Internal statistics:

num_allocs_failed_limit: 0.
num_arena_births: 266.
num_arena_deaths: 0.
num_vsnodes_births: 2.
num_vsnodes_deaths: 0.
num_space_committed: 163.
num_space_uncommitted: 0.
num_chunks_returned_to_freelist: 0.
num_chunks_taken_from_freelist: 560.
num_chunk_merges: 0.
num_chunk_splits: 357.
num_chunks_enlarged: 258.
num_inconsistent_stats: 0.

CodeHeap 'non-profiled nmethods': size=119232Kb used=674Kb max_used=674Kb free=118557Kb
 bounds [0x000001822d4f0000, 0x000001822d760000, 0x0000018234960000]
CodeHeap 'profiled nmethods': size=119104Kb used=3179Kb max_used=3179Kb free=115925Kb
 bounds [0x0000018225960000, 0x0000018225c80000, 0x000001822cdb0000]
CodeHeap 'non-nmethods': size=7424Kb used=1415Kb max_used=3120Kb free=6008Kb
 bounds [0x000001822cdb0000, 0x000001822d0c0000, 0x000001822d4f0000]
CodeCache: size=245760Kb, used=5268Kb, max_used=6973Kb, free=240490Kb
 total_blobs=2731, nmethods=2217, adapters=419, full_count=0
Compilation: enabled, stopped_count=0, restarted_count=0

Compilation events (20 events):
Event: 9.512 Thread 0x000001823826d720 nmethod 2206 0x000001822d598208 code [0x000001822d598320, 0x000001822d5983d0]
Event: 9.717 Thread 0x00000182382612f0 2207       4       java.util.LinkedHashMap$LinkedHashIterator::nextNode (68 bytes)
Event: 9.718 Thread 0x000001823826d720 2211       3       java.util.Collections$SingletonList::get (41 bytes)
Event: 9.718 Thread 0x000001823826d720 nmethod 2211 0x0000018225c75e08 code [0x0000018225c75fc0, 0x0000018225c766c8]
Event: 9.718 Thread 0x000001823826d720 2208       3       java.util.AbstractList::listIterator (15 bytes)
Event: 9.718 Thread 0x000001823826d720 nmethod 2208 0x0000018225c76788 code [0x0000018225c76900, 0x0000018225c76f20]
Event: 9.718 Thread 0x000001823826d720 2209       3       java.util.AbstractList::rangeCheckForAdd (26 bytes)
Event: 11.737 Thread 0x000001823826d720 nmethod 2209 0x0000018225c76f88 code [0x0000018225c771a0, 0x0000018225c77b98]
Event: 11.737 Thread 0x000001823826d720 2210       3       java.util.AbstractList$ListItr::<init> (16 bytes)
Event: 11.738 Thread 0x000001823826d720 nmethod 2210 0x0000018225c77c08 code [0x0000018225c77d40, 0x0000018225c77fe0]
Event: 11.738 Thread 0x000001823826d720 2214       3       org.gradle.internal.logging.events.StyledTextOutputEvent$Span::<init> (15 bytes)
Event: 11.738 Thread 0x000001823826d720 nmethod 2214 0x0000018225c78008 code [0x0000018225c78120, 0x0000018225c78340]
Event: 11.738 Thread 0x000001823826d720 2217       3       java.util.concurrent.locks.LockSupport::setBlocker (12 bytes)
Event: 11.738 Thread 0x000001823826d720 nmethod 2217 0x0000018225c78388 code [0x0000018225c784a0, 0x0000018225c786a8]
Event: 11.738 Thread 0x000001823826d720 2215       3       java.lang.invoke.VarHandleGuards::guard_LLL_Z (86 bytes)
Event: 11.742 Thread 0x000001823826d720 nmethod 2215 0x0000018225c78708 code [0x0000018225c789a0, 0x0000018225c7a268]
Event: 11.742 Thread 0x000001823826d720 2212       3       java.util.Collections::singletonList (9 bytes)
Event: 11.742 Thread 0x000001823826d720 nmethod 2212 0x0000018225c7a308 code [0x0000018225c7a440, 0x0000018225c7a760]
Event: 11.742 Thread 0x000001823826d720 2213       3       java.util.Collections$SingletonList::<init> (10 bytes)
Event: 11.742 Thread 0x000001823826d720 nmethod 2213 0x0000018225c7a808 code [0x0000018225c7a940, 0x0000018225c7abc8]

GC Heap History (4 events):
Event: 0.213 GC heap before
{Heap before GC invocations=0 (full 0):
 garbage-first heap   total reserved 65536K, committed 65536K, used 23552K [0x00000000fc000000, 0x0000000100000000)
  region size 1024K, 24 young (24576K), 0 survivors (0K)
 Metaspace       used 1702K, committed 1920K, reserved 1114112K
  class space    used 152K, committed 256K, reserved 1048576K
}
Event: 0.216 GC heap after
{Heap after GC invocations=1 (full 0):
 garbage-first heap   total reserved 65536K, committed 65536K, used 4772K [0x00000000fc000000, 0x0000000100000000)
  region size 1024K, 3 young (3072K), 3 survivors (3072K)
 Metaspace       used 1702K, committed 1920K, reserved 1114112K
  class space    used 152K, committed 256K, reserved 1048576K
}
Event: 0.521 GC heap before
{Heap before GC invocations=1 (full 0):
 garbage-first heap   total reserved 65536K, committed 65536K, used 30372K [0x00000000fc000000, 0x0000000100000000)
  region size 1024K, 26 young (26624K), 3 survivors (3072K)
 Metaspace       used 7331K, committed 7616K, reserved 1114112K
  class space    used 1024K, committed 1152K, reserved 1048576K
}
Event: 0.524 GC heap after
{Heap after GC invocations=2 (full 0):
 garbage-first heap   total reserved 65536K, committed 65536K, used 11894K [0x00000000fc000000, 0x0000000100000000)
  region size 1024K, 4 young (4096K), 4 survivors (4096K)
 Metaspace       used 7331K, committed 7616K, reserved 1114112K
  class space    used 1024K, committed 1152K, reserved 1048576K
}

Dll operation events (13 events):
Event: 0.005 Loaded shared library C:\Program Files\Java\jdk-23\bin\java.dll
Event: 0.022 Loaded shared library C:\Program Files\Java\jdk-23\bin\jsvml.dll
Event: 0.031 Loaded shared library C:\Program Files\Java\jdk-23\bin\net.dll
Event: 0.032 Loaded shared library C:\Program Files\Java\jdk-23\bin\nio.dll
Event: 0.034 Loaded shared library C:\Program Files\Java\jdk-23\bin\zip.dll
Event: 0.036 Loaded shared library C:\Program Files\Java\jdk-23\bin\verify.dll
Event: 0.173 Loaded shared library C:\Program Files\Java\jdk-23\bin\jimage.dll
Event: 0.350 Loaded shared library C:\Program Files\Java\jdk-23\bin\management.dll
Event: 0.351 Loaded shared library C:\Program Files\Java\jdk-23\bin\management_ext.dll
Event: 0.385 Loaded shared library C:\Users\NAYIF\.gradle\native\1def1411415f61bf3af743bc5b6707747c0891f09f0c88961ee8f79bc544acac\windows-amd64\native-platform.dll
Event: 0.396 Loaded shared library C:\Users\NAYIF\.gradle\native\jansi\1.18\windows64\jansi.dll
Event: 0.570 Loaded shared library C:\Program Files\Java\jdk-23\bin\extnet.dll
Event: 0.605 Loaded shared library C:\Program Files\Java\jdk-23\bin\sunmscapi.dll

Deoptimization events (20 events):
Event: 0.612 Thread 0x000001821ae04d60 Uncommon trap: trap_request=0xffffff45 fr.pc=0x000001822d55c518 relative=0x00000000000007b8
Event: 0.612 Thread 0x000001821ae04d60 Uncommon trap: reason=unstable_if action=reinterpret pc=0x000001822d55c518 method=java.lang.Integer.stringSize(I)I @ 19 c2
Event: 0.612 Thread 0x000001821ae04d60 DEOPT PACKING pc=0x000001822d55c518 sp=0x0000000e94dfdd60
Event: 0.612 Thread 0x000001821ae04d60 DEOPT UNPACKING pc=0x000001822ce04402 sp=0x0000000e94dfdcb8 mode 2
Event: 0.624 Thread 0x000001821ae04d60 Uncommon trap: trap_request=0xffffffde fr.pc=0x000001822d522174 relative=0x0000000000000074
Event: 0.624 Thread 0x000001821ae04d60 Uncommon trap: reason=class_check action=maybe_recompile pc=0x000001822d522174 method=java.util.AbstractList$Itr.hasNext()Z @ 8 c2
Event: 0.624 Thread 0x000001821ae04d60 DEOPT PACKING pc=0x000001822d522174 sp=0x0000000e94dfe340
Event: 0.624 Thread 0x000001821ae04d60 DEOPT UNPACKING pc=0x000001822ce04402 sp=0x0000000e94dfe2d8 mode 2
Event: 0.641 Thread 0x000001821ae04d60 Uncommon trap: trap_request=0xffffff45 fr.pc=0x000001822d5877e4 relative=0x00000000000015c4
Event: 0.641 Thread 0x000001821ae04d60 Uncommon trap: reason=unstable_if action=reinterpret pc=0x000001822d5877e4 method=java.util.concurrent.ConcurrentHashMap.transfer([Ljava/util/concurrent/ConcurrentHashMap$Node;[Ljava/util/concurrent/ConcurrentHashMap$Node;)V @ 26 c2
Event: 0.641 Thread 0x000001821ae04d60 DEOPT PACKING pc=0x000001822d5877e4 sp=0x0000000e94df9830
Event: 0.641 Thread 0x000001821ae04d60 DEOPT UNPACKING pc=0x000001822ce04402 sp=0x0000000e94df97a0 mode 2
Event: 0.799 Thread 0x000001821ae04d60 Uncommon trap: trap_request=0xffffffc6 fr.pc=0x000001822d55bb1c relative=0x00000000000003bc
Event: 0.799 Thread 0x000001821ae04d60 Uncommon trap: reason=bimorphic_or_optimized_type_check action=maybe_recompile pc=0x000001822d55bb1c method=java.util.concurrent.ConcurrentHashMap.get(Ljava/lang/Object;)Ljava/lang/Object; @ 149 c2
Event: 0.799 Thread 0x000001821ae04d60 DEOPT PACKING pc=0x000001822d55bb1c sp=0x0000000e94dfe4a0
Event: 0.799 Thread 0x000001821ae04d60 DEOPT UNPACKING pc=0x000001822ce04402 sp=0x0000000e94dfe420 mode 2
Event: 0.822 Thread 0x0000018238250960 Uncommon trap: trap_request=0xffffffde fr.pc=0x000001822d5283e4 relative=0x00000000000000c4
Event: 0.822 Thread 0x0000018238250960 Uncommon trap: reason=class_check action=maybe_recompile pc=0x000001822d5283e4 method=java.util.AbstractList$Itr.next()Ljava/lang/Object; @ 14 c2
Event: 0.822 Thread 0x0000018238250960 DEOPT PACKING pc=0x000001822d5283e4 sp=0x0000000e96cfea00
Event: 0.822 Thread 0x0000018238250960 DEOPT UNPACKING pc=0x000001822ce04402 sp=0x0000000e96cfe998 mode 2

Classes loaded (20 events):
Event: 0.643 Loading class jdk/internal/logger/LazyLoggers$LazyLoggerFactories
Event: 0.643 Loading class jdk/internal/logger/LazyLoggers$LazyLoggerFactories done
Event: 0.644 Loading class jdk/internal/logger/LoggerFinderLoader
Event: 0.644 Loading class jdk/internal/logger/LoggerFinderLoader done
Event: 0.644 Loading class jdk/internal/logger/LoggerFinderLoader$TemporaryLoggerFinder
Event: 0.644 Loading class jdk/internal/logger/LoggerFinderLoader$TemporaryLoggerFinder done
Event: 0.644 Loading class sun/util/logging/internal/LoggingProviderImpl$JULWrapper
Event: 0.644 Loading class sun/util/logging/PlatformLogger$ConfigurableBridge$LoggerConfiguration
Event: 0.644 Loading class sun/util/logging/PlatformLogger$ConfigurableBridge$LoggerConfiguration done
Event: 0.644 Loading class sun/util/logging/internal/LoggingProviderImpl$JULWrapper done
Event: 0.645 Loading class java/io/ObjectInputFilter$Config$BuiltinFilterFactory
Event: 0.645 Loading class java/io/ObjectInputFilter$Config$BuiltinFilterFactory done
Event: 0.645 Loading class jdk/internal/access/JavaObjectInputFilterAccess
Event: 0.645 Loading class jdk/internal/access/JavaObjectInputFilterAccess done
Event: 0.645 Loading class java/lang/System$Logger$Level
Event: 0.645 Loading class java/lang/System$Logger$Level done
Event: 0.821 Loading class java/util/AbstractList$ListItr
Event: 0.821 Loading class java/util/AbstractList$ListItr done
Event: 0.832 Loading class java/lang/invoke/MethodHandle$1
Event: 0.832 Loading class java/lang/invoke/MethodHandle$1 done

Classes unloaded (0 events):
No events

Classes redefined (0 events):
No events

Internal exceptions (20 events):
Event: 0.355 Thread 0x000001821ae04d60 Exception <a 'java/lang/NoSuchMethodError'{0x00000000ff507cd8}: 'int java.lang.invoke.DirectMethodHandle$Holder.invokeSpecial(java.lang.Object, java.lang.Object, java.lang.Object)'> (0x00000000ff507cd8) 
thrown [s\open\src\hotspot\share\interpreter\linkResolver.cpp, line 796]
Event: 0.369 Thread 0x000001821ae04d60 Exception <a 'java/lang/NoClassDefFoundError'{0x00000000ff5b9cd0}: org/slf4j/impl/StaticMarkerBinder> (0x00000000ff5b9cd0) 
thrown [s\open\src\hotspot\share\classfile\systemDictionary.cpp, line 302]
Event: 0.375 Thread 0x000001821ae04d60 Exception <a 'java/lang/NoSuchMethodError'{0x00000000ff45fbb0}: 'java.lang.Object java.lang.invoke.Invokers$Holder.invoker(java.lang.Object, java.lang.Object, java.lang.Object)'> (0x00000000ff45fbb0) 
thrown [s\open\src\hotspot\share\interpreter\linkResolver.cpp, line 796]
Event: 0.375 Thread 0x000001821ae04d60 Exception <a 'java/lang/NoSuchMethodError'{0x00000000ff468030}: 'java.lang.Object java.lang.invoke.DirectMethodHandle$Holder.invokeStatic(java.lang.Object, java.lang.Object, int)'> (0x00000000ff468030) 
thrown [s\open\src\hotspot\share\interpreter\linkResolver.cpp, line 796]
Event: 0.376 Thread 0x000001821ae04d60 Exception <a 'java/lang/NoSuchMethodError'{0x00000000ff473a60}: 'void java.lang.invoke.DelegatingMethodHandle$Holder.delegate(java.lang.Object, java.lang.Object, int, java.lang.Object)'> (0x00000000ff473a60) 
thrown [s\open\src\hotspot\share\interpreter\linkResolver.cpp, line 796]
Event: 0.437 Thread 0x000001821ae04d60 Exception <a 'java/lang/NoSuchMethodError'{0x00000000fef492a0}: 'java.lang.Object java.lang.invoke.Invokers$Holder.invokeExact_MT(java.lang.Object, java.lang.Object, java.lang.Object, java.lang.Object, java.lang.Object)'> (0x00000000fef492a0) 
thrown [s\open\src\hotspot\share\interpreter\linkResolver.cpp, line 796]
Event: 0.443 Thread 0x000001821ae04d60 Exception <a 'java/lang/NoSuchMethodError'{0x00000000fef82c10}: 'java.lang.Object java.lang.invoke.DirectMethodHandle$Holder.invokeVirtual(java.lang.Object, java.lang.Object, java.lang.Object, java.lang.Object, java.lang.Object, java.lang.Object, java.lang.Object)'> (0x00000000fef82c10) 
thrown [s\open\src\hotspot\share\interpreter\linkResolver.cpp, line 796]
Event: 0.448 Thread 0x000001821ae04d60 Exception <a 'java/lang/NoSuchMethodError'{0x00000000fefc0b50}: 'java.lang.Object java.lang.invoke.DirectMethodHandle$Holder.invokeVirtual(java.lang.Object, java.lang.Object, java.lang.Object, java.lang.Object)'> (0x00000000fefc0b50) 
thrown [s\open\src\hotspot\share\interpreter\linkResolver.cpp, line 796]
Event: 0.459 Thread 0x000001821ae04d60 Implicit null exception at 0x000001822d555b2a to 0x000001822d555d88
Event: 0.459 Thread 0x000001821ae04d60 Implicit null exception at 0x000001822d51901d to 0x000001822d51909d
Event: 0.478 Thread 0x000001821ae04d60 Exception <a 'java/lang/NoSuchMethodError'{0x00000000fedee060}: 'java.lang.Object java.lang.invoke.DirectMethodHandle$Holder.invokeVirtual(java.lang.Object, java.lang.Object, java.lang.Object, java.lang.Object, java.lang.Object)'> (0x00000000fedee060) 
thrown [s\open\src\hotspot\share\interpreter\linkResolver.cpp, line 796]
Event: 0.506 Thread 0x000001821ae04d60 Exception <a 'java/lang/NoSuchMethodError'{0x00000000fea80160}: 'java.lang.Object java.lang.invoke.DirectMethodHandle$Holder.invokeVirtual(java.lang.Object, java.lang.Object, java.lang.Object, java.lang.Object, java.lang.Object, java.lang.Object)'> (0x00000000fea80160) 
thrown [s\open\src\hotspot\share\interpreter\linkResolver.cpp, line 796]
Event: 0.513 Thread 0x000001821ae04d60 Exception <a 'java/lang/NoSuchMethodError'{0x00000000fe913788}: 'java.lang.Object java.lang.invoke.DirectMethodHandle$Holder.invokeSpecialIFC(java.lang.Object, java.lang.Object, java.lang.Object, java.lang.Object)'> (0x00000000fe913788) 
thrown [s\open\src\hotspot\share\interpreter\linkResolver.cpp, line 796]
Event: 0.513 Thread 0x000001821ae04d60 Exception <a 'java/lang/NoSuchMethodError'{0x00000000fe91ce20}: 'java.lang.Object java.lang.invoke.DirectMethodHandle$Holder.invokeVirtual(java.lang.Object, java.lang.Object, java.lang.Object, java.lang.Object, java.lang.Object, java.lang.Object, java.lang.Object, java.lang.Object)'> (0x00000000fe91ce20) 
thrown [s\open\src\hotspot\share\interpreter\linkResolver.cpp, line 796]
Event: 0.519 Thread 0x000001821ae04d60 Exception <a 'java/lang/NoSuchMethodError'{0x00000000fe982a40}: 'java.lang.Object java.lang.invoke.DirectMethodHandle$Holder.invokeVirtual(java.lang.Object, java.lang.Object, java.lang.Object, java.lang.Object, java.lang.Object, java.lang.Object, java.lang.Object, java.lang.Object, java.lang.Object)'> (0x00000000fe982a40) 
thrown [s\open\src\hotspot\share\interpreter\linkResolver.cpp, line 796]
Event: 0.550 Thread 0x000001821ae04d60 Exception <a 'java/lang/NoSuchMethodError'{0x00000000ffdceb90}: 'java.lang.Object java.lang.invoke.DirectMethodHandle$Holder.invokeStaticInit(java.lang.Object, int, int, int, int)'> (0x00000000ffdceb90) 
thrown [s\open\src\hotspot\share\interpreter\linkResolver.cpp, line 796]
Event: 0.562 Thread 0x000001821ae04d60 Exception <a 'java/lang/NoSuchMethodError'{0x00000000ffc92810}: 'java.lang.Object java.lang.invoke.DirectMethodHandle$Holder.invokeStaticInit(java.lang.Object, java.lang.Object, int, int, int, int)'> (0x00000000ffc92810) 
thrown [s\open\src\hotspot\share\interpreter\linkResolver.cpp, line 796]
Event: 0.583 Thread 0x000001821ae04d60 Implicit null exception at 0x000001822d530af4 to 0x000001822d531094
Event: 0.583 Thread 0x000001821ae04d60 Implicit null exception at 0x000001822d5302f0 to 0x000001822d530888
Event: 0.585 Thread 0x000001821ae04d60 Exception <a 'java/lang/NoSuchMethodError'{0x00000000ffbe4888}: 'void java.lang.invoke.DirectMethodHandle$Holder.invokeInterface(java.lang.Object, java.lang.Object, java.lang.Object)'> (0x00000000ffbe4888) 
thrown [s\open\src\hotspot\share\interpreter\linkResolver.cpp, line 796]

VM Operations (20 events):
Event: 0.367 Executing VM operation: HandshakeAllThreads (Deoptimize)
Event: 0.367 Executing VM operation: HandshakeAllThreads (Deoptimize) done
Event: 0.375 Executing VM operation: HandshakeAllThreads (Deoptimize)
Event: 0.375 Executing VM operation: HandshakeAllThreads (Deoptimize) done
Event: 0.422 Executing VM operation: HandshakeAllThreads (Deoptimize)
Event: 0.422 Executing VM operation: HandshakeAllThreads (Deoptimize) done
Event: 0.439 Executing VM operation: HandshakeAllThreads (Deoptimize)
Event: 0.439 Executing VM operation: HandshakeAllThreads (Deoptimize) done
Event: 0.521 Executing VM operation: G1CollectForAllocation (G1 Evacuation Pause)
Event: 0.524 Executing VM operation: G1CollectForAllocation (G1 Evacuation Pause) done
Event: 0.524 Executing VM operation: HandshakeAllThreads (Deoptimize)
Event: 0.524 Executing VM operation: HandshakeAllThreads (Deoptimize) done
Event: 0.556 Executing VM operation: HandshakeAllThreads (Deoptimize)
Event: 0.556 Executing VM operation: HandshakeAllThreads (Deoptimize) done
Event: 0.594 Executing VM operation: HandshakeAllThreads (Deoptimize)
Event: 0.594 Executing VM operation: HandshakeAllThreads (Deoptimize) done
Event: 0.821 Executing VM operation: HandshakeAllThreads (Deoptimize)
Event: 0.822 Executing VM operation: HandshakeAllThreads (Deoptimize) done
Event: 1.344 Executing VM operation: HandshakeAllThreads (Deoptimize)
Event: 1.344 Executing VM operation: HandshakeAllThreads (Deoptimize) done

Memory protections (0 events):
No events

Nmethod flushes (0 events):
No events

Events (20 events):
Event: 0.135 Thread 0x00000182383511b0 Thread added: 0x0000018238637420
Event: 0.136 Thread 0x00000182383511b0 Thread added: 0x0000018238637ae0
Event: 0.173 Thread 0x000001823826d720 Thread added: 0x000001827e077fe0
Event: 0.173 Thread 0x000001823826d720 Thread added: 0x000001827e1a32c0
Event: 0.183 Thread 0x000001827e077fe0 Thread added: 0x000001827e0f1ff0
Event: 0.183 Thread 0x000001827e077fe0 Thread added: 0x000001827e0f26b0
Event: 0.183 Thread 0x000001827e077fe0 Thread added: 0x000001827e4ee810
Event: 0.241 Thread 0x000001823826d720 Thread added: 0x000001827ebd5d00
Event: 0.334 Thread 0x000001827ebd5d00 Thread added: 0x000001827eca77d0
Event: 0.405 Thread 0x000001821ae04d60 Thread added: 0x0000018238250960
Event: 0.719 Thread 0x000001827e4ee810 Thread exited: 0x000001827e4ee810
Event: 0.719 Thread 0x000001827e0f26b0 Thread exited: 0x000001827e0f26b0
Event: 0.731 Thread 0x000001827e0f1ff0 Thread exited: 0x000001827e0f1ff0
Event: 0.731 Thread 0x000001827e1a32c0 Thread exited: 0x000001827e1a32c0
Event: 0.776 Thread 0x000001827e077fe0 Thread exited: 0x000001827e077fe0
Event: 0.799 Thread 0x0000018238637ae0 Thread exited: 0x0000018238637ae0
Event: 0.799 Thread 0x0000018238637420 Thread exited: 0x0000018238637420
Event: 2.820 Thread 0x000001827eca77d0 Thread exited: 0x000001827eca77d0
Event: 3.519 Thread 0x000001827ebd5d00 Thread exited: 0x000001827ebd5d00
Event: 6.720 Thread 0x00000182383511b0 Thread exited: 0x00000182383511b0


Dynamic libraries:
0x00007ff62e980000 - 0x00007ff62e990000 	C:\Program Files\Java\jdk-23\bin\java.exe
0x00007ffaea500000 - 0x00007ffaea763000 	C:\WINDOWS\SYSTEM32\ntdll.dll
0x00007ffae9d40000 - 0x00007ffae9e07000 	C:\WINDOWS\System32\KERNEL32.DLL
0x00007ffae7e40000 - 0x00007ffae8207000 	C:\WINDOWS\System32\KERNELBASE.dll
0x00007ffae7a20000 - 0x00007ffae7b6c000 	C:\WINDOWS\System32\ucrtbase.dll
0x00007ffad4b20000 - 0x00007ffad4b37000 	C:\Program Files\Java\jdk-23\bin\jli.dll
0x00007ffadf670000 - 0x00007ffadf68b000 	C:\Program Files\Java\jdk-23\bin\VCRUNTIME140.dll
0x00007ffaea060000 - 0x00007ffaea229000 	C:\WINDOWS\System32\USER32.dll
0x00007ffae7ca0000 - 0x00007ffae7cc7000 	C:\WINDOWS\System32\win32u.dll
0x00007ffae9f30000 - 0x00007ffae9f5a000 	C:\WINDOWS\System32\GDI32.dll
0x00007ffae8210000 - 0x00007ffae833b000 	C:\WINDOWS\System32\gdi32full.dll
0x00007ffaba570000 - 0x00007ffaba800000 	C:\WINDOWS\WinSxS\amd64_microsoft.windows.common-controls_6595b64144ccf1df_6.0.26100.3037_none_3e09262ce333c378\COMCTL32.dll
0x00007ffae7d90000 - 0x00007ffae7e33000 	C:\WINDOWS\System32\msvcp_win.dll
0x00007ffae9320000 - 0x00007ffae93c9000 	C:\WINDOWS\System32\msvcrt.dll
0x00007ffae8500000 - 0x00007ffae852f000 	C:\WINDOWS\System32\IMM32.DLL
0x00007ffae1330000 - 0x00007ffae133c000 	C:\Program Files\Java\jdk-23\bin\vcruntime140_1.dll
0x00007ffad4a60000 - 0x00007ffad4aee000 	C:\Program Files\Java\jdk-23\bin\msvcp140.dll
0x00007ffa81d60000 - 0x00007ffa82ab0000 	C:\Program Files\Java\jdk-23\bin\server\jvm.dll
0x00007ffae8430000 - 0x00007ffae84e4000 	C:\WINDOWS\System32\ADVAPI32.dll
0x00007ffaea390000 - 0x00007ffaea436000 	C:\WINDOWS\System32\sechost.dll
0x00007ffae9e10000 - 0x00007ffae9f26000 	C:\WINDOWS\System32\RPCRT4.dll
0x00007ffaea310000 - 0x00007ffaea384000 	C:\WINDOWS\System32\WS2_32.dll
0x00007ffae6860000 - 0x00007ffae68ae000 	C:\WINDOWS\SYSTEM32\POWRPROF.dll
0x00007ffadf720000 - 0x00007ffadf756000 	C:\WINDOWS\SYSTEM32\WINMM.dll
0x00007ffad3ee0000 - 0x00007ffad3eeb000 	C:\WINDOWS\SYSTEM32\VERSION.dll
0x00007ffae6840000 - 0x00007ffae6854000 	C:\WINDOWS\SYSTEM32\UMPDC.dll
0x00007ffae6720000 - 0x00007ffae673a000 	C:\WINDOWS\SYSTEM32\kernel.appcore.dll
0x00007ffadf660000 - 0x00007ffadf66a000 	C:\Program Files\Java\jdk-23\bin\jimage.dll
0x00007ffad8dc0000 - 0x00007ffad9001000 	C:\WINDOWS\SYSTEM32\DBGHELP.DLL
0x00007ffae8660000 - 0x00007ffae89de000 	C:\WINDOWS\System32\combase.dll
0x00007ffae9a90000 - 0x00007ffae9b66000 	C:\WINDOWS\System32\OLEAUT32.dll
0x00007ffacf470000 - 0x00007ffacf4a9000 	C:\WINDOWS\SYSTEM32\dbgcore.DLL
0x00007ffae7b70000 - 0x00007ffae7c09000 	C:\WINDOWS\System32\bcryptPrimitives.dll
0x00007ffad0600000 - 0x00007ffad061e000 	C:\Program Files\Java\jdk-23\bin\java.dll
0x00007ffae9ba0000 - 0x00007ffae9d35000 	C:\WINDOWS\System32\ole32.dll
0x00007ffae8c10000 - 0x00007ffae9314000 	C:\WINDOWS\System32\SHELL32.dll
0x00007ffae5580000 - 0x00007ffae5db7000 	C:\WINDOWS\SYSTEM32\windows.storage.dll
0x00007ffae8340000 - 0x00007ffae8429000 	C:\WINDOWS\System32\SHCORE.dll
0x00007ffae93d0000 - 0x00007ffae942d000 	C:\WINDOWS\System32\shlwapi.dll
0x00007ffae77b0000 - 0x00007ffae77de000 	C:\WINDOWS\SYSTEM32\profapi.dll
0x00007ffac0cd0000 - 0x00007ffac0da7000 	C:\Program Files\Java\jdk-23\bin\jsvml.dll
0x00007ffad1d80000 - 0x00007ffad1d90000 	C:\Program Files\Java\jdk-23\bin\net.dll
0x00007ffae6c90000 - 0x00007ffae6cfa000 	C:\WINDOWS\system32\mswsock.dll
0x00007ffad05e0000 - 0x00007ffad05f6000 	C:\Program Files\Java\jdk-23\bin\nio.dll
0x00007ffad05c0000 - 0x00007ffad05d7000 	C:\Program Files\Java\jdk-23\bin\zip.dll
0x00007ffad05b0000 - 0x00007ffad05c0000 	C:\Program Files\Java\jdk-23\bin\verify.dll
0x00007ffad05a0000 - 0x00007ffad05aa000 	C:\Program Files\Java\jdk-23\bin\management.dll
0x00007ffad0590000 - 0x00007ffad059b000 	C:\Program Files\Java\jdk-23\bin\management_ext.dll
0x00007ffae8540000 - 0x00007ffae8548000 	C:\WINDOWS\System32\PSAPI.DLL
0x00007ffac9550000 - 0x00007ffac9577000 	C:\Users\NAYIF\.gradle\native\1def1411415f61bf3af743bc5b6707747c0891f09f0c88961ee8f79bc544acac\windows-amd64\native-platform.dll
0x00007ffae2830000 - 0x00007ffae283a000 	C:\Users\NAYIF\.gradle\native\jansi\1.18\windows64\jansi.dll
0x00007ffae7040000 - 0x00007ffae705c000 	C:\WINDOWS\SYSTEM32\CRYPTSP.dll
0x00007ffae6660000 - 0x00007ffae6698000 	C:\WINDOWS\system32\rsaenh.dll
0x00007ffae6d30000 - 0x00007ffae6d5b000 	C:\WINDOWS\SYSTEM32\USERENV.dll
0x00007ffae71d0000 - 0x00007ffae71f6000 	C:\WINDOWS\SYSTEM32\bcrypt.dll
0x00007ffae6ec0000 - 0x00007ffae6ecc000 	C:\WINDOWS\SYSTEM32\CRYPTBASE.dll
0x00007ffae6100000 - 0x00007ffae6132000 	C:\WINDOWS\SYSTEM32\IPHLPAPI.DLL
0x00007ffae84f0000 - 0x00007ffae84fa000 	C:\WINDOWS\System32\NSI.dll
0x00007fface3f0000 - 0x00007fface3f9000 	C:\Program Files\Java\jdk-23\bin\extnet.dll
0x00007ffac9630000 - 0x00007ffac963e000 	C:\Program Files\Java\jdk-23\bin\sunmscapi.dll
0x00007ffae78a0000 - 0x00007ffae7a16000 	C:\WINDOWS\System32\CRYPT32.dll
0x00007ffae7190000 - 0x00007ffae71c0000 	C:\WINDOWS\SYSTEM32\ncrypt.dll
0x00007ffae7140000 - 0x00007ffae717f000 	C:\WINDOWS\SYSTEM32\NTASN1.dll
0x00007ffab5350000 - 0x00007ffab5358000 	C:\WINDOWS\system32\wshunix.dll

dbghelp: loaded successfully - version: 4.0.5 - missing functions: none
symbol engine: initialized successfully - sym options: 0x614 - pdb path: .;C:\Program Files\Java\jdk-23\bin;C:\WINDOWS\SYSTEM32;C:\WINDOWS\WinSxS\amd64_microsoft.windows.common-controls_6595b64144ccf1df_6.0.26100.3037_none_3e09262ce333c378;C:\Program Files\Java\jdk-23\bin\server;C:\Users\NAYIF\.gradle\native\1def1411415f61bf3af743bc5b6707747c0891f09f0c88961ee8f79bc544acac\windows-amd64;C:\Users\NAYIF\.gradle\native\jansi\1.18\windows64

VM Arguments:
jvm_args: -Xmx64m -Xms64m -Dorg.gradle.appname=gradlew 
java_command: org.gradle.wrapper.GradleWrapperMain app:installDebug -PreactNativeDevServerPort=8081
java_class_path (initial): F:\HuhU\android\\gradle\wrapper\gradle-wrapper.jar
Launcher Type: SUN_STANDARD

[Global flags]
     intx CICompilerCount                          = 12                                        {product} {ergonomic}
     uint ConcGCThreads                            = 3                                         {product} {ergonomic}
     uint G1ConcRefinementThreads                  = 13                                        {product} {ergonomic}
   size_t G1HeapRegionSize                         = 1048576                                   {product} {ergonomic}
   size_t InitialHeapSize                          = 67108864                                  {product} {command line}
   size_t MarkStackSize                            = 4194304                                   {product} {ergonomic}
   size_t MarkStackSizeMax                         = 536870912                                 {product} {ergonomic}
   size_t MaxHeapSize                              = 67108864                                  {product} {command line}
   size_t MaxNewSize                               = 39845888                                  {product} {ergonomic}
   size_t MinHeapDeltaBytes                        = 1048576                                   {product} {ergonomic}
   size_t MinHeapSize                              = 67108864                                  {product} {command line}
    uintx NonNMethodCodeHeapSize                   = 7602176                                {pd product} {ergonomic}
    uintx NonProfiledCodeHeapSize                  = 122093568                              {pd product} {ergonomic}
    uintx ProfiledCodeHeapSize                     = 121962496                              {pd product} {ergonomic}
    uintx ReservedCodeCacheSize                    = 251658240                              {pd product} {ergonomic}
     bool SegmentedCodeCache                       = true                                      {product} {ergonomic}
   size_t SoftMaxHeapSize                          = 67108864                               {manageable} {ergonomic}
     bool UseCompressedOops                        = true                           {product lp64_product} {ergonomic}
     bool UseG1GC                                  = true                                      {product} {ergonomic}
     bool UseLargePagesIndividualAllocation        = false                                  {pd product} {ergonomic}

Logging:
Log output configuration:
 #0: stdout all=warning uptime,level,tags foldmultilines=false
 #1: stderr all=off uptime,level,tags foldmultilines=false

Environment Variables:
JAVA_HOME=C:\Program Files\Java\jdk-23
CLASSPATH=F:\HuhU\android\\gradle\wrapper\gradle-wrapper.jar
PATH=F:\HuhU\node_modules\.bin;F:\HuhU\node_modules\.bin;F:\node_modules\.bin;C:\Users\NAYIF\AppData\Local\nvm\v22.13.0\node_modules\npm\node_modules\@npmcli\run-script\lib\node-gyp-bin;C:\Program Files\Common Files\Oracle\Java\javapath;C:\WINDOWS\system32;C:\WINDOWS;C:\WINDOWS\System32\Wbem;C:\WINDOWS\System32\WindowsPowerShell\v1.0\;C:\WINDOWS\System32\OpenSSH\;C:\Program Files\dotnet\;C:\Users\NAYIF\AppData\Local\nvm;C:\nvm4w\nodejs;C:\Program Files\nodejs\;C:\Program Files (x86)\Google\Cloud SDK\google-cloud-sdk\bin;C:\Program Files\Git\cmd;C:\flutter\flutter\bin;C:\Program Files (x86)\Windows Kits\10\Windows Performance Toolkit\;C:\nuget;C:\Program Files\Java\jdk-23\bin;C:\Program Files\MySQL\MySQL Server 8.0\bin;C:\Program Files\PostgreSQL\17\bin;C:\Program Files\Common Files\Oracle\Java\javapath;C:\WINDOWS\system32;C:\WINDOWS;C:\WINDOWS\System32\Wbem;C:\WINDOWS\System32\WindowsPowerShell\v1.0\;C:\WINDOWS\System32\OpenSSH\;C:\Program Files\dotnet\;C:\Users\NAYIF\AppData\Local\nvm;C:\nvm4w\nodejs;C:\Program Files\nodejs\;C:\Program Files\Docker\Docker\resources\bin;C:\Program Files (x86)\Google\Cloud SDK\google-cloud-sdk\bin;C:\Program Files\Git\cmd;C:\flutter\flutter\bin;C:\Program Files (x86)\Windows Kits\10\Windows Performance Toolkit\;C:\nuget;C:\Program Files\Java\jdk-23\bin;C:\Program Files\MySQL\MySQL Server 8.0\bin;C:\Users\NAYIF\AppData\Local\Programs\Python\Python313\Scripts\;C:\Users\NAYIF\AppData\Local\Programs\Python\Python313\;C:\Users\NAYIF\AppData\Local\Microsoft\WindowsApps;C:\Users\NAYIF\AppData\Local\nvm;C:\nvm4w\nodejs;C:\Users\NAYIF\AppData\Roaming\npm;C:\Users\NAYIF\AppData\Local\Programs\Microsoft VS Code Insiders\bin;C:\Users\NAYIF\AppData\Local\Android\Sdk\platform-tools;C:\Users\NAYIF\AppData\Local\Programs\cursor\resources\app\bin
USERNAME=NAYIF
LANG=en_US.UTF-8
OS=Windows_NT
PROCESSOR_IDENTIFIER=Intel64 Family 6 Model 151 Stepping 2, GenuineIntel
TMP=C:\Users\NAYIF\AppData\Local\Temp
TEMP=C:\Users\NAYIF\AppData\Local\Temp




Periodic native trim disabled

---------------  S Y S T E M  ---------------

OS:
 Windows 11 , 64 bit Build 26100 (10.0.26100.3037)
OS uptime: 0 days 3:08 hours
Hyper-V role detected

CPU: total 16 (initial active 16) (8 cores per cpu, 2 threads per core) family 6 model 151 stepping 2 microcode 0x28, cx8, cmov, fxsr, ht, mmx, 3dnowpref, sse, sse2, sse3, ssse3, sse4.1, sse4.2, popcnt, lzcnt, tsc, tscinvbit, avx, avx2, aes, erms, clmul, bmi1, bmi2, adx, sha, fma, vzeroupper, clflush, clflushopt, clwb, hv, serialize, rdtscp, rdpid, fsrm, gfni, f16c, cet_ibt, cet_ss
Processor Information for the first 16 processors :
  Max Mhz: 3700, Current Mhz: 3700, Mhz Limit: 3700

Memory: 4k page, system-wide physical 16165M (2869M free)
TotalPageFile size 16165M (AvailPageFile size 0M)
current process WorkingSet (physical memory assigned to process): 105M, peak: 112M
current process commit charge ("private bytes"): 183M, peak: 187M

vm_info: Java HotSpot(TM) 64-Bit Server VM (23.0.2+7-58) for windows-amd64 JRE (23.0.2+7-58), built on 2024-11-29T09:34:55Z with MS VC++ 17.6 (VS2022)

END.
